[2015-12-12 12:16:06][debug] begin notify
[2015-12-12 12:16:06][debug] call back:{"appid":"wx9bd85e016d66c1ea","attach":"\u5fae\u652f\u4ed8","bank_type":"CFT","cash_fee":"990","fee_type":"CNY","is_subscribe":"Y","mch_id":"1279292901","nonce_str":"skfwjxw00dg15ehruxlecyv5x43imnlm","openid":"oPfflwVO2Rb1REDnCjKG4yVCxaJE","out_trade_no":"127929290120151212121559","result_code":"SUCCESS","return_code":"SUCCESS","sign":"F1013F22E40979BCD4A0995212BD43FE","time_end":"20151212121605","total_fee":"990","trade_type":"JSAPI","transaction_id":"1009200707201512122036864130"}
[2015-12-12 12:16:07][debug] query:{"appid":"wx9bd85e016d66c1ea","attach":"\u5fae\u652f\u4ed8","bank_type":"CFT","cash_fee":"990","fee_type":"CNY","is_subscribe":"Y","mch_id":"1279292901","nonce_str":"dcrEIypvf9zRCWIh","openid":"oPfflwVO2Rb1REDnCjKG4yVCxaJE","out_trade_no":"127929290120151212121559","result_code":"SUCCESS","return_code":"SUCCESS","return_msg":"OK","sign":"6854B97CB215EAC8E7FE03FC8BC22FB7","time_end":"20151212121605","total_fee":"990","trade_state":"SUCCESS","trade_type":"JSAPI","transaction_id":"1009200707201512122036864130"}
[2015-12-12 12:16:07][debug] out_trade_no:127929290120151212121559
[2015-12-12 12:16:07][debug] query:{"appid":"wx9bd85e016d66c1ea","err_code":"TRANSACTION_ID_INVALID","err_code_des":"\u8ba2\u5355\u53f7\u975e\u6cd5","mch_id":"1279292901","nonce_str":"PWqNdPppi1cERnRc","result_code":"FAIL","return_code":"SUCCESS","return_msg":"OK","sign":"D82596907442AD74A562396BC3CBE834"}
[2015-12-12 16:53:28][debug] begin notify
[2015-12-12 16:53:28][debug] call back:{"appid":"wx9bd85e016d66c1ea","attach":"\u5fae\u652f\u4ed8","bank_type":"ABC_DEBIT","cash_fee":"990","fee_type":"CNY","is_subscribe":"Y","mch_id":"1279292901","nonce_str":"ibs54jj5qcd0ff42bkwauyqndjmvaw4m","openid":"oPfflwTCuLU4nZKN98OvagKRyGeM","out_trade_no":"127929290120151212165311","result_code":"SUCCESS","return_code":"SUCCESS","sign":"A5564A1FE04919C7CC77E6D65CCD84D1","time_end":"20151212165327","total_fee":"990","trade_type":"JSAPI","transaction_id":"1002850707201512122042904702"}
[2015-12-12 16:53:29][debug] query:{"appid":"wx9bd85e016d66c1ea","attach":"\u5fae\u652f\u4ed8","bank_type":"ABC_DEBIT","cash_fee":"990","fee_type":"CNY","is_subscribe":"Y","mch_id":"1279292901","nonce_str":"YWDLTNY5TP5G9pbE","openid":"oPfflwTCuLU4nZKN98OvagKRyGeM","out_trade_no":"127929290120151212165311","result_code":"SUCCESS","return_code":"SUCCESS","return_msg":"OK","sign":"4F205142367493855C84EE7F06DF7A2A","time_end":"20151212165326","total_fee":"990","trade_state":"SUCCESS","trade_type":"JSAPI","transaction_id":"1002850707201512122042904702"}
[2015-12-12 16:53:29][debug] out_trade_no:127929290120151212165311
[2015-12-12 16:53:29][debug] query:{"appid":"wx9bd85e016d66c1ea","err_code":"TRANSACTION_ID_INVALID","err_code_des":"\u8ba2\u5355\u53f7\u975e\u6cd5","mch_id":"1279292901","nonce_str":"0Y5PUmYkI331SFbg","result_code":"FAIL","return_code":"SUCCESS","return_msg":"OK","sign":"23287CE9D7430DA31876D2BF9AD1A562"}
[2015-12-12 20:29:57][debug] begin notify
[2015-12-12 20:29:57][debug] call back:{"appid":"wx9bd85e016d66c1ea","attach":"\u5fae\u652f\u4ed8","bank_type":"CFT","cash_fee":"990","fee_type":"CNY","is_subscribe":"Y","mch_id":"1279292901","nonce_str":"rhcz56sqk3xe8pfuduqd988zz30ot4mo","openid":"oPfflwQrxnQ9Pk0qrN659646yxoM","out_trade_no":"127929290120151212202947","result_code":"SUCCESS","return_code":"SUCCESS","sign":"74E04161BA0BEE4B9E8ACCAB1851A7F3","time_end":"20151212202955","total_fee":"990","trade_type":"JSAPI","transaction_id":"1008050707201512122048095001"}
[2015-12-12 20:29:58][debug] query:{"appid":"wx9bd85e016d66c1ea","attach":"\u5fae\u652f\u4ed8","bank_type":"CFT","cash_fee":"990","fee_type":"CNY","is_subscribe":"Y","mch_id":"1279292901","nonce_str":"h2ZpemBWh0weXaCz","openid":"oPfflwQrxnQ9Pk0qrN659646yxoM","out_trade_no":"127929290120151212202947","result_code":"SUCCESS","return_code":"SUCCESS","return_msg":"OK","sign":"C25E6BC0D838231D8EFB0A2C0C7A9ADB","time_end":"20151212202955","total_fee":"990","trade_state":"SUCCESS","trade_type":"JSAPI","transaction_id":"1008050707201512122048095001"}
[2015-12-12 20:29:58][debug] out_trade_no:127929290120151212202947
[2015-12-12 20:29:58][debug] query:{"appid":"wx9bd85e016d66c1ea","err_code":"TRANSACTION_ID_INVALID","err_code_des":"\u8ba2\u5355\u53f7\u975e\u6cd5","mch_id":"1279292901","nonce_str":"AAEcEzjtWmakf6Pf","result_code":"FAIL","return_code":"SUCCESS","return_msg":"OK","sign":"11CD638613152E2376DFC97FA229106C"}
[2015-12-12 20:30:09][debug] begin notify
[2015-12-12 20:30:09][debug] call back:{"appid":"wx9bd85e016d66c1ea","attach":"\u5fae\u652f\u4ed8","bank_type":"CFT","cash_fee":"990","fee_type":"CNY","is_subscribe":"Y","mch_id":"1279292901","nonce_str":"rhcz56sqk3xe8pfuduqd988zz30ot4mo","openid":"oPfflwQrxnQ9Pk0qrN659646yxoM","out_trade_no":"127929290120151212202947","result_code":"SUCCESS","return_code":"SUCCESS","sign":"74E04161BA0BEE4B9E8ACCAB1851A7F3","time_end":"20151212202955","total_fee":"990","trade_type":"JSAPI","transaction_id":"1008050707201512122048095001"}
[2015-12-12 20:30:27][debug] begin notify
[2015-12-12 20:30:27][debug] call back:{"appid":"wx9bd85e016d66c1ea","attach":"\u5fae\u652f\u4ed8","bank_type":"CFT","cash_fee":"990","fee_type":"CNY","is_subscribe":"Y","mch_id":"1279292901","nonce_str":"rhcz56sqk3xe8pfuduqd988zz30ot4mo","openid":"oPfflwQrxnQ9Pk0qrN659646yxoM","out_trade_no":"127929290120151212202947","result_code":"SUCCESS","return_code":"SUCCESS","sign":"74E04161BA0BEE4B9E8ACCAB1851A7F3","time_end":"20151212202955","total_fee":"990","trade_type":"JSAPI","transaction_id":"1008050707201512122048095001"}
[2015-12-12 20:31:00][debug] begin notify
[2015-12-12 20:31:00][debug] call back:{"appid":"wx9bd85e016d66c1ea","attach":"\u5fae\u652f\u4ed8","bank_type":"CFT","cash_fee":"990","fee_type":"CNY","is_subscribe":"Y","mch_id":"1279292901","nonce_str":"rhcz56sqk3xe8pfuduqd988zz30ot4mo","openid":"oPfflwQrxnQ9Pk0qrN659646yxoM","out_trade_no":"127929290120151212202947","result_code":"SUCCESS","return_code":"SUCCESS","sign":"74E04161BA0BEE4B9E8ACCAB1851A7F3","time_end":"20151212202955","total_fee":"990","trade_type":"JSAPI","transaction_id":"1008050707201512122048095001"}
[2015-12-12 20:34:03][debug] begin notify
[2015-12-12 20:34:03][debug] call back:{"appid":"wx9bd85e016d66c1ea","attach":"\u5fae\u652f\u4ed8","bank_type":"CFT","cash_fee":"990","fee_type":"CNY","is_subscribe":"Y","mch_id":"1279292901","nonce_str":"rhcz56sqk3xe8pfuduqd988zz30ot4mo","openid":"oPfflwQrxnQ9Pk0qrN659646yxoM","out_trade_no":"127929290120151212202947","result_code":"SUCCESS","return_code":"SUCCESS","sign":"74E04161BA0BEE4B9E8ACCAB1851A7F3","time_end":"20151212202955","total_fee":"990","trade_type":"JSAPI","transaction_id":"1008050707201512122048095001"}
[2015-12-12 21:04:04][debug] begin notify
[2015-12-12 21:04:04][debug] call back:{"appid":"wx9bd85e016d66c1ea","attach":"\u5fae\u652f\u4ed8","bank_type":"CFT","cash_fee":"990","fee_type":"CNY","is_subscribe":"Y","mch_id":"1279292901","nonce_str":"rhcz56sqk3xe8pfuduqd988zz30ot4mo","openid":"oPfflwQrxnQ9Pk0qrN659646yxoM","out_trade_no":"127929290120151212202947","result_code":"SUCCESS","return_code":"SUCCESS","sign":"74E04161BA0BEE4B9E8ACCAB1851A7F3","time_end":"20151212202955","total_fee":"990","trade_type":"JSAPI","transaction_id":"1008050707201512122048095001"}
[2015-12-12 21:04:16][debug] begin notify
[2015-12-12 21:04:16][debug] call back:{"appid":"wx9bd85e016d66c1ea","attach":"\u5fae\u652f\u4ed8","bank_type":"CFT","cash_fee":"990","fee_type":"CNY","is_subscribe":"Y","mch_id":"1279292901","nonce_str":"r7ywgm2ctksisspewlucwsqk3d4s5vnr","openid":"oPfflwbQnjpTLbPq2DRQsZEXsF1Y","out_trade_no":"127929290120151212210405","result_code":"SUCCESS","return_code":"SUCCESS","sign":"CA263C004B892E9A88B1D9080680954F","time_end":"20151212210416","total_fee":"990","trade_type":"JSAPI","transaction_id":"1010000707201512122048769847"}
[2015-12-12 21:04:18][debug] query:{"appid":"wx9bd85e016d66c1ea","attach":"\u5fae\u652f\u4ed8","bank_type":"CFT","cash_fee":"990","fee_type":"CNY","is_subscribe":"Y","mch_id":"1279292901","nonce_str":"30urSMgQVMIL8DuL","openid":"oPfflwbQnjpTLbPq2DRQsZEXsF1Y","out_trade_no":"127929290120151212210405","result_code":"SUCCESS","return_code":"SUCCESS","return_msg":"OK","sign":"DA1C17E727FD4937B2F447D5BBB0E336","time_end":"20151212210415","total_fee":"990","trade_state":"SUCCESS","trade_type":"JSAPI","transaction_id":"1010000707201512122048769847"}
[2015-12-12 21:04:18][debug] out_trade_no:127929290120151212210405
[2015-12-12 21:04:18][debug] query:{"appid":"wx9bd85e016d66c1ea","err_code":"TRANSACTION_ID_INVALID","err_code_des":"\u8ba2\u5355\u53f7\u975e\u6cd5","mch_id":"1279292901","nonce_str":"0vH9LxXdp3GPnoyT","result_code":"FAIL","return_code":"SUCCESS","return_msg":"OK","sign":"E0ED5F6256DB96F28DAFF2C7DEBFE796"}
[2015-12-12 22:34:18][debug] begin notify
[2015-12-12 22:34:18][debug] call back:{"appid":"wx9bd85e016d66c1ea","attach":"\u5fae\u652f\u4ed8","bank_type":"CFT","cash_fee":"990","fee_type":"CNY","is_subscribe":"Y","mch_id":"1279292901","nonce_str":"rhcz56sqk3xe8pfuduqd988zz30ot4mo","openid":"oPfflwQrxnQ9Pk0qrN659646yxoM","out_trade_no":"127929290120151212202947","result_code":"SUCCESS","return_code":"SUCCESS","sign":"74E04161BA0BEE4B9E8ACCAB1851A7F3","time_end":"20151212202955","total_fee":"990","trade_type":"JSAPI","transaction_id":"1008050707201512122048095001"}
[2015-12-12 23:01:45][debug] begin notify
[2015-12-12 23:01:45][debug] call back:{"appid":"wx9bd85e016d66c1ea","attach":"\u5fae\u652f\u4ed8","bank_type":"CMBC_DEBIT","cash_fee":"990","fee_type":"CNY","is_subscribe":"Y","mch_id":"1279292901","nonce_str":"kg0gap6ine5gqd5pt3hyd6nns7y59mx2","openid":"oPfflwcJS9fscw8S2Q8zZaTHv8so","out_trade_no":"127929290120151212230134","result_code":"SUCCESS","return_code":"SUCCESS","sign":"2BEF47D42F7945C82C49740E637A2011","time_end":"20151212230144","total_fee":"990","trade_type":"JSAPI","transaction_id":"1000290707201512122050748927"}
[2015-12-12 23:01:46][debug] query:{"appid":"wx9bd85e016d66c1ea","attach":"\u5fae\u652f\u4ed8","bank_type":"CMBC_DEBIT","cash_fee":"990","fee_type":"CNY","is_subscribe":"Y","mch_id":"1279292901","nonce_str":"IRqxnAt5l9D5N18b","openid":"oPfflwcJS9fscw8S2Q8zZaTHv8so","out_trade_no":"127929290120151212230134","result_code":"SUCCESS","return_code":"SUCCESS","return_msg":"OK","sign":"EF2CCB692C8AB3E66DA9719AFDB6E451","time_end":"20151212230142","total_fee":"990","trade_state":"SUCCESS","trade_type":"JSAPI","transaction_id":"1000290707201512122050748927"}
[2015-12-12 23:01:46][debug] out_trade_no:127929290120151212230134
[2015-12-12 23:01:46][debug] query:{"appid":"wx9bd85e016d66c1ea","err_code":"TRANSACTION_ID_INVALID","err_code_des":"\u8ba2\u5355\u53f7\u975e\u6cd5","mch_id":"1279292901","nonce_str":"p8n7pE3FBDhWRdgI","result_code":"FAIL","return_code":"SUCCESS","return_msg":"OK","sign":"0266443E9DF8E031BBD46D512BDED42F"}
[2015-12-12 23:01:58][debug] begin notify
[2015-12-12 23:01:58][debug] call back:{"appid":"wx9bd85e016d66c1ea","attach":"\u5fae\u652f\u4ed8","bank_type":"CMBC_DEBIT","cash_fee":"990","fee_type":"CNY","is_subscribe":"Y","mch_id":"1279292901","nonce_str":"kg0gap6ine5gqd5pt3hyd6nns7y59mx2","openid":"oPfflwcJS9fscw8S2Q8zZaTHv8so","out_trade_no":"127929290120151212230134","result_code":"SUCCESS","return_code":"SUCCESS","sign":"2BEF47D42F7945C82C49740E637A2011","time_end":"20151212230144","total_fee":"990","trade_type":"JSAPI","transaction_id":"1000290707201512122050748927"}
[2015-12-12 23:02:14][debug] begin notify
[2015-12-12 23:02:14][debug] call back:{"appid":"wx9bd85e016d66c1ea","attach":"\u5fae\u652f\u4ed8","bank_type":"CMBC_DEBIT","cash_fee":"990","fee_type":"CNY","is_subscribe":"Y","mch_id":"1279292901","nonce_str":"kg0gap6ine5gqd5pt3hyd6nns7y59mx2","openid":"oPfflwcJS9fscw8S2Q8zZaTHv8so","out_trade_no":"127929290120151212230134","result_code":"SUCCESS","return_code":"SUCCESS","sign":"2BEF47D42F7945C82C49740E637A2011","time_end":"20151212230144","total_fee":"990","trade_type":"JSAPI","transaction_id":"1000290707201512122050748927"}
[2015-12-12 23:02:46][debug] begin notify
[2015-12-12 23:02:46][debug] call back:{"appid":"wx9bd85e016d66c1ea","attach":"\u5fae\u652f\u4ed8","bank_type":"CMBC_DEBIT","cash_fee":"990","fee_type":"CNY","is_subscribe":"Y","mch_id":"1279292901","nonce_str":"kg0gap6ine5gqd5pt3hyd6nns7y59mx2","openid":"oPfflwcJS9fscw8S2Q8zZaTHv8so","out_trade_no":"127929290120151212230134","result_code":"SUCCESS","return_code":"SUCCESS","sign":"2BEF47D42F7945C82C49740E637A2011","time_end":"20151212230144","total_fee":"990","trade_type":"JSAPI","transaction_id":"1000290707201512122050748927"}
[2015-12-12 23:05:50][debug] begin notify
[2015-12-12 23:05:50][debug] call back:{"appid":"wx9bd85e016d66c1ea","attach":"\u5fae\u652f\u4ed8","bank_type":"CMBC_DEBIT","cash_fee":"990","fee_type":"CNY","is_subscribe":"Y","mch_id":"1279292901","nonce_str":"kg0gap6ine5gqd5pt3hyd6nns7y59mx2","openid":"oPfflwcJS9fscw8S2Q8zZaTHv8so","out_trade_no":"127929290120151212230134","result_code":"SUCCESS","return_code":"SUCCESS","sign":"2BEF47D42F7945C82C49740E637A2011","time_end":"20151212230144","total_fee":"990","trade_type":"JSAPI","transaction_id":"1000290707201512122050748927"}
[2015-12-12 23:16:50][debug] begin notify
[2015-12-12 23:16:50][debug] call back:{"appid":"wx9bd85e016d66c1ea","attach":"\u5fae\u652f\u4ed8","bank_type":"CMBC_DEBIT","cash_fee":"990","fee_type":"CNY","is_subscribe":"Y","mch_id":"1279292901","nonce_str":"yvw9e0rh5y05n9fhqgnawlk9vv3vg4xs","openid":"oPfflwUuQTL_yLrq4HuaP3DXBl_k","out_trade_no":"127929290120151212231607","result_code":"SUCCESS","return_code":"SUCCESS","sign":"1C2110B83B23D4F9356D237D90D07B41","time_end":"20151212231649","total_fee":"990","trade_type":"JSAPI","transaction_id":"1003410707201512122050968610"}
[2015-12-12 23:16:51][debug] query:{"appid":"wx9bd85e016d66c1ea","attach":"\u5fae\u652f\u4ed8","bank_type":"CMBC_DEBIT","cash_fee":"990","fee_type":"CNY","is_subscribe":"Y","mch_id":"1279292901","nonce_str":"J2v4stmmk5vxMhq8","openid":"oPfflwUuQTL_yLrq4HuaP3DXBl_k","out_trade_no":"127929290120151212231607","result_code":"SUCCESS","return_code":"SUCCESS","return_msg":"OK","sign":"DBAC076E4E7918F3669124B570501C2C","time_end":"20151212231648","total_fee":"990","trade_state":"SUCCESS","trade_type":"JSAPI","transaction_id":"1003410707201512122050968610"}
[2015-12-12 23:16:51][debug] out_trade_no:127929290120151212231607
[2015-12-12 23:16:51][debug] query:{"appid":"wx9bd85e016d66c1ea","err_code":"TRANSACTION_ID_INVALID","err_code_des":"\u8ba2\u5355\u53f7\u975e\u6cd5","mch_id":"1279292901","nonce_str":"LhMnxTdCS451Grr8","result_code":"FAIL","return_code":"SUCCESS","return_msg":"OK","sign":"66DE5AB74108495243157F5AC4E2F593"}
[2015-12-12 23:23:11][debug] begin notify
[2015-12-12 23:23:11][debug] call back:{"appid":"wx9bd85e016d66c1ea","attach":"\u5fae\u652f\u4ed8","bank_type":"ICBC_DEBIT","cash_fee":"990","fee_type":"CNY","is_subscribe":"Y","mch_id":"1279292901","nonce_str":"fgbb0ppbgb9297lkzlhcekhalhzt6qif","openid":"oPfflwWGum-0A2i2gpLYz-o6kBTU","out_trade_no":"127929290120151212232303","result_code":"SUCCESS","return_code":"SUCCESS","sign":"5404A7067EEADD9BACEAFA9495FFCE81","time_end":"20151212232310","total_fee":"990","trade_type":"JSAPI","transaction_id":"1001120707201512122051042090"}
[2015-12-12 23:23:12][debug] query:{"appid":"wx9bd85e016d66c1ea","attach":"\u5fae\u652f\u4ed8","bank_type":"ICBC_DEBIT","cash_fee":"990","fee_type":"CNY","is_subscribe":"Y","mch_id":"1279292901","nonce_str":"lC6AdxmSNeBBHbLS","openid":"oPfflwWGum-0A2i2gpLYz-o6kBTU","out_trade_no":"127929290120151212232303","result_code":"SUCCESS","return_code":"SUCCESS","return_msg":"OK","sign":"99DBEF5A4A3450B745070771F8C9DC0D","time_end":"20151212232309","total_fee":"990","trade_state":"SUCCESS","trade_type":"JSAPI","transaction_id":"1001120707201512122051042090"}
[2015-12-12 23:23:12][debug] out_trade_no:127929290120151212232303
[2015-12-12 23:23:13][debug] query:{"appid":"wx9bd85e016d66c1ea","err_code":"TRANSACTION_ID_INVALID","err_code_des":"\u8ba2\u5355\u53f7\u975e\u6cd5","mch_id":"1279292901","nonce_str":"YY2itoPOAcJ2kHYH","result_code":"FAIL","return_code":"SUCCESS","return_msg":"OK","sign":"D9AF8F204406616FE83BA6875FDCCC6C"}
[2015-12-12 23:23:28][debug] begin notify
[2015-12-12 23:23:28][debug] call back:{"appid":"wx9bd85e016d66c1ea","attach":"\u5fae\u652f\u4ed8","bank_type":"ICBC_DEBIT","cash_fee":"990","fee_type":"CNY","is_subscribe":"Y","mch_id":"1279292901","nonce_str":"fgbb0ppbgb9297lkzlhcekhalhzt6qif","openid":"oPfflwWGum-0A2i2gpLYz-o6kBTU","out_trade_no":"127929290120151212232303","result_code":"SUCCESS","return_code":"SUCCESS","sign":"5404A7067EEADD9BACEAFA9495FFCE81","time_end":"20151212232310","total_fee":"990","trade_type":"JSAPI","transaction_id":"1001120707201512122051042090"}
[2015-12-12 23:23:46][debug] begin notify
[2015-12-12 23:23:46][debug] call back:{"appid":"wx9bd85e016d66c1ea","attach":"\u5fae\u652f\u4ed8","bank_type":"ICBC_DEBIT","cash_fee":"990","fee_type":"CNY","is_subscribe":"Y","mch_id":"1279292901","nonce_str":"fgbb0ppbgb9297lkzlhcekhalhzt6qif","openid":"oPfflwWGum-0A2i2gpLYz-o6kBTU","out_trade_no":"127929290120151212232303","result_code":"SUCCESS","return_code":"SUCCESS","sign":"5404A7067EEADD9BACEAFA9495FFCE81","time_end":"20151212232310","total_fee":"990","trade_type":"JSAPI","transaction_id":"1001120707201512122051042090"}
[2015-12-12 23:23:53][debug] begin notify
[2015-12-12 23:23:53][debug] call back:{"appid":"wx9bd85e016d66c1ea","attach":"\u5fae\u652f\u4ed8","bank_type":"CFT","cash_fee":"990","fee_type":"CNY","is_subscribe":"Y","mch_id":"1279292901","nonce_str":"z9amgt5ybxcrnkjayi4tq0rrz9k3ht68","openid":"oPfflwfrM9Idd5GqzujLZsHOgb-8","out_trade_no":"127929290120151212232338","result_code":"SUCCESS","return_code":"SUCCESS","sign":"3F811656D85C59EDEBFE2E654D3238BE","time_end":"20151212232353","total_fee":"990","trade_type":"JSAPI","transaction_id":"1008320707201512122051058011"}
[2015-12-12 23:23:54][debug] query:{"appid":"wx9bd85e016d66c1ea","attach":"\u5fae\u652f\u4ed8","bank_type":"CFT","cash_fee":"990","fee_type":"CNY","is_subscribe":"Y","mch_id":"1279292901","nonce_str":"MOv0dpxsoDwv4mwB","openid":"oPfflwfrM9Idd5GqzujLZsHOgb-8","out_trade_no":"127929290120151212232338","result_code":"SUCCESS","return_code":"SUCCESS","return_msg":"OK","sign":"3F7F72A75961BBEF9784C1E62B5D1455","time_end":"20151212232352","total_fee":"990","trade_state":"SUCCESS","trade_type":"JSAPI","transaction_id":"1008320707201512122051058011"}
[2015-12-12 23:23:54][debug] out_trade_no:127929290120151212232338
[2015-12-12 23:23:55][debug] query:{"appid":"wx9bd85e016d66c1ea","err_code":"TRANSACTION_ID_INVALID","err_code_des":"\u8ba2\u5355\u53f7\u975e\u6cd5","mch_id":"1279292901","nonce_str":"rV6yc1oxYZE6VRYL","result_code":"FAIL","return_code":"SUCCESS","return_msg":"OK","sign":"CEEF0EABAFE28470FD9193DC098607C6"}
[2015-12-12 23:24:19][debug] begin notify
[2015-12-12 23:24:19][debug] call back:{"appid":"wx9bd85e016d66c1ea","attach":"\u5fae\u652f\u4ed8","bank_type":"ICBC_DEBIT","cash_fee":"990","fee_type":"CNY","is_subscribe":"Y","mch_id":"1279292901","nonce_str":"fgbb0ppbgb9297lkzlhcekhalhzt6qif","openid":"oPfflwWGum-0A2i2gpLYz-o6kBTU","out_trade_no":"127929290120151212232303","result_code":"SUCCESS","return_code":"SUCCESS","sign":"5404A7067EEADD9BACEAFA9495FFCE81","time_end":"20151212232310","total_fee":"990","trade_type":"JSAPI","transaction_id":"1001120707201512122051042090"}
[2015-12-12 23:27:21][debug] begin notify
[2015-12-12 23:27:21][debug] call back:{"appid":"wx9bd85e016d66c1ea","attach":"\u5fae\u652f\u4ed8","bank_type":"ICBC_DEBIT","cash_fee":"990","fee_type":"CNY","is_subscribe":"Y","mch_id":"1279292901","nonce_str":"fgbb0ppbgb9297lkzlhcekhalhzt6qif","openid":"oPfflwWGum-0A2i2gpLYz-o6kBTU","out_trade_no":"127929290120151212232303","result_code":"SUCCESS","return_code":"SUCCESS","sign":"5404A7067EEADD9BACEAFA9495FFCE81","time_end":"20151212232310","total_fee":"990","trade_type":"JSAPI","transaction_id":"1001120707201512122051042090"}
[2015-12-12 23:27:38][debug] begin notify
[2015-12-12 23:27:38][debug] call back:{"appid":"wx9bd85e016d66c1ea","attach":"\u5fae\u652f\u4ed8","bank_type":"CFT","cash_fee":"990","fee_type":"CNY","is_subscribe":"Y","mch_id":"1279292901","nonce_str":"g6s1lo3d4jwrti9hunswo5scvcnvsz1q","openid":"oPfflwStqkiMyPgs_wbds-6BzWZg","out_trade_no":"127929290120151212232728","result_code":"SUCCESS","return_code":"SUCCESS","sign":"BC52F1DD0261D5F2D177974EC1D7E9F8","time_end":"20151212232736","total_fee":"990","trade_type":"JSAPI","transaction_id":"1005500707201512122051101494"}
[2015-12-12 23:27:39][debug] query:{"appid":"wx9bd85e016d66c1ea","attach":"\u5fae\u652f\u4ed8","bank_type":"CFT","cash_fee":"990","fee_type":"CNY","is_subscribe":"Y","mch_id":"1279292901","nonce_str":"BfCIoibUmlKATbRF","openid":"oPfflwStqkiMyPgs_wbds-6BzWZg","out_trade_no":"127929290120151212232728","result_code":"SUCCESS","return_code":"SUCCESS","return_msg":"OK","sign":"6D54BECCDC235C018FF2F44202A9CF53","time_end":"20151212232736","total_fee":"990","trade_state":"SUCCESS","trade_type":"JSAPI","transaction_id":"1005500707201512122051101494"}
[2015-12-12 23:27:39][debug] out_trade_no:127929290120151212232728
[2015-12-12 23:27:39][debug] query:{"appid":"wx9bd85e016d66c1ea","err_code":"TRANSACTION_ID_INVALID","err_code_des":"\u8ba2\u5355\u53f7\u975e\u6cd5","mch_id":"1279292901","nonce_str":"kbkcQuH8j0l9MVMC","result_code":"FAIL","return_code":"SUCCESS","return_msg":"OK","sign":"E4850E3B9D23D9997AD1B54B2245DFEE"}
[2015-12-12 23:30:43][debug] begin notify
[2015-12-12 23:30:43][debug] call back:{"appid":"wx9bd85e016d66c1ea","attach":"\u5fae\u652f\u4ed8","bank_type":"CFT","cash_fee":"990","fee_type":"CNY","is_subscribe":"Y","mch_id":"1279292901","nonce_str":"36efmxm5v4ib8lrbmnwrmgnzyk5vrxeg","openid":"oPfflwV_3a3iVYnHRAIYKVNrqSnI","out_trade_no":"127929290120151212233037","result_code":"SUCCESS","return_code":"SUCCESS","sign":"654EEBF80F936F63785798F801A71E75","time_end":"20151212233043","total_fee":"990","trade_type":"JSAPI","transaction_id":"1008270707201512122051124980"}
[2015-12-12 23:30:44][debug] query:{"appid":"wx9bd85e016d66c1ea","attach":"\u5fae\u652f\u4ed8","bank_type":"CFT","cash_fee":"990","fee_type":"CNY","is_subscribe":"Y","mch_id":"1279292901","nonce_str":"XsflimH05vfACHnl","openid":"oPfflwV_3a3iVYnHRAIYKVNrqSnI","out_trade_no":"127929290120151212233037","result_code":"SUCCESS","return_code":"SUCCESS","return_msg":"OK","sign":"595151A52AA8A21EE24AA964604AB195","time_end":"20151212233042","total_fee":"990","trade_state":"SUCCESS","trade_type":"JSAPI","transaction_id":"1008270707201512122051124980"}
[2015-12-12 23:30:44][debug] out_trade_no:127929290120151212233037
[2015-12-12 23:30:44][debug] query:{"appid":"wx9bd85e016d66c1ea","err_code":"TRANSACTION_ID_INVALID","err_code_des":"\u8ba2\u5355\u53f7\u975e\u6cd5","mch_id":"1279292901","nonce_str":"aX0oOg2zhiACJ1u1","result_code":"FAIL","return_code":"SUCCESS","return_msg":"OK","sign":"4964AA82C2A3154F4C968A74436070EC"}
[2015-12-12 23:31:57][debug] begin notify
[2015-12-12 23:31:57][debug] call back:{"appid":"wx9bd85e016d66c1ea","attach":"\u5fae\u652f\u4ed8","bank_type":"CFT","cash_fee":"990","fee_type":"CNY","is_subscribe":"Y","mch_id":"1279292901","nonce_str":"12ws9n0z8t8ors74ky1iva19akjj8bsy","openid":"oPfflwRQaPICBocwaW16sRiJ5xpI","out_trade_no":"127929290120151212233148","result_code":"SUCCESS","return_code":"SUCCESS","sign":"E742E9E2839F9ED7936A83E84617F683","time_end":"20151212233156","total_fee":"990","trade_type":"JSAPI","transaction_id":"1001500707201512122051152864"}
[2015-12-12 23:31:58][debug] query:{"appid":"wx9bd85e016d66c1ea","attach":"\u5fae\u652f\u4ed8","bank_type":"CFT","cash_fee":"990","fee_type":"CNY","is_subscribe":"Y","mch_id":"1279292901","nonce_str":"Ynb6yynXFsRnJe3p","openid":"oPfflwRQaPICBocwaW16sRiJ5xpI","out_trade_no":"127929290120151212233148","result_code":"SUCCESS","return_code":"SUCCESS","return_msg":"OK","sign":"C84F11F86B03649BC4C4C646B3AF1D36","time_end":"20151212233156","total_fee":"990","trade_state":"SUCCESS","trade_type":"JSAPI","transaction_id":"1001500707201512122051152864"}
[2015-12-12 23:31:58][debug] out_trade_no:127929290120151212233148
[2015-12-12 23:31:58][debug] query:{"appid":"wx9bd85e016d66c1ea","err_code":"TRANSACTION_ID_INVALID","err_code_des":"\u8ba2\u5355\u53f7\u975e\u6cd5","mch_id":"1279292901","nonce_str":"xUKCjyvW9sOL1yQW","result_code":"FAIL","return_code":"SUCCESS","return_msg":"OK","sign":"64321E85062E238A9004BF7CF839F8D4"}
[2015-12-12 23:34:21][debug] begin notify
[2015-12-12 23:34:21][debug] call back:{"appid":"wx9bd85e016d66c1ea","attach":"\u5fae\u652f\u4ed8","bank_type":"CFT","cash_fee":"990","fee_type":"CNY","is_subscribe":"Y","mch_id":"1279292901","nonce_str":"rhcz56sqk3xe8pfuduqd988zz30ot4mo","openid":"oPfflwQrxnQ9Pk0qrN659646yxoM","out_trade_no":"127929290120151212202947","result_code":"SUCCESS","return_code":"SUCCESS","sign":"74E04161BA0BEE4B9E8ACCAB1851A7F3","time_end":"20151212202955","total_fee":"990","trade_type":"JSAPI","transaction_id":"1008050707201512122048095001"}
[2015-12-12 23:35:52][debug] begin notify
[2015-12-12 23:35:52][debug] call back:{"appid":"wx9bd85e016d66c1ea","attach":"\u5fae\u652f\u4ed8","bank_type":"CMBC_DEBIT","cash_fee":"990","fee_type":"CNY","is_subscribe":"Y","mch_id":"1279292901","nonce_str":"kg0gap6ine5gqd5pt3hyd6nns7y59mx2","openid":"oPfflwcJS9fscw8S2Q8zZaTHv8so","out_trade_no":"127929290120151212230134","result_code":"SUCCESS","return_code":"SUCCESS","sign":"2BEF47D42F7945C82C49740E637A2011","time_end":"20151212230144","total_fee":"990","trade_type":"JSAPI","transaction_id":"1000290707201512122050748927"}
[2015-12-12 23:51:35][debug] begin notify
[2015-12-12 23:51:35][debug] call back:{"appid":"wx9bd85e016d66c1ea","attach":"\u5fae\u652f\u4ed8","bank_type":"CFT","cash_fee":"990","fee_type":"CNY","is_subscribe":"Y","mch_id":"1279292901","nonce_str":"1mkrekmoqv9603r1gyjt257bonnw54ox","openid":"oPfflweq5gZkf5ScTwe3I_k3Og1E","out_trade_no":"127929290120151212235122","result_code":"SUCCESS","return_code":"SUCCESS","sign":"562C2729A790F5235DBEFC5DDDE8156E","time_end":"20151212235135","total_fee":"990","trade_type":"JSAPI","transaction_id":"1007560707201512122051381702"}
[2015-12-12 23:51:37][debug] query:{"appid":"wx9bd85e016d66c1ea","attach":"\u5fae\u652f\u4ed8","bank_type":"CFT","cash_fee":"990","fee_type":"CNY","is_subscribe":"Y","mch_id":"1279292901","nonce_str":"jyjJtpiJv1TtQMFP","openid":"oPfflweq5gZkf5ScTwe3I_k3Og1E","out_trade_no":"127929290120151212235122","result_code":"SUCCESS","return_code":"SUCCESS","return_msg":"OK","sign":"7AE57EF4A54730B8B5096CDDDE4F9CEE","time_end":"20151212235134","total_fee":"990","trade_state":"SUCCESS","trade_type":"JSAPI","transaction_id":"1007560707201512122051381702"}
[2015-12-12 23:51:37][debug] out_trade_no:127929290120151212235122
[2015-12-12 23:51:37][debug] query:{"appid":"wx9bd85e016d66c1ea","err_code":"TRANSACTION_ID_INVALID","err_code_des":"\u8ba2\u5355\u53f7\u975e\u6cd5","mch_id":"1279292901","nonce_str":"HQfOp9PYnGlmOvQ9","result_code":"FAIL","return_code":"SUCCESS","return_msg":"OK","sign":"5FCC8BCD9909ADF799CADB3DC621A083"}
[2015-12-12 23:56:56][debug] begin notify
[2015-12-12 23:56:56][debug] call back:{"appid":"wx9bd85e016d66c1ea","attach":"\u5fae\u652f\u4ed8","bank_type":"CFT","cash_fee":"990","fee_type":"CNY","is_subscribe":"Y","mch_id":"1279292901","nonce_str":"jc2v5c22ix5ko9hsmxeu9b4yf7onsjoh","openid":"oPfflwVpxatiRBw6T21-m3YXM0Yg","out_trade_no":"127929290120151212235648","result_code":"SUCCESS","return_code":"SUCCESS","sign":"38510AECDEB752A0B9E2B20710B6CB3E","time_end":"20151212235656","total_fee":"990","trade_type":"JSAPI","transaction_id":"1009520707201512122051449809"}
[2015-12-12 23:56:58][debug] query:{"appid":"wx9bd85e016d66c1ea","attach":"\u5fae\u652f\u4ed8","bank_type":"CFT","cash_fee":"990","fee_type":"CNY","is_subscribe":"Y","mch_id":"1279292901","nonce_str":"S7r9UyAqoO1x7mQM","openid":"oPfflwVpxatiRBw6T21-m3YXM0Yg","out_trade_no":"127929290120151212235648","result_code":"SUCCESS","return_code":"SUCCESS","return_msg":"OK","sign":"D8E625397D90F4F0E0785AFA11A4CD01","time_end":"20151212235656","total_fee":"990","trade_state":"SUCCESS","trade_type":"JSAPI","transaction_id":"1009520707201512122051449809"}
[2015-12-12 23:56:58][debug] out_trade_no:127929290120151212235648
[2015-12-12 23:56:58][debug] query:{"appid":"wx9bd85e016d66c1ea","err_code":"TRANSACTION_ID_INVALID","err_code_des":"\u8ba2\u5355\u53f7\u975e\u6cd5","mch_id":"1279292901","nonce_str":"fzJTB1d5Vgz0lovq","result_code":"FAIL","return_code":"SUCCESS","return_msg":"OK","sign":"FFCB0F4B6A67824BA064A0D5C704958A"}
[2015-12-12 23:57:23][debug] begin notify
[2015-12-12 23:57:23][debug] call back:{"appid":"wx9bd85e016d66c1ea","attach":"\u5fae\u652f\u4ed8","bank_type":"ICBC_DEBIT","cash_fee":"990","fee_type":"CNY","is_subscribe":"Y","mch_id":"1279292901","nonce_str":"fgbb0ppbgb9297lkzlhcekhalhzt6qif","openid":"oPfflwWGum-0A2i2gpLYz-o6kBTU","out_trade_no":"127929290120151212232303","result_code":"SUCCESS","return_code":"SUCCESS","sign":"5404A7067EEADD9BACEAFA9495FFCE81","time_end":"20151212232310","total_fee":"990","trade_type":"JSAPI","transaction_id":"1001120707201512122051042090"}
