[2015-12-14 01:49:12][debug] begin notify
[2015-12-14 01:49:12][debug] call back:{"appid":"wx9bd85e016d66c1ea","attach":"\u5fae\u652f\u4ed8","bank_type":"CMB_DEBIT","cash_fee":"990","fee_type":"CNY","is_subscribe":"Y","mch_id":"1279292901","nonce_str":"zbxmlhy6yur8qvakbbzpwjpa9tymn3s5","openid":"oPfflwVD9cEmoaW2fQdAxkhbRZgw","out_trade_no":"127929290120151214014857","result_code":"SUCCESS","return_code":"SUCCESS","sign":"848E9E0245179D01F26E4B6BEB29C799","time_end":"20151214014911","total_fee":"990","trade_type":"JSAPI","transaction_id":"1007510707201512142071072547"}
[2015-12-14 01:49:13][debug] query:{"appid":"wx9bd85e016d66c1ea","attach":"\u5fae\u652f\u4ed8","bank_type":"CMB_DEBIT","cash_fee":"990","fee_type":"CNY","is_subscribe":"Y","mch_id":"1279292901","nonce_str":"4LslV5cpQlsMWZL0","openid":"oPfflwVD9cEmoaW2fQdAxkhbRZgw","out_trade_no":"127929290120151214014857","result_code":"SUCCESS","return_code":"SUCCESS","return_msg":"OK","sign":"F8B67EAA1307484AC8436422009D3759","time_end":"20151214014910","total_fee":"990","trade_state":"SUCCESS","trade_type":"JSAPI","transaction_id":"1007510707201512142071072547"}
[2015-12-14 01:49:13][debug] out_trade_no:127929290120151214014857
[2015-12-14 01:49:13][debug] query:{"appid":"wx9bd85e016d66c1ea","err_code":"TRANSACTION_ID_INVALID","err_code_des":"\u8ba2\u5355\u53f7\u975e\u6cd5","mch_id":"1279292901","nonce_str":"oLfz9HKi1555X04i","result_code":"FAIL","return_code":"SUCCESS","return_msg":"OK","sign":"E18046DC66D27C230918A56BA9A1B076"}
[2015-12-14 13:47:57][debug] begin notify
[2015-12-14 13:47:57][debug] call back:{"appid":"wx9bd85e016d66c1ea","attach":"\u5fae\u652f\u4ed8","bank_type":"CFT","cash_fee":"990","fee_type":"CNY","is_subscribe":"Y","mch_id":"1279292901","nonce_str":"kwwhgzqy108ozcc3jr1zdu7vxxyctsgo","openid":"oPfflwUaV9BfUYjH3XuoMj0XwZZc","out_trade_no":"127929290120151214134741","result_code":"SUCCESS","return_code":"SUCCESS","sign":"5C558340AB4DC72A8027AF5AE709F37C","time_end":"20151214134756","total_fee":"990","trade_type":"JSAPI","transaction_id":"1006990707201512142078189340"}
[2015-12-14 13:47:58][debug] query:{"appid":"wx9bd85e016d66c1ea","attach":"\u5fae\u652f\u4ed8","bank_type":"CFT","cash_fee":"990","fee_type":"CNY","is_subscribe":"Y","mch_id":"1279292901","nonce_str":"RSJhKPQSSiKQC61S","openid":"oPfflwUaV9BfUYjH3XuoMj0XwZZc","out_trade_no":"127929290120151214134741","result_code":"SUCCESS","return_code":"SUCCESS","return_msg":"OK","sign":"4995EC2DA21EC01F470683594D420662","time_end":"20151214134756","total_fee":"990","trade_state":"SUCCESS","trade_type":"JSAPI","transaction_id":"1006990707201512142078189340"}
[2015-12-14 13:47:58][debug] out_trade_no:127929290120151214134741
[2015-12-14 13:47:58][debug] query:{"appid":"wx9bd85e016d66c1ea","err_code":"TRANSACTION_ID_INVALID","err_code_des":"\u8ba2\u5355\u53f7\u975e\u6cd5","mch_id":"1279292901","nonce_str":"euImsWz2kVqh26HO","result_code":"FAIL","return_code":"SUCCESS","return_msg":"OK","sign":"7CB0421BA2109EE661D3DE73983EFF2A"}
[2015-12-14 18:31:02][debug] begin notify
[2015-12-14 18:31:02][debug] call back:{"appid":"wx9bd85e016d66c1ea","attach":"\u5fae\u652f\u4ed8","bank_type":"CFT","cash_fee":"990","fee_type":"CNY","is_subscribe":"Y","mch_id":"1279292901","nonce_str":"yrsntqw3n24elyq25j12pg83nt8zu87x","openid":"oPfflwZs2b_lWkGmqNy5a-4an4u4","out_trade_no":"127929290120151214183054","result_code":"SUCCESS","return_code":"SUCCESS","sign":"78DD7D0F730B8C16E27DFB02D51CA603","time_end":"20151214183102","total_fee":"990","trade_type":"JSAPI","transaction_id":"1006750707201512142083359345"}
[2015-12-14 18:31:04][debug] query:{"appid":"wx9bd85e016d66c1ea","attach":"\u5fae\u652f\u4ed8","bank_type":"CFT","cash_fee":"990","fee_type":"CNY","is_subscribe":"Y","mch_id":"1279292901","nonce_str":"735xpfFQZoW1y6EB","openid":"oPfflwZs2b_lWkGmqNy5a-4an4u4","out_trade_no":"127929290120151214183054","result_code":"SUCCESS","return_code":"SUCCESS","return_msg":"OK","sign":"7B83431D17F5DC13DAECB70106E6DEFD","time_end":"20151214183101","total_fee":"990","trade_state":"SUCCESS","trade_type":"JSAPI","transaction_id":"1006750707201512142083359345"}
[2015-12-14 18:31:04][debug] out_trade_no:127929290120151214183054
[2015-12-14 18:31:04][debug] query:{"appid":"wx9bd85e016d66c1ea","err_code":"TRANSACTION_ID_INVALID","err_code_des":"\u8ba2\u5355\u53f7\u975e\u6cd5","mch_id":"1279292901","nonce_str":"dcUFq9XhIQ1W0HRv","result_code":"FAIL","return_code":"SUCCESS","return_msg":"OK","sign":"EE16B22D27F762C73A1B349363D34555"}
[2015-12-14 21:53:59][debug] begin notify
[2015-12-14 21:53:59][debug] call back:{"appid":"wx9bd85e016d66c1ea","attach":"\u5fae\u652f\u4ed8","bank_type":"CFT","cash_fee":"990","fee_type":"CNY","is_subscribe":"Y","mch_id":"1279292901","nonce_str":"wzcolim5vdsdpp35f8yprm1itruy2ffb","openid":"oPfflwXAXMIhdeOMLT-94ohdz2bI","out_trade_no":"127929290120151214215338","result_code":"SUCCESS","return_code":"SUCCESS","sign":"2D7C71196762B9087923D7262EDAE8DF","time_end":"20151214215358","total_fee":"990","trade_type":"JSAPI","transaction_id":"1007530707201512142087224937"}
[2015-12-14 21:54:00][debug] query:{"appid":"wx9bd85e016d66c1ea","attach":"\u5fae\u652f\u4ed8","bank_type":"CFT","cash_fee":"990","fee_type":"CNY","is_subscribe":"Y","mch_id":"1279292901","nonce_str":"3IMTbbS1eOxb4Ytl","openid":"oPfflwXAXMIhdeOMLT-94ohdz2bI","out_trade_no":"127929290120151214215338","result_code":"SUCCESS","return_code":"SUCCESS","return_msg":"OK","sign":"FABF70B0565A0B4B181D8733F11235E4","time_end":"20151214215357","total_fee":"990","trade_state":"SUCCESS","trade_type":"JSAPI","transaction_id":"1007530707201512142087224937"}
[2015-12-14 21:54:00][debug] out_trade_no:127929290120151214215338
[2015-12-14 21:54:00][debug] query:{"appid":"wx9bd85e016d66c1ea","err_code":"TRANSACTION_ID_INVALID","err_code_des":"\u8ba2\u5355\u53f7\u975e\u6cd5","mch_id":"1279292901","nonce_str":"dGf6RRFg3d6tH8Sk","result_code":"FAIL","return_code":"SUCCESS","return_msg":"OK","sign":"74285FD25BDAEDA481CF01C0EA8D4D0B"}
[2015-12-14 23:15:16][debug] begin notify
[2015-12-14 23:15:16][debug] call back:{"appid":"wx9bd85e016d66c1ea","attach":"\u5fae\u652f\u4ed8","bank_type":"CFT","cash_fee":"990","fee_type":"CNY","is_subscribe":"Y","mch_id":"1279292901","nonce_str":"hlvsfqgqaljmkks4896ur9jogucr49jx","openid":"oPfflwdxv-j4_vgIpQuy9bcj-LZg","out_trade_no":"127929290120151214231504","result_code":"SUCCESS","return_code":"SUCCESS","sign":"7CBE6C163E4F39CB8267C32BBA4CDA8D","time_end":"20151214231516","total_fee":"990","trade_type":"JSAPI","transaction_id":"1008020707201512142088281784"}
[2015-12-14 23:15:18][debug] query:{"appid":"wx9bd85e016d66c1ea","attach":"\u5fae\u652f\u4ed8","bank_type":"CFT","cash_fee":"990","fee_type":"CNY","is_subscribe":"Y","mch_id":"1279292901","nonce_str":"ZUyVoFhl9DqT8Ir8","openid":"oPfflwdxv-j4_vgIpQuy9bcj-LZg","out_trade_no":"127929290120151214231504","result_code":"SUCCESS","return_code":"SUCCESS","return_msg":"OK","sign":"EAF419B662B4FFDA1EA297AFA8C912B8","time_end":"20151214231515","total_fee":"990","trade_state":"SUCCESS","trade_type":"JSAPI","transaction_id":"1008020707201512142088281784"}
[2015-12-14 23:15:18][debug] out_trade_no:127929290120151214231504
[2015-12-14 23:15:18][debug] query:{"appid":"wx9bd85e016d66c1ea","err_code":"TRANSACTION_ID_INVALID","err_code_des":"\u8ba2\u5355\u53f7\u975e\u6cd5","mch_id":"1279292901","nonce_str":"YsIf6uKLTAXQM82R","result_code":"FAIL","return_code":"SUCCESS","return_msg":"OK","sign":"F155BE9D84425A0FE94547E8A1566115"}
