[2015-12-11 14:37:13][debug] begin notify
[2015-12-11 14:37:13][debug] call back:{"appid":"wx9bd85e016d66c1ea","attach":"\u5fae\u652f\u4ed8","bank_type":"CFT","cash_fee":"990","fee_type":"CNY","is_subscribe":"Y","mch_id":"1279292901","nonce_str":"9nj9hmu38kq7n4heprddrxt9fxcrhobl","openid":"oPfflwZpUb_lS7IllseLcNnrwJoI","out_trade_no":"127929290120151211143707","result_code":"SUCCESS","return_code":"SUCCESS","sign":"B6EE051C37B3BB850298F9048FCAEB1E","time_end":"20151211143713","total_fee":"990","trade_type":"JSAPI","transaction_id":"1000600707201512112019579957"}
[2015-12-11 14:37:16][debug] query:{"appid":"wx9bd85e016d66c1ea","attach":"\u5fae\u652f\u4ed8","bank_type":"CFT","cash_fee":"990","fee_type":"CNY","is_subscribe":"Y","mch_id":"1279292901","nonce_str":"09dSpukr3yjskxd9","openid":"oPfflwZpUb_lS7IllseLcNnrwJoI","out_trade_no":"127929290120151211143707","result_code":"SUCCESS","return_code":"SUCCESS","return_msg":"OK","sign":"581F8ACE47888031AD2AC0BBF5FACC57","time_end":"20151211143712","total_fee":"990","trade_state":"SUCCESS","trade_type":"JSAPI","transaction_id":"1000600707201512112019579957"}
[2015-12-11 14:37:16][debug] out_trade_no:127929290120151211143707
[2015-12-11 14:37:16][debug] query:{"appid":"wx9bd85e016d66c1ea","err_code":"TRANSACTION_ID_INVALID","err_code_des":"\u8ba2\u5355\u53f7\u975e\u6cd5","mch_id":"1279292901","nonce_str":"cpefrOg3u0mGolMO","result_code":"FAIL","return_code":"SUCCESS","return_msg":"OK","sign":"6881AA25EAB3769D5E79D9A40949F6ED"}
[2015-12-11 14:37:28][debug] begin notify
[2015-12-11 14:37:28][debug] call back:{"appid":"wx9bd85e016d66c1ea","attach":"\u5fae\u652f\u4ed8","bank_type":"CFT","cash_fee":"990","fee_type":"CNY","is_subscribe":"Y","mch_id":"1279292901","nonce_str":"9nj9hmu38kq7n4heprddrxt9fxcrhobl","openid":"oPfflwZpUb_lS7IllseLcNnrwJoI","out_trade_no":"127929290120151211143707","result_code":"SUCCESS","return_code":"SUCCESS","sign":"B6EE051C37B3BB850298F9048FCAEB1E","time_end":"20151211143713","total_fee":"990","trade_type":"JSAPI","transaction_id":"1000600707201512112019579957"}
[2015-12-11 14:37:48][debug] begin notify
[2015-12-11 14:37:48][debug] call back:{"appid":"wx9bd85e016d66c1ea","attach":"\u5fae\u652f\u4ed8","bank_type":"CFT","cash_fee":"990","fee_type":"CNY","is_subscribe":"Y","mch_id":"1279292901","nonce_str":"9nj9hmu38kq7n4heprddrxt9fxcrhobl","openid":"oPfflwZpUb_lS7IllseLcNnrwJoI","out_trade_no":"127929290120151211143707","result_code":"SUCCESS","return_code":"SUCCESS","sign":"B6EE051C37B3BB850298F9048FCAEB1E","time_end":"20151211143713","total_fee":"990","trade_type":"JSAPI","transaction_id":"1000600707201512112019579957"}
[2015-12-11 14:38:22][debug] begin notify
[2015-12-11 14:38:22][debug] call back:{"appid":"wx9bd85e016d66c1ea","attach":"\u5fae\u652f\u4ed8","bank_type":"CFT","cash_fee":"990","fee_type":"CNY","is_subscribe":"Y","mch_id":"1279292901","nonce_str":"9nj9hmu38kq7n4heprddrxt9fxcrhobl","openid":"oPfflwZpUb_lS7IllseLcNnrwJoI","out_trade_no":"127929290120151211143707","result_code":"SUCCESS","return_code":"SUCCESS","sign":"B6EE051C37B3BB850298F9048FCAEB1E","time_end":"20151211143713","total_fee":"990","trade_type":"JSAPI","transaction_id":"1000600707201512112019579957"}
[2015-12-11 15:11:26][debug] begin notify
[2015-12-11 15:11:26][debug] call back:{"appid":"wx9bd85e016d66c1ea","attach":"\u5fae\u652f\u4ed8","bank_type":"CFT","cash_fee":"990","fee_type":"CNY","is_subscribe":"Y","mch_id":"1279292901","nonce_str":"9nj9hmu38kq7n4heprddrxt9fxcrhobl","openid":"oPfflwZpUb_lS7IllseLcNnrwJoI","out_trade_no":"127929290120151211143707","result_code":"SUCCESS","return_code":"SUCCESS","sign":"B6EE051C37B3BB850298F9048FCAEB1E","time_end":"20151211143713","total_fee":"990","trade_type":"JSAPI","transaction_id":"1000600707201512112019579957"}
[2015-12-11 15:41:30][debug] begin notify
[2015-12-11 15:41:30][debug] call back:{"appid":"wx9bd85e016d66c1ea","attach":"\u5fae\u652f\u4ed8","bank_type":"CFT","cash_fee":"990","fee_type":"CNY","is_subscribe":"Y","mch_id":"1279292901","nonce_str":"9nj9hmu38kq7n4heprddrxt9fxcrhobl","openid":"oPfflwZpUb_lS7IllseLcNnrwJoI","out_trade_no":"127929290120151211143707","result_code":"SUCCESS","return_code":"SUCCESS","sign":"B6EE051C37B3BB850298F9048FCAEB1E","time_end":"20151211143713","total_fee":"990","trade_type":"JSAPI","transaction_id":"1000600707201512112019579957"}
[2015-12-11 15:54:12][debug] begin notify
[2015-12-11 15:54:12][debug] call back:{"appid":"wx9bd85e016d66c1ea","attach":"\u5fae\u652f\u4ed8","bank_type":"CFT","cash_fee":"990","fee_type":"CNY","is_subscribe":"Y","mch_id":"1279292901","nonce_str":"9ho7qcnfqy1gifn0he7d42xtpb47b2uz","openid":"oPfflwavtV96ieWtTBzjcMM2wqEU","out_trade_no":"127929290120151211155401","result_code":"SUCCESS","return_code":"SUCCESS","sign":"A3DEF45F4D99573547FE7F46DF5F167C","time_end":"20151211155412","total_fee":"990","trade_type":"JSAPI","transaction_id":"1001710707201512112020888097"}
[2015-12-11 15:54:14][debug] query:{"appid":"wx9bd85e016d66c1ea","attach":"\u5fae\u652f\u4ed8","bank_type":"CFT","cash_fee":"990","fee_type":"CNY","is_subscribe":"Y","mch_id":"1279292901","nonce_str":"rEcINtIdEKfmbTdj","openid":"oPfflwavtV96ieWtTBzjcMM2wqEU","out_trade_no":"127929290120151211155401","result_code":"SUCCESS","return_code":"SUCCESS","return_msg":"OK","sign":"D2FBC81960FBAA1DC770F35824C49CE5","time_end":"20151211155412","total_fee":"990","trade_state":"SUCCESS","trade_type":"JSAPI","transaction_id":"1001710707201512112020888097"}
[2015-12-11 15:54:14][debug] out_trade_no:127929290120151211155401
[2015-12-11 15:54:15][debug] query:{"appid":"wx9bd85e016d66c1ea","err_code":"TRANSACTION_ID_INVALID","err_code_des":"\u8ba2\u5355\u53f7\u975e\u6cd5","mch_id":"1279292901","nonce_str":"hYvUXZji7CETsNCZ","result_code":"FAIL","return_code":"SUCCESS","return_msg":"OK","sign":"92963C6DFA1921D049DFA03311EF6F22"}
[2015-12-11 16:11:32][debug] begin notify
[2015-12-11 16:11:32][debug] call back:{"appid":"wx9bd85e016d66c1ea","attach":"\u5fae\u652f\u4ed8","bank_type":"CFT","cash_fee":"990","fee_type":"CNY","is_subscribe":"Y","mch_id":"1279292901","nonce_str":"9nj9hmu38kq7n4heprddrxt9fxcrhobl","openid":"oPfflwZpUb_lS7IllseLcNnrwJoI","out_trade_no":"127929290120151211143707","result_code":"SUCCESS","return_code":"SUCCESS","sign":"B6EE051C37B3BB850298F9048FCAEB1E","time_end":"20151211143713","total_fee":"990","trade_type":"JSAPI","transaction_id":"1000600707201512112019579957"}
[2015-12-11 16:41:34][debug] begin notify
[2015-12-11 16:41:34][debug] call back:{"appid":"wx9bd85e016d66c1ea","attach":"\u5fae\u652f\u4ed8","bank_type":"CFT","cash_fee":"990","fee_type":"CNY","is_subscribe":"Y","mch_id":"1279292901","nonce_str":"9nj9hmu38kq7n4heprddrxt9fxcrhobl","openid":"oPfflwZpUb_lS7IllseLcNnrwJoI","out_trade_no":"127929290120151211143707","result_code":"SUCCESS","return_code":"SUCCESS","sign":"B6EE051C37B3BB850298F9048FCAEB1E","time_end":"20151211143713","total_fee":"990","trade_type":"JSAPI","transaction_id":"1000600707201512112019579957"}
[2015-12-11 16:41:45][debug] begin notify
[2015-12-11 16:41:45][debug] call back:{"appid":"wx9bd85e016d66c1ea","attach":"\u5fae\u652f\u4ed8","bank_type":"CFT","cash_fee":"990","fee_type":"CNY","is_subscribe":"Y","mch_id":"1279292901","nonce_str":"960d9gttvbydhhzk2vac1vk1262eseo9","openid":"oPfflwayDqhyW_hAEhD0hfZ5yKic","out_trade_no":"127929290120151211164135","result_code":"SUCCESS","return_code":"SUCCESS","sign":"A672AF6E1F857A4DEF0EBFA27BE5D86A","time_end":"20151211164145","total_fee":"990","trade_type":"JSAPI","transaction_id":"1001440707201512112021762547"}
[2015-12-11 16:41:46][debug] query:{"appid":"wx9bd85e016d66c1ea","attach":"\u5fae\u652f\u4ed8","bank_type":"CFT","cash_fee":"990","fee_type":"CNY","is_subscribe":"Y","mch_id":"1279292901","nonce_str":"Nc48Neszfhs9DVKC","openid":"oPfflwayDqhyW_hAEhD0hfZ5yKic","out_trade_no":"127929290120151211164135","result_code":"SUCCESS","return_code":"SUCCESS","return_msg":"OK","sign":"1A335CB7F63359E505206A96FECA5229","time_end":"20151211164145","total_fee":"990","trade_state":"SUCCESS","trade_type":"JSAPI","transaction_id":"1001440707201512112021762547"}
[2015-12-11 16:41:46][debug] out_trade_no:127929290120151211164135
[2015-12-11 16:41:47][debug] query:{"appid":"wx9bd85e016d66c1ea","err_code":"TRANSACTION_ID_INVALID","err_code_des":"\u8ba2\u5355\u53f7\u975e\u6cd5","mch_id":"1279292901","nonce_str":"aGFRQB1sh3o5FINX","result_code":"FAIL","return_code":"SUCCESS","return_msg":"OK","sign":"B04F93862E8BF2E14301EF47D8AC027B"}
[2015-12-11 16:48:37][debug] begin notify
[2015-12-11 16:48:37][debug] call back:{"appid":"wx9bd85e016d66c1ea","attach":"\u5fae\u652f\u4ed8","bank_type":"CFT","cash_fee":"990","fee_type":"CNY","is_subscribe":"Y","mch_id":"1279292901","nonce_str":"q5rmx4bpy1ipnr90helwexdl9ipv3yl5","openid":"oPfflwR5ac3YEbxvoneOLhZpw8-k","out_trade_no":"127929290120151211164828","result_code":"SUCCESS","return_code":"SUCCESS","sign":"A4D86E7ED23DE13DB2C42F6976716DDF","time_end":"20151211164836","total_fee":"990","trade_type":"JSAPI","transaction_id":"1006480707201512112021904524"}
[2015-12-11 16:48:38][debug] query:{"appid":"wx9bd85e016d66c1ea","attach":"\u5fae\u652f\u4ed8","bank_type":"CFT","cash_fee":"990","fee_type":"CNY","is_subscribe":"Y","mch_id":"1279292901","nonce_str":"xpnT80reZjcNcbJE","openid":"oPfflwR5ac3YEbxvoneOLhZpw8-k","out_trade_no":"127929290120151211164828","result_code":"SUCCESS","return_code":"SUCCESS","return_msg":"OK","sign":"A8E4A1304579ECBFC652D32CBE062176","time_end":"20151211164836","total_fee":"990","trade_state":"SUCCESS","trade_type":"JSAPI","transaction_id":"1006480707201512112021904524"}
[2015-12-11 16:48:38][debug] out_trade_no:127929290120151211164828
[2015-12-11 16:48:38][debug] query:{"appid":"wx9bd85e016d66c1ea","err_code":"TRANSACTION_ID_INVALID","err_code_des":"\u8ba2\u5355\u53f7\u975e\u6cd5","mch_id":"1279292901","nonce_str":"Kc8t0nd7yEH96yN0","result_code":"FAIL","return_code":"SUCCESS","return_msg":"OK","sign":"F28700387B1AB7603389073F7F1A237D"}
[2015-12-11 17:22:28][debug] begin notify
[2015-12-11 17:22:28][debug] call back:{"appid":"wx9bd85e016d66c1ea","attach":"\u5fae\u652f\u4ed8","bank_type":"ICBC_DEBIT","cash_fee":"990","fee_type":"CNY","is_subscribe":"Y","mch_id":"1279292901","nonce_str":"1hjafdv38387glmol3rz1efgdr1q83vt","openid":"oPfflwdlhIZGtgGzsUytq0eOsMVE","out_trade_no":"127929290120151211172209","result_code":"SUCCESS","return_code":"SUCCESS","sign":"3C7AF91ED2B1CACC0641D2440009A176","time_end":"20151211172228","total_fee":"990","trade_type":"JSAPI","transaction_id":"1002350707201512112022653219"}
[2015-12-11 17:22:29][debug] query:{"appid":"wx9bd85e016d66c1ea","attach":"\u5fae\u652f\u4ed8","bank_type":"ICBC_DEBIT","cash_fee":"990","fee_type":"CNY","is_subscribe":"Y","mch_id":"1279292901","nonce_str":"7nO16KA2usk6BoEK","openid":"oPfflwdlhIZGtgGzsUytq0eOsMVE","out_trade_no":"127929290120151211172209","result_code":"SUCCESS","return_code":"SUCCESS","return_msg":"OK","sign":"C66F480936727283323952A938273696","time_end":"20151211172227","total_fee":"990","trade_state":"SUCCESS","trade_type":"JSAPI","transaction_id":"1002350707201512112022653219"}
[2015-12-11 17:22:29][debug] out_trade_no:127929290120151211172209
[2015-12-11 17:22:30][debug] query:{"appid":"wx9bd85e016d66c1ea","err_code":"TRANSACTION_ID_INVALID","err_code_des":"\u8ba2\u5355\u53f7\u975e\u6cd5","mch_id":"1279292901","nonce_str":"BKyxIGzBW6djG0SG","result_code":"FAIL","return_code":"SUCCESS","return_msg":"OK","sign":"568AF3FAD046728031C12F40651AA7B3"}
[2015-12-11 17:41:38][debug] begin notify
[2015-12-11 17:41:38][debug] call back:{"appid":"wx9bd85e016d66c1ea","attach":"\u5fae\u652f\u4ed8","bank_type":"CFT","cash_fee":"990","fee_type":"CNY","is_subscribe":"Y","mch_id":"1279292901","nonce_str":"9nj9hmu38kq7n4heprddrxt9fxcrhobl","openid":"oPfflwZpUb_lS7IllseLcNnrwJoI","out_trade_no":"127929290120151211143707","result_code":"SUCCESS","return_code":"SUCCESS","sign":"B6EE051C37B3BB850298F9048FCAEB1E","time_end":"20151211143713","total_fee":"990","trade_type":"JSAPI","transaction_id":"1000600707201512112019579957"}
