[2015-12-16 08:14:39][debug] begin notify
[2015-12-16 08:14:39][debug] call back:{"appid":"wx9bd85e016d66c1ea","attach":"\u5fae\u652f\u4ed8","bank_type":"CFT","cash_fee":"990","fee_type":"CNY","is_subscribe":"Y","mch_id":"1279292901","nonce_str":"js04lcmjanqk56n70px1vnlmrnwa7k6l","openid":"oPfflwT4ZMDqSsj23_Gp7Xz3Zl1s","out_trade_no":"127929290120151216081428","result_code":"SUCCESS","return_code":"SUCCESS","sign":"3369F5D63C66DD532ABDB266160D2B62","time_end":"20151216081438","total_fee":"990","trade_type":"JSAPI","transaction_id":"1007090707201512162109401037"}
[2015-12-16 08:14:40][debug] query:{"appid":"wx9bd85e016d66c1ea","attach":"\u5fae\u652f\u4ed8","bank_type":"CFT","cash_fee":"990","fee_type":"CNY","is_subscribe":"Y","mch_id":"1279292901","nonce_str":"XsW5SrTBooyrcQXd","openid":"oPfflwT4ZMDqSsj23_Gp7Xz3Zl1s","out_trade_no":"127929290120151216081428","result_code":"SUCCESS","return_code":"SUCCESS","return_msg":"OK","sign":"F7A84F15CA4507BBC4C3230ED2027023","time_end":"20151216081438","total_fee":"990","trade_state":"SUCCESS","trade_type":"JSAPI","transaction_id":"1007090707201512162109401037"}
[2015-12-16 08:14:40][debug] out_trade_no:127929290120151216081428
[2015-12-16 08:14:40][debug] query:{"appid":"wx9bd85e016d66c1ea","err_code":"TRANSACTION_ID_INVALID","err_code_des":"\u8ba2\u5355\u53f7\u975e\u6cd5","mch_id":"1279292901","nonce_str":"eOyV3uBgtB4qfUzV","result_code":"FAIL","return_code":"SUCCESS","return_msg":"OK","sign":"612E0D990ADD87623F258AC1ADEE1B4C"}
[2015-12-16 19:02:47][debug] begin notify
[2015-12-16 19:02:47][debug] call back:{"appid":"wx9bd85e016d66c1ea","attach":"\u5fae\u652f\u4ed8","bank_type":"CFT","cash_fee":"990","fee_type":"CNY","is_subscribe":"Y","mch_id":"1279292901","nonce_str":"a6zakkod4prvmu3dda3xm0u9iop5jb4v","openid":"oPfflwTDx21Hxopd5IA9FPfoxqlQ","out_trade_no":"127929290120151216190236","result_code":"SUCCESS","return_code":"SUCCESS","sign":"A6F6F5B7279F47ED091E699B8244AEB7","time_end":"20151216190245","total_fee":"990","trade_type":"JSAPI","transaction_id":"1004080707201512162122833151"}
[2015-12-16 19:02:48][debug] query:{"appid":"wx9bd85e016d66c1ea","attach":"\u5fae\u652f\u4ed8","bank_type":"CFT","cash_fee":"990","fee_type":"CNY","is_subscribe":"Y","mch_id":"1279292901","nonce_str":"1ObyK5ngKiuxE7u4","openid":"oPfflwTDx21Hxopd5IA9FPfoxqlQ","out_trade_no":"127929290120151216190236","result_code":"SUCCESS","return_code":"SUCCESS","return_msg":"OK","sign":"5E7EE91EA4A803A69D3935333D4CAC1F","time_end":"20151216190245","total_fee":"990","trade_state":"SUCCESS","trade_type":"JSAPI","transaction_id":"1004080707201512162122833151"}
[2015-12-16 19:02:48][debug] out_trade_no:127929290120151216190236
[2015-12-16 19:02:48][debug] query:{"appid":"wx9bd85e016d66c1ea","err_code":"TRANSACTION_ID_INVALID","err_code_des":"\u8ba2\u5355\u53f7\u975e\u6cd5","mch_id":"1279292901","nonce_str":"KpxC5jkXjuYNTb1T","result_code":"FAIL","return_code":"SUCCESS","return_msg":"OK","sign":"FF39D25469EB0E57D50197593D4377B4"}
[2015-12-16 19:03:03][debug] begin notify
[2015-12-16 19:03:03][debug] call back:{"appid":"wx9bd85e016d66c1ea","attach":"\u5fae\u652f\u4ed8","bank_type":"CFT","cash_fee":"990","fee_type":"CNY","is_subscribe":"Y","mch_id":"1279292901","nonce_str":"a6zakkod4prvmu3dda3xm0u9iop5jb4v","openid":"oPfflwTDx21Hxopd5IA9FPfoxqlQ","out_trade_no":"127929290120151216190236","result_code":"SUCCESS","return_code":"SUCCESS","sign":"A6F6F5B7279F47ED091E699B8244AEB7","time_end":"20151216190245","total_fee":"990","trade_type":"JSAPI","transaction_id":"1004080707201512162122833151"}
[2015-12-16 19:03:20][debug] begin notify
[2015-12-16 19:03:20][debug] call back:{"appid":"wx9bd85e016d66c1ea","attach":"\u5fae\u652f\u4ed8","bank_type":"CFT","cash_fee":"990","fee_type":"CNY","is_subscribe":"Y","mch_id":"1279292901","nonce_str":"a6zakkod4prvmu3dda3xm0u9iop5jb4v","openid":"oPfflwTDx21Hxopd5IA9FPfoxqlQ","out_trade_no":"127929290120151216190236","result_code":"SUCCESS","return_code":"SUCCESS","sign":"A6F6F5B7279F47ED091E699B8244AEB7","time_end":"20151216190245","total_fee":"990","trade_type":"JSAPI","transaction_id":"1004080707201512162122833151"}
[2015-12-16 19:03:51][debug] begin notify
[2015-12-16 19:03:51][debug] call back:{"appid":"wx9bd85e016d66c1ea","attach":"\u5fae\u652f\u4ed8","bank_type":"CFT","cash_fee":"990","fee_type":"CNY","is_subscribe":"Y","mch_id":"1279292901","nonce_str":"a6zakkod4prvmu3dda3xm0u9iop5jb4v","openid":"oPfflwTDx21Hxopd5IA9FPfoxqlQ","out_trade_no":"127929290120151216190236","result_code":"SUCCESS","return_code":"SUCCESS","sign":"A6F6F5B7279F47ED091E699B8244AEB7","time_end":"20151216190245","total_fee":"990","trade_type":"JSAPI","transaction_id":"1004080707201512162122833151"}
[2015-12-16 19:06:55][debug] begin notify
[2015-12-16 19:06:55][debug] call back:{"appid":"wx9bd85e016d66c1ea","attach":"\u5fae\u652f\u4ed8","bank_type":"CFT","cash_fee":"990","fee_type":"CNY","is_subscribe":"Y","mch_id":"1279292901","nonce_str":"a6zakkod4prvmu3dda3xm0u9iop5jb4v","openid":"oPfflwTDx21Hxopd5IA9FPfoxqlQ","out_trade_no":"127929290120151216190236","result_code":"SUCCESS","return_code":"SUCCESS","sign":"A6F6F5B7279F47ED091E699B8244AEB7","time_end":"20151216190245","total_fee":"990","trade_type":"JSAPI","transaction_id":"1004080707201512162122833151"}
[2015-12-16 19:36:59][debug] begin notify
[2015-12-16 19:36:59][debug] call back:{"appid":"wx9bd85e016d66c1ea","attach":"\u5fae\u652f\u4ed8","bank_type":"CFT","cash_fee":"990","fee_type":"CNY","is_subscribe":"Y","mch_id":"1279292901","nonce_str":"a6zakkod4prvmu3dda3xm0u9iop5jb4v","openid":"oPfflwTDx21Hxopd5IA9FPfoxqlQ","out_trade_no":"127929290120151216190236","result_code":"SUCCESS","return_code":"SUCCESS","sign":"A6F6F5B7279F47ED091E699B8244AEB7","time_end":"20151216190245","total_fee":"990","trade_type":"JSAPI","transaction_id":"1004080707201512162122833151"}
[2015-12-16 20:07:01][debug] begin notify
[2015-12-16 20:07:01][debug] call back:{"appid":"wx9bd85e016d66c1ea","attach":"\u5fae\u652f\u4ed8","bank_type":"CFT","cash_fee":"990","fee_type":"CNY","is_subscribe":"Y","mch_id":"1279292901","nonce_str":"a6zakkod4prvmu3dda3xm0u9iop5jb4v","openid":"oPfflwTDx21Hxopd5IA9FPfoxqlQ","out_trade_no":"127929290120151216190236","result_code":"SUCCESS","return_code":"SUCCESS","sign":"A6F6F5B7279F47ED091E699B8244AEB7","time_end":"20151216190245","total_fee":"990","trade_type":"JSAPI","transaction_id":"1004080707201512162122833151"}
[2015-12-16 20:37:05][debug] begin notify
[2015-12-16 20:37:05][debug] call back:{"appid":"wx9bd85e016d66c1ea","attach":"\u5fae\u652f\u4ed8","bank_type":"CFT","cash_fee":"990","fee_type":"CNY","is_subscribe":"Y","mch_id":"1279292901","nonce_str":"a6zakkod4prvmu3dda3xm0u9iop5jb4v","openid":"oPfflwTDx21Hxopd5IA9FPfoxqlQ","out_trade_no":"127929290120151216190236","result_code":"SUCCESS","return_code":"SUCCESS","sign":"A6F6F5B7279F47ED091E699B8244AEB7","time_end":"20151216190245","total_fee":"990","trade_type":"JSAPI","transaction_id":"1004080707201512162122833151"}
[2015-12-16 21:07:09][debug] begin notify
[2015-12-16 21:07:09][debug] call back:{"appid":"wx9bd85e016d66c1ea","attach":"\u5fae\u652f\u4ed8","bank_type":"CFT","cash_fee":"990","fee_type":"CNY","is_subscribe":"Y","mch_id":"1279292901","nonce_str":"a6zakkod4prvmu3dda3xm0u9iop5jb4v","openid":"oPfflwTDx21Hxopd5IA9FPfoxqlQ","out_trade_no":"127929290120151216190236","result_code":"SUCCESS","return_code":"SUCCESS","sign":"A6F6F5B7279F47ED091E699B8244AEB7","time_end":"20151216190245","total_fee":"990","trade_type":"JSAPI","transaction_id":"1004080707201512162122833151"}
[2015-12-16 22:07:12][debug] begin notify
[2015-12-16 22:07:12][debug] call back:{"appid":"wx9bd85e016d66c1ea","attach":"\u5fae\u652f\u4ed8","bank_type":"CFT","cash_fee":"990","fee_type":"CNY","is_subscribe":"Y","mch_id":"1279292901","nonce_str":"a6zakkod4prvmu3dda3xm0u9iop5jb4v","openid":"oPfflwTDx21Hxopd5IA9FPfoxqlQ","out_trade_no":"127929290120151216190236","result_code":"SUCCESS","return_code":"SUCCESS","sign":"A6F6F5B7279F47ED091E699B8244AEB7","time_end":"20151216190245","total_fee":"990","trade_type":"JSAPI","transaction_id":"1004080707201512162122833151"}
[2015-12-16 22:44:25][debug] begin notify
[2015-12-16 22:44:25][debug] call back:{"appid":"wx9bd85e016d66c1ea","attach":"\u5fae\u652f\u4ed8","bank_type":"CFT","cash_fee":"990","fee_type":"CNY","is_subscribe":"Y","mch_id":"1279292901","nonce_str":"dirnp2ku3wg4eo1rq8ns4iql07qkclnz","openid":"oPfflwYTgmnG6d_-RNKc45iIaTOg","out_trade_no":"127929290120151216224411","result_code":"SUCCESS","return_code":"SUCCESS","sign":"40D9AB699EB6C400FDC477975A535A71","time_end":"20151216224425","total_fee":"990","trade_type":"JSAPI","transaction_id":"1005020707201512162127416472"}
[2015-12-16 22:44:26][debug] query:{"appid":"wx9bd85e016d66c1ea","attach":"\u5fae\u652f\u4ed8","bank_type":"CFT","cash_fee":"990","fee_type":"CNY","is_subscribe":"Y","mch_id":"1279292901","nonce_str":"nWBIDZEiHN25cDwK","openid":"oPfflwYTgmnG6d_-RNKc45iIaTOg","out_trade_no":"127929290120151216224411","result_code":"SUCCESS","return_code":"SUCCESS","return_msg":"OK","sign":"027117327BF7F846B9ABD894D316D3AC","time_end":"20151216224424","total_fee":"990","trade_state":"SUCCESS","trade_type":"JSAPI","transaction_id":"1005020707201512162127416472"}
[2015-12-16 22:44:26][debug] out_trade_no:127929290120151216224411
[2015-12-16 22:44:26][debug] query:{"appid":"wx9bd85e016d66c1ea","err_code":"TRANSACTION_ID_INVALID","err_code_des":"\u8ba2\u5355\u53f7\u975e\u6cd5","mch_id":"1279292901","nonce_str":"wHmLXUEwZHEDuKGc","result_code":"FAIL","return_code":"SUCCESS","return_msg":"OK","sign":"4F7E5CA32A463CFC0D3DD19FE31A9870"}
[2015-12-16 22:56:56][debug] begin notify
[2015-12-16 22:56:56][debug] call back:{"appid":"wx9bd85e016d66c1ea","attach":"\u5fae\u652f\u4ed8","bank_type":"ABC_DEBIT","cash_fee":"990","fee_type":"CNY","is_subscribe":"Y","mch_id":"1279292901","nonce_str":"gyn6bcjk375mlxhfwnuswaap0gkv4t99","openid":"oPfflwdxxjmuxBdFuy-E0oXaCSL0","out_trade_no":"127929290120151216225644","result_code":"SUCCESS","return_code":"SUCCESS","sign":"43699A05A8836F9BF7D810510E5CCEEB","time_end":"20151216225656","total_fee":"990","trade_type":"JSAPI","transaction_id":"1003080707201512162127604414"}
[2015-12-16 22:56:57][debug] query:{"appid":"wx9bd85e016d66c1ea","attach":"\u5fae\u652f\u4ed8","bank_type":"ABC_DEBIT","cash_fee":"990","fee_type":"CNY","is_subscribe":"Y","mch_id":"1279292901","nonce_str":"zppqEIqHZfn6L30o","openid":"oPfflwdxxjmuxBdFuy-E0oXaCSL0","out_trade_no":"127929290120151216225644","result_code":"SUCCESS","return_code":"SUCCESS","return_msg":"OK","sign":"BB11F6CADDAF391C60B6D1F856D35A49","time_end":"20151216225655","total_fee":"990","trade_state":"SUCCESS","trade_type":"JSAPI","transaction_id":"1003080707201512162127604414"}
[2015-12-16 22:56:57][debug] out_trade_no:127929290120151216225644
[2015-12-16 22:56:58][debug] query:{"appid":"wx9bd85e016d66c1ea","err_code":"TRANSACTION_ID_INVALID","err_code_des":"\u8ba2\u5355\u53f7\u975e\u6cd5","mch_id":"1279292901","nonce_str":"rFDNDASJzC7F1F8S","result_code":"FAIL","return_code":"SUCCESS","return_msg":"OK","sign":"A9A93D13FE71D5785EB2107589FA170E"}
