[2015-12-17 08:38:34][debug] begin notify
[2015-12-17 08:38:34][debug] call back:{"appid":"wx9bd85e016d66c1ea","attach":"\u5fae\u652f\u4ed8","bank_type":"CCB_DEBIT","cash_fee":"990","fee_type":"CNY","is_subscribe":"Y","mch_id":"1279292901","nonce_str":"363sobw1uzeckejt7hk1pvghp3ok57yv","openid":"oPfflwb4sSwR3oBuQrFYGTtDsQ_I","out_trade_no":"127929290120151217083819","result_code":"SUCCESS","return_code":"SUCCESS","sign":"3437BB842B3A40F159C48D5C94184273","time_end":"20151217083832","total_fee":"990","trade_type":"JSAPI","transaction_id":"1002290707201512172130157141"}
[2015-12-17 08:38:35][debug] query:{"appid":"wx9bd85e016d66c1ea","attach":"\u5fae\u652f\u4ed8","bank_type":"CCB_DEBIT","cash_fee":"990","fee_type":"CNY","is_subscribe":"Y","mch_id":"1279292901","nonce_str":"GvgWrQTV9fKEvvSm","openid":"oPfflwb4sSwR3oBuQrFYGTtDsQ_I","out_trade_no":"127929290120151217083819","result_code":"SUCCESS","return_code":"SUCCESS","return_msg":"OK","sign":"0D49AA5ABDF03945BE614E6F06E60DBA","time_end":"20151217083831","total_fee":"990","trade_state":"SUCCESS","trade_type":"JSAPI","transaction_id":"1002290707201512172130157141"}
[2015-12-17 08:38:35][debug] out_trade_no:127929290120151217083819
[2015-12-17 08:38:35][debug] query:{"appid":"wx9bd85e016d66c1ea","err_code":"TRANSACTION_ID_INVALID","err_code_des":"\u8ba2\u5355\u53f7\u975e\u6cd5","mch_id":"1279292901","nonce_str":"ZJQr8fqWnuyqJuh5","result_code":"FAIL","return_code":"SUCCESS","return_msg":"OK","sign":"D298B084CDBA4A7ED5D72288B8673220"}
[2015-12-17 08:38:46][debug] begin notify
[2015-12-17 08:38:46][debug] call back:{"appid":"wx9bd85e016d66c1ea","attach":"\u5fae\u652f\u4ed8","bank_type":"CCB_DEBIT","cash_fee":"990","fee_type":"CNY","is_subscribe":"Y","mch_id":"1279292901","nonce_str":"363sobw1uzeckejt7hk1pvghp3ok57yv","openid":"oPfflwb4sSwR3oBuQrFYGTtDsQ_I","out_trade_no":"127929290120151217083819","result_code":"SUCCESS","return_code":"SUCCESS","sign":"3437BB842B3A40F159C48D5C94184273","time_end":"20151217083832","total_fee":"990","trade_type":"JSAPI","transaction_id":"1002290707201512172130157141"}
[2015-12-17 08:39:03][debug] begin notify
[2015-12-17 08:39:03][debug] call back:{"appid":"wx9bd85e016d66c1ea","attach":"\u5fae\u652f\u4ed8","bank_type":"CCB_DEBIT","cash_fee":"990","fee_type":"CNY","is_subscribe":"Y","mch_id":"1279292901","nonce_str":"363sobw1uzeckejt7hk1pvghp3ok57yv","openid":"oPfflwb4sSwR3oBuQrFYGTtDsQ_I","out_trade_no":"127929290120151217083819","result_code":"SUCCESS","return_code":"SUCCESS","sign":"3437BB842B3A40F159C48D5C94184273","time_end":"20151217083832","total_fee":"990","trade_type":"JSAPI","transaction_id":"1002290707201512172130157141"}
[2015-12-17 08:39:36][debug] begin notify
[2015-12-17 08:39:36][debug] call back:{"appid":"wx9bd85e016d66c1ea","attach":"\u5fae\u652f\u4ed8","bank_type":"CCB_DEBIT","cash_fee":"990","fee_type":"CNY","is_subscribe":"Y","mch_id":"1279292901","nonce_str":"363sobw1uzeckejt7hk1pvghp3ok57yv","openid":"oPfflwb4sSwR3oBuQrFYGTtDsQ_I","out_trade_no":"127929290120151217083819","result_code":"SUCCESS","return_code":"SUCCESS","sign":"3437BB842B3A40F159C48D5C94184273","time_end":"20151217083832","total_fee":"990","trade_type":"JSAPI","transaction_id":"1002290707201512172130157141"}
[2015-12-17 08:42:39][debug] begin notify
[2015-12-17 08:42:39][debug] call back:{"appid":"wx9bd85e016d66c1ea","attach":"\u5fae\u652f\u4ed8","bank_type":"CCB_DEBIT","cash_fee":"990","fee_type":"CNY","is_subscribe":"Y","mch_id":"1279292901","nonce_str":"363sobw1uzeckejt7hk1pvghp3ok57yv","openid":"oPfflwb4sSwR3oBuQrFYGTtDsQ_I","out_trade_no":"127929290120151217083819","result_code":"SUCCESS","return_code":"SUCCESS","sign":"3437BB842B3A40F159C48D5C94184273","time_end":"20151217083832","total_fee":"990","trade_type":"JSAPI","transaction_id":"1002290707201512172130157141"}
[2015-12-17 09:12:42][debug] begin notify
[2015-12-17 09:12:42][debug] call back:{"appid":"wx9bd85e016d66c1ea","attach":"\u5fae\u652f\u4ed8","bank_type":"CCB_DEBIT","cash_fee":"990","fee_type":"CNY","is_subscribe":"Y","mch_id":"1279292901","nonce_str":"363sobw1uzeckejt7hk1pvghp3ok57yv","openid":"oPfflwb4sSwR3oBuQrFYGTtDsQ_I","out_trade_no":"127929290120151217083819","result_code":"SUCCESS","return_code":"SUCCESS","sign":"3437BB842B3A40F159C48D5C94184273","time_end":"20151217083832","total_fee":"990","trade_type":"JSAPI","transaction_id":"1002290707201512172130157141"}
[2015-12-17 09:42:43][debug] begin notify
[2015-12-17 09:42:43][debug] call back:{"appid":"wx9bd85e016d66c1ea","attach":"\u5fae\u652f\u4ed8","bank_type":"CCB_DEBIT","cash_fee":"990","fee_type":"CNY","is_subscribe":"Y","mch_id":"1279292901","nonce_str":"363sobw1uzeckejt7hk1pvghp3ok57yv","openid":"oPfflwb4sSwR3oBuQrFYGTtDsQ_I","out_trade_no":"127929290120151217083819","result_code":"SUCCESS","return_code":"SUCCESS","sign":"3437BB842B3A40F159C48D5C94184273","time_end":"20151217083832","total_fee":"990","trade_type":"JSAPI","transaction_id":"1002290707201512172130157141"}
[2015-12-17 10:12:47][debug] begin notify
[2015-12-17 10:12:47][debug] call back:{"appid":"wx9bd85e016d66c1ea","attach":"\u5fae\u652f\u4ed8","bank_type":"CCB_DEBIT","cash_fee":"990","fee_type":"CNY","is_subscribe":"Y","mch_id":"1279292901","nonce_str":"363sobw1uzeckejt7hk1pvghp3ok57yv","openid":"oPfflwb4sSwR3oBuQrFYGTtDsQ_I","out_trade_no":"127929290120151217083819","result_code":"SUCCESS","return_code":"SUCCESS","sign":"3437BB842B3A40F159C48D5C94184273","time_end":"20151217083832","total_fee":"990","trade_type":"JSAPI","transaction_id":"1002290707201512172130157141"}
[2015-12-17 10:25:07][debug] begin notify
[2015-12-17 10:25:07][debug] call back:{"appid":"wx9bd85e016d66c1ea","attach":"\u5fae\u652f\u4ed8","bank_type":"CFT","cash_fee":"990","fee_type":"CNY","is_subscribe":"Y","mch_id":"1279292901","nonce_str":"0d2w1zjessoak3ek38ntoynca266gfrc","openid":"oPfflwQ-DTw-i3JUcthd_MF8kkzI","out_trade_no":"127929290120151217102454","result_code":"SUCCESS","return_code":"SUCCESS","sign":"DBA8A5A42F62434F68D0D0928334EF48","time_end":"20151217102506","total_fee":"990","trade_type":"JSAPI","transaction_id":"1010100707201512172131859172"}
[2015-12-17 10:25:08][debug] query:{"appid":"wx9bd85e016d66c1ea","attach":"\u5fae\u652f\u4ed8","bank_type":"CFT","cash_fee":"990","fee_type":"CNY","is_subscribe":"Y","mch_id":"1279292901","nonce_str":"s4R5q8OZQ22dTB30","openid":"oPfflwQ-DTw-i3JUcthd_MF8kkzI","out_trade_no":"127929290120151217102454","result_code":"SUCCESS","return_code":"SUCCESS","return_msg":"OK","sign":"F1146A828036C978FF40A95103B64937","time_end":"20151217102506","total_fee":"990","trade_state":"SUCCESS","trade_type":"JSAPI","transaction_id":"1010100707201512172131859172"}
[2015-12-17 10:25:08][debug] out_trade_no:127929290120151217102454
[2015-12-17 10:25:09][debug] query:{"appid":"wx9bd85e016d66c1ea","err_code":"TRANSACTION_ID_INVALID","err_code_des":"\u8ba2\u5355\u53f7\u975e\u6cd5","mch_id":"1279292901","nonce_str":"X6LzjfedgkHXYJNU","result_code":"FAIL","return_code":"SUCCESS","return_msg":"OK","sign":"401827B6016A9D641535F31560FA5129"}
[2015-12-17 10:42:51][debug] begin notify
[2015-12-17 10:42:51][debug] call back:{"appid":"wx9bd85e016d66c1ea","attach":"\u5fae\u652f\u4ed8","bank_type":"CCB_DEBIT","cash_fee":"990","fee_type":"CNY","is_subscribe":"Y","mch_id":"1279292901","nonce_str":"363sobw1uzeckejt7hk1pvghp3ok57yv","openid":"oPfflwb4sSwR3oBuQrFYGTtDsQ_I","out_trade_no":"127929290120151217083819","result_code":"SUCCESS","return_code":"SUCCESS","sign":"3437BB842B3A40F159C48D5C94184273","time_end":"20151217083832","total_fee":"990","trade_type":"JSAPI","transaction_id":"1002290707201512172130157141"}
[2015-12-17 11:09:00][debug] begin notify
[2015-12-17 11:09:00][debug] call back:{"appid":"wx9bd85e016d66c1ea","attach":"\u5fae\u652f\u4ed8","bank_type":"CFT","cash_fee":"990","fee_type":"CNY","is_subscribe":"Y","mch_id":"1279292901","nonce_str":"bdaucvjqckx9zk3o7gyd5jsdg3q58gsl","openid":"oPfflwWBtk1XriVzAXFBmslBt4jk","out_trade_no":"127929290120151217110854","result_code":"SUCCESS","return_code":"SUCCESS","sign":"0E10D3169EBABBB2E6800815F6F36C22","time_end":"20151217110900","total_fee":"990","trade_type":"JSAPI","transaction_id":"1000390707201512172133050787"}
[2015-12-17 11:09:01][debug] query:{"appid":"wx9bd85e016d66c1ea","attach":"\u5fae\u652f\u4ed8","bank_type":"CFT","cash_fee":"990","fee_type":"CNY","is_subscribe":"Y","mch_id":"1279292901","nonce_str":"bS8HcNCCDoUvTwL5","openid":"oPfflwWBtk1XriVzAXFBmslBt4jk","out_trade_no":"127929290120151217110854","result_code":"SUCCESS","return_code":"SUCCESS","return_msg":"OK","sign":"DF5D4010976104C05AA274441263FF6B","time_end":"20151217110900","total_fee":"990","trade_state":"SUCCESS","trade_type":"JSAPI","transaction_id":"1000390707201512172133050787"}
[2015-12-17 11:09:01][debug] out_trade_no:127929290120151217110854
[2015-12-17 11:09:02][debug] query:{"appid":"wx9bd85e016d66c1ea","err_code":"TRANSACTION_ID_INVALID","err_code_des":"\u8ba2\u5355\u53f7\u975e\u6cd5","mch_id":"1279292901","nonce_str":"CYePmsDrdKp4RVFp","result_code":"FAIL","return_code":"SUCCESS","return_msg":"OK","sign":"CCBFF260A84B7F86DD59A909BA6EBA72"}
[2015-12-17 11:42:53][debug] begin notify
[2015-12-17 11:42:53][debug] call back:{"appid":"wx9bd85e016d66c1ea","attach":"\u5fae\u652f\u4ed8","bank_type":"CCB_DEBIT","cash_fee":"990","fee_type":"CNY","is_subscribe":"Y","mch_id":"1279292901","nonce_str":"363sobw1uzeckejt7hk1pvghp3ok57yv","openid":"oPfflwb4sSwR3oBuQrFYGTtDsQ_I","out_trade_no":"127929290120151217083819","result_code":"SUCCESS","return_code":"SUCCESS","sign":"3437BB842B3A40F159C48D5C94184273","time_end":"20151217083832","total_fee":"990","trade_type":"JSAPI","transaction_id":"1002290707201512172130157141"}
[2015-12-17 18:12:08][debug] begin notify
[2015-12-17 18:12:08][debug] call back:{"appid":"wx9bd85e016d66c1ea","attach":"\u5fae\u652f\u4ed8","bank_type":"CFT","cash_fee":"990","fee_type":"CNY","is_subscribe":"Y","mch_id":"1279292901","nonce_str":"3rj7yu9odjiumdq6lpn0wfl7lxxxopue","openid":"oPfflwcBA4dEFGX9jhbqK-vnk4xY","out_trade_no":"127929290120151217181200","result_code":"SUCCESS","return_code":"SUCCESS","sign":"E722BFAE6F48E009EE96AC6851EE8891","time_end":"20151217181208","total_fee":"990","trade_type":"JSAPI","transaction_id":"1004820707201512172143190991"}
[2015-12-17 18:12:09][debug] query:{"appid":"wx9bd85e016d66c1ea","attach":"\u5fae\u652f\u4ed8","bank_type":"CFT","cash_fee":"990","fee_type":"CNY","is_subscribe":"Y","mch_id":"1279292901","nonce_str":"IW3r8Qerz8BgTwuT","openid":"oPfflwcBA4dEFGX9jhbqK-vnk4xY","out_trade_no":"127929290120151217181200","result_code":"SUCCESS","return_code":"SUCCESS","return_msg":"OK","sign":"C2F59889FAF35BE9DFCB3279423F44F2","time_end":"20151217181208","total_fee":"990","trade_state":"SUCCESS","trade_type":"JSAPI","transaction_id":"1004820707201512172143190991"}
[2015-12-17 18:12:09][debug] out_trade_no:127929290120151217181200
[2015-12-17 18:12:09][debug] query:{"appid":"wx9bd85e016d66c1ea","err_code":"TRANSACTION_ID_INVALID","err_code_des":"\u8ba2\u5355\u53f7\u975e\u6cd5","mch_id":"1279292901","nonce_str":"j7WlrSDD9EwqnLod","result_code":"FAIL","return_code":"SUCCESS","return_msg":"OK","sign":"244C65009E364B45FB316CC96EE75191"}
[2015-12-17 19:51:53][debug] begin notify
[2015-12-17 19:51:53][debug] call back:{"appid":"wx9bd85e016d66c1ea","attach":"\u5fae\u652f\u4ed8","bank_type":"ABC_DEBIT","cash_fee":"990","fee_type":"CNY","is_subscribe":"Y","mch_id":"1279292901","nonce_str":"s4d3tikv9fknrmtt1ou3ks2qi9iuecfg","openid":"oPfflwWnyQ2HhX_TwauJBh8ouZrE","out_trade_no":"127929290120151217195148","result_code":"SUCCESS","return_code":"SUCCESS","sign":"65660285DA8090E2E82D919FDB50AE96","time_end":"20151217195153","total_fee":"990","trade_type":"JSAPI","transaction_id":"1002020707201512172145693225"}
[2015-12-17 19:51:54][debug] query:{"appid":"wx9bd85e016d66c1ea","attach":"\u5fae\u652f\u4ed8","bank_type":"ABC_DEBIT","cash_fee":"990","fee_type":"CNY","is_subscribe":"Y","mch_id":"1279292901","nonce_str":"FHLhLafP92GAHDV6","openid":"oPfflwWnyQ2HhX_TwauJBh8ouZrE","out_trade_no":"127929290120151217195148","result_code":"SUCCESS","return_code":"SUCCESS","return_msg":"OK","sign":"7F2C862B6E3D97B65DFBD289A9C7B458","time_end":"20151217195153","total_fee":"990","trade_state":"SUCCESS","trade_type":"JSAPI","transaction_id":"1002020707201512172145693225"}
[2015-12-17 19:51:54][debug] out_trade_no:127929290120151217195148
[2015-12-17 19:51:55][debug] query:{"appid":"wx9bd85e016d66c1ea","err_code":"TRANSACTION_ID_INVALID","err_code_des":"\u8ba2\u5355\u53f7\u975e\u6cd5","mch_id":"1279292901","nonce_str":"cEeRoxGHCIwY3RI6","result_code":"FAIL","return_code":"SUCCESS","return_msg":"OK","sign":"4F42D388398B7F74C9B998DD76CCDDB7"}
