[2015-12-13 00:00:56][debug] begin notify
[2015-12-13 00:00:56][debug] call back:{"appid":"wx9bd85e016d66c1ea","attach":"\u5fae\u652f\u4ed8","bank_type":"ICBC_DEBIT","cash_fee":"990","fee_type":"CNY","is_subscribe":"Y","mch_id":"1279292901","nonce_str":"fg4f8s3v6c94fsv08mrmnd59rnrt2qmx","openid":"oPfflwRqpXCi3L8DWuyFvqY8Hvck","out_trade_no":"127929290120151213000045","result_code":"SUCCESS","return_code":"SUCCESS","sign":"FD6926EFFAA63B3D33BED060B5242DEC","time_end":"20151213000054","total_fee":"990","trade_type":"JSAPI","transaction_id":"1007480707201512132051483739"}
[2015-12-13 00:00:57][debug] query:{"appid":"wx9bd85e016d66c1ea","attach":"\u5fae\u652f\u4ed8","bank_type":"ICBC_DEBIT","cash_fee":"990","fee_type":"CNY","is_subscribe":"Y","mch_id":"1279292901","nonce_str":"DxHTYxh1ff99Ip5Q","openid":"oPfflwRqpXCi3L8DWuyFvqY8Hvck","out_trade_no":"127929290120151213000045","result_code":"SUCCESS","return_code":"SUCCESS","return_msg":"OK","sign":"342144D5AB85AC8253E845545283D3C3","time_end":"20151213000053","total_fee":"990","trade_state":"SUCCESS","trade_type":"JSAPI","transaction_id":"1007480707201512132051483739"}
[2015-12-13 00:00:57][debug] out_trade_no:127929290120151213000045
[2015-12-13 00:00:57][debug] query:{"appid":"wx9bd85e016d66c1ea","err_code":"TRANSACTION_ID_INVALID","err_code_des":"\u8ba2\u5355\u53f7\u975e\u6cd5","mch_id":"1279292901","nonce_str":"xhdnHkYNhwYfXUmB","result_code":"FAIL","return_code":"SUCCESS","return_msg":"OK","sign":"AECF14826D6949E015AEB658791D1594"}
[2015-12-13 00:01:09][debug] begin notify
[2015-12-13 00:01:09][debug] call back:{"appid":"wx9bd85e016d66c1ea","attach":"\u5fae\u652f\u4ed8","bank_type":"ICBC_DEBIT","cash_fee":"990","fee_type":"CNY","is_subscribe":"Y","mch_id":"1279292901","nonce_str":"fg4f8s3v6c94fsv08mrmnd59rnrt2qmx","openid":"oPfflwRqpXCi3L8DWuyFvqY8Hvck","out_trade_no":"127929290120151213000045","result_code":"SUCCESS","return_code":"SUCCESS","sign":"FD6926EFFAA63B3D33BED060B5242DEC","time_end":"20151213000054","total_fee":"990","trade_type":"JSAPI","transaction_id":"1007480707201512132051483739"}
[2015-12-13 00:01:26][debug] begin notify
[2015-12-13 00:01:26][debug] call back:{"appid":"wx9bd85e016d66c1ea","attach":"\u5fae\u652f\u4ed8","bank_type":"ICBC_DEBIT","cash_fee":"990","fee_type":"CNY","is_subscribe":"Y","mch_id":"1279292901","nonce_str":"fg4f8s3v6c94fsv08mrmnd59rnrt2qmx","openid":"oPfflwRqpXCi3L8DWuyFvqY8Hvck","out_trade_no":"127929290120151213000045","result_code":"SUCCESS","return_code":"SUCCESS","sign":"FD6926EFFAA63B3D33BED060B5242DEC","time_end":"20151213000054","total_fee":"990","trade_type":"JSAPI","transaction_id":"1007480707201512132051483739"}
[2015-12-13 00:01:58][debug] begin notify
[2015-12-13 00:01:58][debug] call back:{"appid":"wx9bd85e016d66c1ea","attach":"\u5fae\u652f\u4ed8","bank_type":"ICBC_DEBIT","cash_fee":"990","fee_type":"CNY","is_subscribe":"Y","mch_id":"1279292901","nonce_str":"fg4f8s3v6c94fsv08mrmnd59rnrt2qmx","openid":"oPfflwRqpXCi3L8DWuyFvqY8Hvck","out_trade_no":"127929290120151213000045","result_code":"SUCCESS","return_code":"SUCCESS","sign":"FD6926EFFAA63B3D33BED060B5242DEC","time_end":"20151213000054","total_fee":"990","trade_type":"JSAPI","transaction_id":"1007480707201512132051483739"}
[2015-12-13 00:02:22][debug] begin notify
[2015-12-13 00:02:22][debug] call back:{"appid":"wx9bd85e016d66c1ea","attach":"\u5fae\u652f\u4ed8","bank_type":"CFT","cash_fee":"990","fee_type":"CNY","is_subscribe":"Y","mch_id":"1279292901","nonce_str":"tdpb06uqkw7lt2f91birm92hhpt246aj","openid":"oPfflwcjr5dS2hphuZeSCJr4z7RQ","out_trade_no":"127929290120151213000213","result_code":"SUCCESS","return_code":"SUCCESS","sign":"1737FDC87BB2FF6AD0874C5530E6EE7A","time_end":"20151213000221","total_fee":"990","trade_type":"JSAPI","transaction_id":"1002160707201512132051505668"}
[2015-12-13 00:02:23][debug] query:{"appid":"wx9bd85e016d66c1ea","attach":"\u5fae\u652f\u4ed8","bank_type":"CFT","cash_fee":"990","fee_type":"CNY","is_subscribe":"Y","mch_id":"1279292901","nonce_str":"wFX4lVXeRiO5bPMo","openid":"oPfflwcjr5dS2hphuZeSCJr4z7RQ","out_trade_no":"127929290120151213000213","result_code":"SUCCESS","return_code":"SUCCESS","return_msg":"OK","sign":"A2050CA65C93839DFAD2B6C6CE11E68D","time_end":"20151213000220","total_fee":"990","trade_state":"SUCCESS","trade_type":"JSAPI","transaction_id":"1002160707201512132051505668"}
[2015-12-13 00:02:23][debug] out_trade_no:127929290120151213000213
[2015-12-13 00:02:23][debug] query:{"appid":"wx9bd85e016d66c1ea","err_code":"TRANSACTION_ID_INVALID","err_code_des":"\u8ba2\u5355\u53f7\u975e\u6cd5","mch_id":"1279292901","nonce_str":"MP3uP6GncP3RxLs6","result_code":"FAIL","return_code":"SUCCESS","return_msg":"OK","sign":"44C0B20E129224D421986B5E7A79F6B9"}
[2015-12-13 00:05:01][debug] begin notify
[2015-12-13 00:05:01][debug] call back:{"appid":"wx9bd85e016d66c1ea","attach":"\u5fae\u652f\u4ed8","bank_type":"ICBC_DEBIT","cash_fee":"990","fee_type":"CNY","is_subscribe":"Y","mch_id":"1279292901","nonce_str":"fg4f8s3v6c94fsv08mrmnd59rnrt2qmx","openid":"oPfflwRqpXCi3L8DWuyFvqY8Hvck","out_trade_no":"127929290120151213000045","result_code":"SUCCESS","return_code":"SUCCESS","sign":"FD6926EFFAA63B3D33BED060B5242DEC","time_end":"20151213000054","total_fee":"990","trade_type":"JSAPI","transaction_id":"1007480707201512132051483739"}
[2015-12-13 00:05:54][debug] begin notify
[2015-12-13 00:05:54][debug] call back:{"appid":"wx9bd85e016d66c1ea","attach":"\u5fae\u652f\u4ed8","bank_type":"CMBC_DEBIT","cash_fee":"990","fee_type":"CNY","is_subscribe":"Y","mch_id":"1279292901","nonce_str":"kg0gap6ine5gqd5pt3hyd6nns7y59mx2","openid":"oPfflwcJS9fscw8S2Q8zZaTHv8so","out_trade_no":"127929290120151212230134","result_code":"SUCCESS","return_code":"SUCCESS","sign":"2BEF47D42F7945C82C49740E637A2011","time_end":"20151212230144","total_fee":"990","trade_type":"JSAPI","transaction_id":"1000290707201512122050748927"}
[2015-12-13 00:08:32][debug] begin notify
[2015-12-13 00:08:32][debug] call back:{"appid":"wx9bd85e016d66c1ea","attach":"\u5fae\u652f\u4ed8","bank_type":"PSBC_DEBIT","cash_fee":"990","fee_type":"CNY","is_subscribe":"Y","mch_id":"1279292901","nonce_str":"w8k992dvzggi79vcsns9nje72ilnez9t","openid":"oPfflwf50kQ9wVCzSOJlj5sr1EXI","out_trade_no":"127929290120151213000756","result_code":"SUCCESS","return_code":"SUCCESS","sign":"32F351A50F1BB17217338C185F6F2C9C","time_end":"20151213000831","total_fee":"990","trade_type":"JSAPI","transaction_id":"1008720707201512132051565893"}
[2015-12-13 00:08:33][debug] query:{"appid":"wx9bd85e016d66c1ea","attach":"\u5fae\u652f\u4ed8","bank_type":"PSBC_DEBIT","cash_fee":"990","fee_type":"CNY","is_subscribe":"Y","mch_id":"1279292901","nonce_str":"fEAXlcBaGOuW9dlq","openid":"oPfflwf50kQ9wVCzSOJlj5sr1EXI","out_trade_no":"127929290120151213000756","result_code":"SUCCESS","return_code":"SUCCESS","return_msg":"OK","sign":"C8D92721C3F8814C50F7EE910E0AC365","time_end":"20151213000821","total_fee":"990","trade_state":"SUCCESS","trade_type":"JSAPI","transaction_id":"1008720707201512132051565893"}
[2015-12-13 00:08:33][debug] out_trade_no:127929290120151213000756
[2015-12-13 00:08:34][debug] query:{"appid":"wx9bd85e016d66c1ea","err_code":"TRANSACTION_ID_INVALID","err_code_des":"\u8ba2\u5355\u53f7\u975e\u6cd5","mch_id":"1279292901","nonce_str":"UsiXAtK94O0zF2dd","result_code":"FAIL","return_code":"SUCCESS","return_msg":"OK","sign":"C17C00F0DCBDD0C9EEBFC7C46B84BA26"}
[2015-12-13 00:14:49][debug] begin notify
[2015-12-13 00:14:49][debug] call back:{"appid":"wx9bd85e016d66c1ea","attach":"\u5fae\u652f\u4ed8","bank_type":"CFT","cash_fee":"990","fee_type":"CNY","is_subscribe":"Y","mch_id":"1279292901","nonce_str":"7ezpw9ldxqyxn5l8f18bp8v7ktf8wad5","openid":"oPfflwcFnYwD3CaptA9P1zr7H4CU","out_trade_no":"127929290120151213001440","result_code":"SUCCESS","return_code":"SUCCESS","sign":"E1BE2D401CAF728D4491B93FE8B4CF58","time_end":"20151213001449","total_fee":"990","trade_type":"JSAPI","transaction_id":"1004070707201512132051626483"}
[2015-12-13 00:14:51][debug] query:{"appid":"wx9bd85e016d66c1ea","attach":"\u5fae\u652f\u4ed8","bank_type":"CFT","cash_fee":"990","fee_type":"CNY","is_subscribe":"Y","mch_id":"1279292901","nonce_str":"DgXxL6r852fICvoO","openid":"oPfflwcFnYwD3CaptA9P1zr7H4CU","out_trade_no":"127929290120151213001440","result_code":"SUCCESS","return_code":"SUCCESS","return_msg":"OK","sign":"AFD1097A9A15738934F2882ECFCC24CC","time_end":"20151213001449","total_fee":"990","trade_state":"SUCCESS","trade_type":"JSAPI","transaction_id":"1004070707201512132051626483"}
[2015-12-13 00:14:51][debug] out_trade_no:127929290120151213001440
[2015-12-13 00:14:51][debug] query:{"appid":"wx9bd85e016d66c1ea","err_code":"TRANSACTION_ID_INVALID","err_code_des":"\u8ba2\u5355\u53f7\u975e\u6cd5","mch_id":"1279292901","nonce_str":"1IDQrdWAd8NzIICB","result_code":"FAIL","return_code":"SUCCESS","return_msg":"OK","sign":"1F55AF06390A15E4CCEC9EE6FDE9750C"}
[2015-12-13 00:15:31][debug] begin notify
[2015-12-13 00:15:31][debug] call back:{"appid":"wx9bd85e016d66c1ea","attach":"\u5fae\u652f\u4ed8","bank_type":"CFT","cash_fee":"990","fee_type":"CNY","is_subscribe":"Y","mch_id":"1279292901","nonce_str":"9o34fsgo7q9pmbrumv676sltsqsma1yk","openid":"oPfflwYWMnYO7Ksj7WzATjywMKzU","out_trade_no":"127929290120151213001524","result_code":"SUCCESS","return_code":"SUCCESS","sign":"58FF9CF46D9B75357582223F6D0B64BB","time_end":"20151213001530","total_fee":"990","trade_type":"JSAPI","transaction_id":"1009590707201512132051622527"}
[2015-12-13 00:15:32][debug] query:{"appid":"wx9bd85e016d66c1ea","attach":"\u5fae\u652f\u4ed8","bank_type":"CFT","cash_fee":"990","fee_type":"CNY","is_subscribe":"Y","mch_id":"1279292901","nonce_str":"EULQ4mXMUoCNcUl8","openid":"oPfflwYWMnYO7Ksj7WzATjywMKzU","out_trade_no":"127929290120151213001524","result_code":"SUCCESS","return_code":"SUCCESS","return_msg":"OK","sign":"9D2F6663C652034AC5CD881CC14841FD","time_end":"20151213001530","total_fee":"990","trade_state":"SUCCESS","trade_type":"JSAPI","transaction_id":"1009590707201512132051622527"}
[2015-12-13 00:15:32][debug] out_trade_no:127929290120151213001524
[2015-12-13 00:15:32][debug] query:{"appid":"wx9bd85e016d66c1ea","err_code":"TRANSACTION_ID_INVALID","err_code_des":"\u8ba2\u5355\u53f7\u975e\u6cd5","mch_id":"1279292901","nonce_str":"4wNdcKEULq2O1jVy","result_code":"FAIL","return_code":"SUCCESS","return_msg":"OK","sign":"0A959EDA70641526F42F1BD77E01F62B"}
[2015-12-13 00:27:24][debug] begin notify
[2015-12-13 00:27:24][debug] call back:{"appid":"wx9bd85e016d66c1ea","attach":"\u5fae\u652f\u4ed8","bank_type":"ICBC_DEBIT","cash_fee":"990","fee_type":"CNY","is_subscribe":"Y","mch_id":"1279292901","nonce_str":"fgbb0ppbgb9297lkzlhcekhalhzt6qif","openid":"oPfflwWGum-0A2i2gpLYz-o6kBTU","out_trade_no":"127929290120151212232303","result_code":"SUCCESS","return_code":"SUCCESS","sign":"5404A7067EEADD9BACEAFA9495FFCE81","time_end":"20151212232310","total_fee":"990","trade_type":"JSAPI","transaction_id":"1001120707201512122051042090"}
[2015-12-13 00:35:02][debug] begin notify
[2015-12-13 00:35:02][debug] call back:{"appid":"wx9bd85e016d66c1ea","attach":"\u5fae\u652f\u4ed8","bank_type":"ICBC_DEBIT","cash_fee":"990","fee_type":"CNY","is_subscribe":"Y","mch_id":"1279292901","nonce_str":"fg4f8s3v6c94fsv08mrmnd59rnrt2qmx","openid":"oPfflwRqpXCi3L8DWuyFvqY8Hvck","out_trade_no":"127929290120151213000045","result_code":"SUCCESS","return_code":"SUCCESS","sign":"FD6926EFFAA63B3D33BED060B5242DEC","time_end":"20151213000054","total_fee":"990","trade_type":"JSAPI","transaction_id":"1007480707201512132051483739"}
[2015-12-13 00:35:59][debug] begin notify
[2015-12-13 00:35:59][debug] call back:{"appid":"wx9bd85e016d66c1ea","attach":"\u5fae\u652f\u4ed8","bank_type":"CMBC_DEBIT","cash_fee":"990","fee_type":"CNY","is_subscribe":"Y","mch_id":"1279292901","nonce_str":"kg0gap6ine5gqd5pt3hyd6nns7y59mx2","openid":"oPfflwcJS9fscw8S2Q8zZaTHv8so","out_trade_no":"127929290120151212230134","result_code":"SUCCESS","return_code":"SUCCESS","sign":"2BEF47D42F7945C82C49740E637A2011","time_end":"20151212230144","total_fee":"990","trade_type":"JSAPI","transaction_id":"1000290707201512122050748927"}
[2015-12-13 00:57:26][debug] begin notify
[2015-12-13 00:57:26][debug] call back:{"appid":"wx9bd85e016d66c1ea","attach":"\u5fae\u652f\u4ed8","bank_type":"ICBC_DEBIT","cash_fee":"990","fee_type":"CNY","is_subscribe":"Y","mch_id":"1279292901","nonce_str":"fgbb0ppbgb9297lkzlhcekhalhzt6qif","openid":"oPfflwWGum-0A2i2gpLYz-o6kBTU","out_trade_no":"127929290120151212232303","result_code":"SUCCESS","return_code":"SUCCESS","sign":"5404A7067EEADD9BACEAFA9495FFCE81","time_end":"20151212232310","total_fee":"990","trade_type":"JSAPI","transaction_id":"1001120707201512122051042090"}
[2015-12-13 01:05:05][debug] begin notify
[2015-12-13 01:05:05][debug] call back:{"appid":"wx9bd85e016d66c1ea","attach":"\u5fae\u652f\u4ed8","bank_type":"ICBC_DEBIT","cash_fee":"990","fee_type":"CNY","is_subscribe":"Y","mch_id":"1279292901","nonce_str":"fg4f8s3v6c94fsv08mrmnd59rnrt2qmx","openid":"oPfflwRqpXCi3L8DWuyFvqY8Hvck","out_trade_no":"127929290120151213000045","result_code":"SUCCESS","return_code":"SUCCESS","sign":"FD6926EFFAA63B3D33BED060B5242DEC","time_end":"20151213000054","total_fee":"990","trade_type":"JSAPI","transaction_id":"1007480707201512132051483739"}
[2015-12-13 01:06:02][debug] begin notify
[2015-12-13 01:06:02][debug] call back:{"appid":"wx9bd85e016d66c1ea","attach":"\u5fae\u652f\u4ed8","bank_type":"CMBC_DEBIT","cash_fee":"990","fee_type":"CNY","is_subscribe":"Y","mch_id":"1279292901","nonce_str":"kg0gap6ine5gqd5pt3hyd6nns7y59mx2","openid":"oPfflwcJS9fscw8S2Q8zZaTHv8so","out_trade_no":"127929290120151212230134","result_code":"SUCCESS","return_code":"SUCCESS","sign":"2BEF47D42F7945C82C49740E637A2011","time_end":"20151212230144","total_fee":"990","trade_type":"JSAPI","transaction_id":"1000290707201512122050748927"}
[2015-12-13 01:27:28][debug] begin notify
[2015-12-13 01:27:28][debug] call back:{"appid":"wx9bd85e016d66c1ea","attach":"\u5fae\u652f\u4ed8","bank_type":"ICBC_DEBIT","cash_fee":"990","fee_type":"CNY","is_subscribe":"Y","mch_id":"1279292901","nonce_str":"fgbb0ppbgb9297lkzlhcekhalhzt6qif","openid":"oPfflwWGum-0A2i2gpLYz-o6kBTU","out_trade_no":"127929290120151212232303","result_code":"SUCCESS","return_code":"SUCCESS","sign":"5404A7067EEADD9BACEAFA9495FFCE81","time_end":"20151212232310","total_fee":"990","trade_type":"JSAPI","transaction_id":"1001120707201512122051042090"}
[2015-12-13 01:35:07][debug] begin notify
[2015-12-13 01:35:07][debug] call back:{"appid":"wx9bd85e016d66c1ea","attach":"\u5fae\u652f\u4ed8","bank_type":"ICBC_DEBIT","cash_fee":"990","fee_type":"CNY","is_subscribe":"Y","mch_id":"1279292901","nonce_str":"fg4f8s3v6c94fsv08mrmnd59rnrt2qmx","openid":"oPfflwRqpXCi3L8DWuyFvqY8Hvck","out_trade_no":"127929290120151213000045","result_code":"SUCCESS","return_code":"SUCCESS","sign":"FD6926EFFAA63B3D33BED060B5242DEC","time_end":"20151213000054","total_fee":"990","trade_type":"JSAPI","transaction_id":"1007480707201512132051483739"}
[2015-12-13 02:05:10][debug] begin notify
[2015-12-13 02:05:10][debug] call back:{"appid":"wx9bd85e016d66c1ea","attach":"\u5fae\u652f\u4ed8","bank_type":"ICBC_DEBIT","cash_fee":"990","fee_type":"CNY","is_subscribe":"Y","mch_id":"1279292901","nonce_str":"fg4f8s3v6c94fsv08mrmnd59rnrt2qmx","openid":"oPfflwRqpXCi3L8DWuyFvqY8Hvck","out_trade_no":"127929290120151213000045","result_code":"SUCCESS","return_code":"SUCCESS","sign":"FD6926EFFAA63B3D33BED060B5242DEC","time_end":"20151213000054","total_fee":"990","trade_type":"JSAPI","transaction_id":"1007480707201512132051483739"}
[2015-12-13 02:06:04][debug] begin notify
[2015-12-13 02:06:04][debug] call back:{"appid":"wx9bd85e016d66c1ea","attach":"\u5fae\u652f\u4ed8","bank_type":"CMBC_DEBIT","cash_fee":"990","fee_type":"CNY","is_subscribe":"Y","mch_id":"1279292901","nonce_str":"kg0gap6ine5gqd5pt3hyd6nns7y59mx2","openid":"oPfflwcJS9fscw8S2Q8zZaTHv8so","out_trade_no":"127929290120151212230134","result_code":"SUCCESS","return_code":"SUCCESS","sign":"2BEF47D42F7945C82C49740E637A2011","time_end":"20151212230144","total_fee":"990","trade_type":"JSAPI","transaction_id":"1000290707201512122050748927"}
[2015-12-13 02:27:31][debug] begin notify
[2015-12-13 02:27:31][debug] call back:{"appid":"wx9bd85e016d66c1ea","attach":"\u5fae\u652f\u4ed8","bank_type":"ICBC_DEBIT","cash_fee":"990","fee_type":"CNY","is_subscribe":"Y","mch_id":"1279292901","nonce_str":"fgbb0ppbgb9297lkzlhcekhalhzt6qif","openid":"oPfflwWGum-0A2i2gpLYz-o6kBTU","out_trade_no":"127929290120151212232303","result_code":"SUCCESS","return_code":"SUCCESS","sign":"5404A7067EEADD9BACEAFA9495FFCE81","time_end":"20151212232310","total_fee":"990","trade_type":"JSAPI","transaction_id":"1001120707201512122051042090"}
[2015-12-13 03:05:13][debug] begin notify
[2015-12-13 03:05:13][debug] call back:{"appid":"wx9bd85e016d66c1ea","attach":"\u5fae\u652f\u4ed8","bank_type":"ICBC_DEBIT","cash_fee":"990","fee_type":"CNY","is_subscribe":"Y","mch_id":"1279292901","nonce_str":"fg4f8s3v6c94fsv08mrmnd59rnrt2qmx","openid":"oPfflwRqpXCi3L8DWuyFvqY8Hvck","out_trade_no":"127929290120151213000045","result_code":"SUCCESS","return_code":"SUCCESS","sign":"FD6926EFFAA63B3D33BED060B5242DEC","time_end":"20151213000054","total_fee":"990","trade_type":"JSAPI","transaction_id":"1007480707201512132051483739"}
[2015-12-13 06:24:45][debug] begin notify
[2015-12-13 06:24:45][debug] call back:{"appid":"wx9bd85e016d66c1ea","attach":"\u5fae\u652f\u4ed8","bank_type":"CCB_DEBIT","cash_fee":"990","fee_type":"CNY","is_subscribe":"Y","mch_id":"1279292901","nonce_str":"7detfdpfhjmmlo9hkgmvok3myrsbam9l","openid":"oPfflwQNrZzlaRRO-9f10SMQ0Ilc","out_trade_no":"127929290120151213062434","result_code":"SUCCESS","return_code":"SUCCESS","sign":"6D316D7FE02A94FB1B5BEF5A6043FC5E","time_end":"20151213062445","total_fee":"990","trade_type":"JSAPI","transaction_id":"1008800707201512132052698452"}
[2015-12-13 06:24:46][debug] query:{"appid":"wx9bd85e016d66c1ea","attach":"\u5fae\u652f\u4ed8","bank_type":"CCB_DEBIT","cash_fee":"990","fee_type":"CNY","is_subscribe":"Y","mch_id":"1279292901","nonce_str":"DXuqjrojv4J1IIEA","openid":"oPfflwQNrZzlaRRO-9f10SMQ0Ilc","out_trade_no":"127929290120151213062434","result_code":"SUCCESS","return_code":"SUCCESS","return_msg":"OK","sign":"55BE7E5122FFC083271370CAD13FE123","time_end":"20151213062444","total_fee":"990","trade_state":"SUCCESS","trade_type":"JSAPI","transaction_id":"1008800707201512132052698452"}
[2015-12-13 06:24:46][debug] out_trade_no:127929290120151213062434
[2015-12-13 06:24:47][debug] query:{"appid":"wx9bd85e016d66c1ea","err_code":"TRANSACTION_ID_INVALID","err_code_des":"\u8ba2\u5355\u53f7\u975e\u6cd5","mch_id":"1279292901","nonce_str":"XRDMTI0kmNqRDOU2","result_code":"FAIL","return_code":"SUCCESS","return_msg":"OK","sign":"FED28EE189CCC3F3CF64B1FCACC25820"}
[2015-12-13 09:33:23][debug] begin notify
[2015-12-13 09:33:23][debug] call back:{"appid":"wx9bd85e016d66c1ea","attach":"\u5fae\u652f\u4ed8","bank_type":"ABC_DEBIT","cash_fee":"990","fee_type":"CNY","is_subscribe":"Y","mch_id":"1279292901","nonce_str":"0cbnp4zigolr8bwfsevj3fjz44oc7d6q","openid":"oPfflwawmSjR3XR7XrsXgPBkC2GA","out_trade_no":"127929290120151213093314","result_code":"SUCCESS","return_code":"SUCCESS","sign":"5CFCF551F560623F62C1E209EEF83EE1","time_end":"20151213093323","total_fee":"990","trade_type":"JSAPI","transaction_id":"1007870707201512132053749788"}
[2015-12-13 09:33:25][debug] query:{"appid":"wx9bd85e016d66c1ea","attach":"\u5fae\u652f\u4ed8","bank_type":"ABC_DEBIT","cash_fee":"990","fee_type":"CNY","is_subscribe":"Y","mch_id":"1279292901","nonce_str":"uwiImeXrwLE3wiNU","openid":"oPfflwawmSjR3XR7XrsXgPBkC2GA","out_trade_no":"127929290120151213093314","result_code":"SUCCESS","return_code":"SUCCESS","return_msg":"OK","sign":"4CB29AC2AA6FE4C08079B6AB4891232F","time_end":"20151213093322","total_fee":"990","trade_state":"SUCCESS","trade_type":"JSAPI","transaction_id":"1007870707201512132053749788"}
[2015-12-13 09:33:25][debug] out_trade_no:127929290120151213093314
[2015-12-13 09:33:25][debug] query:{"appid":"wx9bd85e016d66c1ea","err_code":"TRANSACTION_ID_INVALID","err_code_des":"\u8ba2\u5355\u53f7\u975e\u6cd5","mch_id":"1279292901","nonce_str":"xHOMP0lSxjv09XyF","result_code":"FAIL","return_code":"SUCCESS","return_msg":"OK","sign":"E3B4E2800E375E03220A81E6F6FF9B9D"}
[2015-12-13 11:16:23][debug] begin notify
[2015-12-13 11:16:23][debug] call back:{"appid":"wx9bd85e016d66c1ea","attach":"\u5fae\u652f\u4ed8","bank_type":"CFT","cash_fee":"990","fee_type":"CNY","is_subscribe":"Y","mch_id":"1279292901","nonce_str":"y6w78a67283l741i3bnmd4dtf6o4p47c","openid":"oPfflwdHVPA91j3DmieZrcJbRz64","out_trade_no":"127929290120151213111614","result_code":"SUCCESS","return_code":"SUCCESS","sign":"583F165B641952151ECD507B88B4AEF4","time_end":"20151213111622","total_fee":"990","trade_type":"JSAPI","transaction_id":"1003760707201512132055569800"}
[2015-12-13 11:16:25][debug] query:{"appid":"wx9bd85e016d66c1ea","attach":"\u5fae\u652f\u4ed8","bank_type":"CFT","cash_fee":"990","fee_type":"CNY","is_subscribe":"Y","mch_id":"1279292901","nonce_str":"pcxo4ZWKHDJhzBWt","openid":"oPfflwdHVPA91j3DmieZrcJbRz64","out_trade_no":"127929290120151213111614","result_code":"SUCCESS","return_code":"SUCCESS","return_msg":"OK","sign":"2CA97CB95AD28AFFF141AF789E5673EC","time_end":"20151213111622","total_fee":"990","trade_state":"SUCCESS","trade_type":"JSAPI","transaction_id":"1003760707201512132055569800"}
[2015-12-13 11:16:25][debug] out_trade_no:127929290120151213111614
[2015-12-13 11:16:25][debug] query:{"appid":"wx9bd85e016d66c1ea","err_code":"TRANSACTION_ID_INVALID","err_code_des":"\u8ba2\u5355\u53f7\u975e\u6cd5","mch_id":"1279292901","nonce_str":"LnmAgfB2kNxdfDzT","result_code":"FAIL","return_code":"SUCCESS","return_msg":"OK","sign":"8D94B8C6BA2C11B2B7F1AFC121C2C165"}
[2015-12-13 11:27:39][debug] begin notify
[2015-12-13 11:27:39][debug] call back:{"appid":"wx9bd85e016d66c1ea","attach":"\u5fae\u652f\u4ed8","bank_type":"CFT","cash_fee":"990","fee_type":"CNY","is_subscribe":"Y","mch_id":"1279292901","nonce_str":"oajdvdo8vvy2wuav0w2qp9pd7p5kgyqn","openid":"oPfflwetf3uydN2NhreeU5w-QWkw","out_trade_no":"127929290120151213112729","result_code":"SUCCESS","return_code":"SUCCESS","sign":"BE23506A7284C42CE88D6A6C3DDC0A1B","time_end":"20151213112737","total_fee":"990","trade_type":"JSAPI","transaction_id":"1008570707201512132055870208"}
[2015-12-13 11:27:40][debug] query:{"appid":"wx9bd85e016d66c1ea","attach":"\u5fae\u652f\u4ed8","bank_type":"CFT","cash_fee":"990","fee_type":"CNY","is_subscribe":"Y","mch_id":"1279292901","nonce_str":"aa6VqI40nLygTEjq","openid":"oPfflwetf3uydN2NhreeU5w-QWkw","out_trade_no":"127929290120151213112729","result_code":"SUCCESS","return_code":"SUCCESS","return_msg":"OK","sign":"01877B29FDB6A1FC34692335F0063687","time_end":"20151213112737","total_fee":"990","trade_state":"SUCCESS","trade_type":"JSAPI","transaction_id":"1008570707201512132055870208"}
[2015-12-13 11:27:40][debug] out_trade_no:127929290120151213112729
[2015-12-13 11:27:40][debug] query:{"appid":"wx9bd85e016d66c1ea","err_code":"TRANSACTION_ID_INVALID","err_code_des":"\u8ba2\u5355\u53f7\u975e\u6cd5","mch_id":"1279292901","nonce_str":"jON3kSLdwBUNz0Vq","result_code":"FAIL","return_code":"SUCCESS","return_msg":"OK","sign":"8E7459B888979D8FF1F5BF3E9DABF8FC"}
[2015-12-13 11:27:52][debug] begin notify
[2015-12-13 11:27:52][debug] call back:{"appid":"wx9bd85e016d66c1ea","attach":"\u5fae\u652f\u4ed8","bank_type":"CFT","cash_fee":"990","fee_type":"CNY","is_subscribe":"Y","mch_id":"1279292901","nonce_str":"oajdvdo8vvy2wuav0w2qp9pd7p5kgyqn","openid":"oPfflwetf3uydN2NhreeU5w-QWkw","out_trade_no":"127929290120151213112729","result_code":"SUCCESS","return_code":"SUCCESS","sign":"BE23506A7284C42CE88D6A6C3DDC0A1B","time_end":"20151213112737","total_fee":"990","trade_type":"JSAPI","transaction_id":"1008570707201512132055870208"}
[2015-12-13 11:28:10][debug] begin notify
[2015-12-13 11:28:10][debug] call back:{"appid":"wx9bd85e016d66c1ea","attach":"\u5fae\u652f\u4ed8","bank_type":"CFT","cash_fee":"990","fee_type":"CNY","is_subscribe":"Y","mch_id":"1279292901","nonce_str":"oajdvdo8vvy2wuav0w2qp9pd7p5kgyqn","openid":"oPfflwetf3uydN2NhreeU5w-QWkw","out_trade_no":"127929290120151213112729","result_code":"SUCCESS","return_code":"SUCCESS","sign":"BE23506A7284C42CE88D6A6C3DDC0A1B","time_end":"20151213112737","total_fee":"990","trade_type":"JSAPI","transaction_id":"1008570707201512132055870208"}
[2015-12-13 11:28:43][debug] begin notify
[2015-12-13 11:28:43][debug] call back:{"appid":"wx9bd85e016d66c1ea","attach":"\u5fae\u652f\u4ed8","bank_type":"CFT","cash_fee":"990","fee_type":"CNY","is_subscribe":"Y","mch_id":"1279292901","nonce_str":"oajdvdo8vvy2wuav0w2qp9pd7p5kgyqn","openid":"oPfflwetf3uydN2NhreeU5w-QWkw","out_trade_no":"127929290120151213112729","result_code":"SUCCESS","return_code":"SUCCESS","sign":"BE23506A7284C42CE88D6A6C3DDC0A1B","time_end":"20151213112737","total_fee":"990","trade_type":"JSAPI","transaction_id":"1008570707201512132055870208"}
[2015-12-13 11:31:45][debug] begin notify
[2015-12-13 11:31:45][debug] call back:{"appid":"wx9bd85e016d66c1ea","attach":"\u5fae\u652f\u4ed8","bank_type":"CFT","cash_fee":"990","fee_type":"CNY","is_subscribe":"Y","mch_id":"1279292901","nonce_str":"oajdvdo8vvy2wuav0w2qp9pd7p5kgyqn","openid":"oPfflwetf3uydN2NhreeU5w-QWkw","out_trade_no":"127929290120151213112729","result_code":"SUCCESS","return_code":"SUCCESS","sign":"BE23506A7284C42CE88D6A6C3DDC0A1B","time_end":"20151213112737","total_fee":"990","trade_type":"JSAPI","transaction_id":"1008570707201512132055870208"}
[2015-12-13 12:01:26][debug] begin notify
[2015-12-13 12:01:26][debug] call back:{"appid":"wx9bd85e016d66c1ea","attach":"\u5fae\u652f\u4ed8","bank_type":"ABC_DEBIT","cash_fee":"990","fee_type":"CNY","is_subscribe":"Y","mch_id":"1279292901","nonce_str":"kt01kx6kfkpt3e5el5t79liuppeb4919","openid":"oPfflwYHQJVptkmCZ3pHRukvYrr0","out_trade_no":"127929290120151213120040","result_code":"SUCCESS","return_code":"SUCCESS","sign":"EEF15A507D875ECBC59AF820E97F4F55","time_end":"20151213120125","total_fee":"990","trade_type":"JSAPI","transaction_id":"1002370707201512132056776293"}
[2015-12-13 12:01:27][debug] query:{"appid":"wx9bd85e016d66c1ea","attach":"\u5fae\u652f\u4ed8","bank_type":"ABC_DEBIT","cash_fee":"990","fee_type":"CNY","is_subscribe":"Y","mch_id":"1279292901","nonce_str":"U6zBVGIpoaP2pOF9","openid":"oPfflwYHQJVptkmCZ3pHRukvYrr0","out_trade_no":"127929290120151213120040","result_code":"SUCCESS","return_code":"SUCCESS","return_msg":"OK","sign":"835C13C36E841ED30B8B3179BB47DAA3","time_end":"20151213120110","total_fee":"990","trade_state":"SUCCESS","trade_type":"JSAPI","transaction_id":"1002370707201512132056776293"}
[2015-12-13 12:01:27][debug] out_trade_no:127929290120151213120040
[2015-12-13 12:01:27][debug] query:{"appid":"wx9bd85e016d66c1ea","err_code":"TRANSACTION_ID_INVALID","err_code_des":"\u8ba2\u5355\u53f7\u975e\u6cd5","mch_id":"1279292901","nonce_str":"pRdkIk7t2olUTwAx","result_code":"FAIL","return_code":"SUCCESS","return_msg":"OK","sign":"910E953EA35A3AD9A038D673052D7071"}
[2015-12-13 12:01:48][debug] begin notify
[2015-12-13 12:01:48][debug] call back:{"appid":"wx9bd85e016d66c1ea","attach":"\u5fae\u652f\u4ed8","bank_type":"CFT","cash_fee":"990","fee_type":"CNY","is_subscribe":"Y","mch_id":"1279292901","nonce_str":"oajdvdo8vvy2wuav0w2qp9pd7p5kgyqn","openid":"oPfflwetf3uydN2NhreeU5w-QWkw","out_trade_no":"127929290120151213112729","result_code":"SUCCESS","return_code":"SUCCESS","sign":"BE23506A7284C42CE88D6A6C3DDC0A1B","time_end":"20151213112737","total_fee":"990","trade_type":"JSAPI","transaction_id":"1008570707201512132055870208"}
[2015-12-13 12:19:15][debug] begin notify
[2015-12-13 12:19:15][debug] call back:{"appid":"wx9bd85e016d66c1ea","attach":"\u5fae\u652f\u4ed8","bank_type":"CFT","cash_fee":"990","fee_type":"CNY","is_subscribe":"Y","mch_id":"1279292901","nonce_str":"m9zuv3f4tqrzuqo9z5xzql8y3sopvno3","openid":"oPfflwdgDtc7ScuOQrXU3-qokjyQ","out_trade_no":"127929290120151213121905","result_code":"SUCCESS","return_code":"SUCCESS","sign":"81BC4F2CE69D0CE709CF2D5716849D68","time_end":"20151213121915","total_fee":"990","trade_type":"JSAPI","transaction_id":"1000340707201512132057297832"}
[2015-12-13 12:19:17][debug] query:{"appid":"wx9bd85e016d66c1ea","attach":"\u5fae\u652f\u4ed8","bank_type":"CFT","cash_fee":"990","fee_type":"CNY","is_subscribe":"Y","mch_id":"1279292901","nonce_str":"jYGHE6dF47b4JEt0","openid":"oPfflwdgDtc7ScuOQrXU3-qokjyQ","out_trade_no":"127929290120151213121905","result_code":"SUCCESS","return_code":"SUCCESS","return_msg":"OK","sign":"386675DC10ECD02565F9784F2A3B7C72","time_end":"20151213121914","total_fee":"990","trade_state":"SUCCESS","trade_type":"JSAPI","transaction_id":"1000340707201512132057297832"}
[2015-12-13 12:19:17][debug] out_trade_no:127929290120151213121905
[2015-12-13 12:19:17][debug] query:{"appid":"wx9bd85e016d66c1ea","err_code":"TRANSACTION_ID_INVALID","err_code_des":"\u8ba2\u5355\u53f7\u975e\u6cd5","mch_id":"1279292901","nonce_str":"f57IEkAB9lM8mfAi","result_code":"FAIL","return_code":"SUCCESS","return_msg":"OK","sign":"3E5D755087F12140AD31C6F8CC014A35"}
[2015-12-13 12:31:52][debug] begin notify
[2015-12-13 12:31:52][debug] call back:{"appid":"wx9bd85e016d66c1ea","attach":"\u5fae\u652f\u4ed8","bank_type":"CFT","cash_fee":"990","fee_type":"CNY","is_subscribe":"Y","mch_id":"1279292901","nonce_str":"oajdvdo8vvy2wuav0w2qp9pd7p5kgyqn","openid":"oPfflwetf3uydN2NhreeU5w-QWkw","out_trade_no":"127929290120151213112729","result_code":"SUCCESS","return_code":"SUCCESS","sign":"BE23506A7284C42CE88D6A6C3DDC0A1B","time_end":"20151213112737","total_fee":"990","trade_type":"JSAPI","transaction_id":"1008570707201512132055870208"}
[2015-12-13 13:01:56][debug] begin notify
[2015-12-13 13:01:56][debug] call back:{"appid":"wx9bd85e016d66c1ea","attach":"\u5fae\u652f\u4ed8","bank_type":"CFT","cash_fee":"990","fee_type":"CNY","is_subscribe":"Y","mch_id":"1279292901","nonce_str":"oajdvdo8vvy2wuav0w2qp9pd7p5kgyqn","openid":"oPfflwetf3uydN2NhreeU5w-QWkw","out_trade_no":"127929290120151213112729","result_code":"SUCCESS","return_code":"SUCCESS","sign":"BE23506A7284C42CE88D6A6C3DDC0A1B","time_end":"20151213112737","total_fee":"990","trade_type":"JSAPI","transaction_id":"1008570707201512132055870208"}
[2015-12-13 13:31:58][debug] begin notify
[2015-12-13 13:31:58][debug] call back:{"appid":"wx9bd85e016d66c1ea","attach":"\u5fae\u652f\u4ed8","bank_type":"CFT","cash_fee":"990","fee_type":"CNY","is_subscribe":"Y","mch_id":"1279292901","nonce_str":"oajdvdo8vvy2wuav0w2qp9pd7p5kgyqn","openid":"oPfflwetf3uydN2NhreeU5w-QWkw","out_trade_no":"127929290120151213112729","result_code":"SUCCESS","return_code":"SUCCESS","sign":"BE23506A7284C42CE88D6A6C3DDC0A1B","time_end":"20151213112737","total_fee":"990","trade_type":"JSAPI","transaction_id":"1008570707201512132055870208"}
[2015-12-13 14:29:24][debug] begin notify
[2015-12-13 14:29:24][debug] call back:{"appid":"wx9bd85e016d66c1ea","attach":"\u5fae\u652f\u4ed8","bank_type":"CFT","cash_fee":"990","fee_type":"CNY","is_subscribe":"Y","mch_id":"1279292901","nonce_str":"zffxaq1sai6v5eyt4m34i9znuhm78lzu","openid":"oPfflwQvEDSkDZRCMNt06zbxGcNc","out_trade_no":"127929290120151213142917","result_code":"SUCCESS","return_code":"SUCCESS","sign":"76941F528B36F1CCBA62CD1D80349385","time_end":"20151213142924","total_fee":"990","trade_type":"JSAPI","transaction_id":"1006620707201512132060271081"}
[2015-12-13 14:29:25][debug] query:{"appid":"wx9bd85e016d66c1ea","attach":"\u5fae\u652f\u4ed8","bank_type":"CFT","cash_fee":"990","fee_type":"CNY","is_subscribe":"Y","mch_id":"1279292901","nonce_str":"nYjMQiQ2lgArWTmi","openid":"oPfflwQvEDSkDZRCMNt06zbxGcNc","out_trade_no":"127929290120151213142917","result_code":"SUCCESS","return_code":"SUCCESS","return_msg":"OK","sign":"AB0314114EC47B558DFD0073DB62C3CB","time_end":"20151213142923","total_fee":"990","trade_state":"SUCCESS","trade_type":"JSAPI","transaction_id":"1006620707201512132060271081"}
[2015-12-13 14:29:25][debug] out_trade_no:127929290120151213142917
[2015-12-13 14:29:25][debug] query:{"appid":"wx9bd85e016d66c1ea","err_code":"TRANSACTION_ID_INVALID","err_code_des":"\u8ba2\u5355\u53f7\u975e\u6cd5","mch_id":"1279292901","nonce_str":"j7iYJBAyhwuS3e5R","result_code":"FAIL","return_code":"SUCCESS","return_msg":"OK","sign":"6291A23559B06B896B311E413438A3E3"}
[2015-12-13 14:32:01][debug] begin notify
[2015-12-13 14:32:01][debug] call back:{"appid":"wx9bd85e016d66c1ea","attach":"\u5fae\u652f\u4ed8","bank_type":"CFT","cash_fee":"990","fee_type":"CNY","is_subscribe":"Y","mch_id":"1279292901","nonce_str":"oajdvdo8vvy2wuav0w2qp9pd7p5kgyqn","openid":"oPfflwetf3uydN2NhreeU5w-QWkw","out_trade_no":"127929290120151213112729","result_code":"SUCCESS","return_code":"SUCCESS","sign":"BE23506A7284C42CE88D6A6C3DDC0A1B","time_end":"20151213112737","total_fee":"990","trade_type":"JSAPI","transaction_id":"1008570707201512132055870208"}
[2015-12-13 23:04:57][debug] begin notify
[2015-12-13 23:04:57][debug] call back:{"appid":"wx9bd85e016d66c1ea","attach":"\u5fae\u652f\u4ed8","bank_type":"CFT","cash_fee":"990","fee_type":"CNY","is_subscribe":"Y","mch_id":"1279292901","nonce_str":"vo6p2d5c2b1gmncuqo4g3eazsrtuj7wp","openid":"oPfflwcSsa-QKBPnNXO2dmYiZQjQ","out_trade_no":"127929290120151213230445","result_code":"SUCCESS","return_code":"SUCCESS","sign":"4B9FC7E91D9E70B1689AC6BCA794625B","time_end":"20151213230457","total_fee":"990","trade_type":"JSAPI","transaction_id":"1003600707201512132070017850"}
[2015-12-13 23:04:58][debug] query:{"appid":"wx9bd85e016d66c1ea","attach":"\u5fae\u652f\u4ed8","bank_type":"CFT","cash_fee":"990","fee_type":"CNY","is_subscribe":"Y","mch_id":"1279292901","nonce_str":"m0v04OKubj0W5WhG","openid":"oPfflwcSsa-QKBPnNXO2dmYiZQjQ","out_trade_no":"127929290120151213230445","result_code":"SUCCESS","return_code":"SUCCESS","return_msg":"OK","sign":"AC68001F3E8643FCF944A5B1E629211A","time_end":"20151213230456","total_fee":"990","trade_state":"SUCCESS","trade_type":"JSAPI","transaction_id":"1003600707201512132070017850"}
[2015-12-13 23:04:58][debug] out_trade_no:127929290120151213230445
[2015-12-13 23:04:59][debug] query:{"appid":"wx9bd85e016d66c1ea","err_code":"TRANSACTION_ID_INVALID","err_code_des":"\u8ba2\u5355\u53f7\u975e\u6cd5","mch_id":"1279292901","nonce_str":"7fdRXKyrYS66RqDY","result_code":"FAIL","return_code":"SUCCESS","return_msg":"OK","sign":"D403ECCC84EDE8ECD18F70EDA8836CC4"}
[2015-12-13 23:08:12][debug] begin notify
[2015-12-13 23:08:12][debug] call back:{"appid":"wx9bd85e016d66c1ea","attach":"\u5fae\u652f\u4ed8","bank_type":"CCB_DEBIT","cash_fee":"990","fee_type":"CNY","is_subscribe":"Y","mch_id":"1279292901","nonce_str":"22hscaxd65stxjkdnza5pujuegtn3gfp","openid":"oPfflwSJguJmGCZvT4pimFCkaAbc","out_trade_no":"127929290120151213230805","result_code":"SUCCESS","return_code":"SUCCESS","sign":"9170BAE7274CC328DF4646D7F8354C43","time_end":"20151213230812","total_fee":"990","trade_type":"JSAPI","transaction_id":"1008440707201512132070060624"}
[2015-12-13 23:08:13][debug] query:{"appid":"wx9bd85e016d66c1ea","attach":"\u5fae\u652f\u4ed8","bank_type":"CCB_DEBIT","cash_fee":"990","fee_type":"CNY","is_subscribe":"Y","mch_id":"1279292901","nonce_str":"zLCwIELY1kgNqAVb","openid":"oPfflwSJguJmGCZvT4pimFCkaAbc","out_trade_no":"127929290120151213230805","result_code":"SUCCESS","return_code":"SUCCESS","return_msg":"OK","sign":"8EB59B0CB01EEC8695F089A2A798D6E3","time_end":"20151213230811","total_fee":"990","trade_state":"SUCCESS","trade_type":"JSAPI","transaction_id":"1008440707201512132070060624"}
[2015-12-13 23:08:13][debug] out_trade_no:127929290120151213230805
[2015-12-13 23:08:14][debug] query:{"appid":"wx9bd85e016d66c1ea","err_code":"TRANSACTION_ID_INVALID","err_code_des":"\u8ba2\u5355\u53f7\u975e\u6cd5","mch_id":"1279292901","nonce_str":"7dtUdPdLZzPdkecV","result_code":"FAIL","return_code":"SUCCESS","return_msg":"OK","sign":"6859219C5049127F05F49D43957B74A8"}
