[2015-12-15 00:27:15][debug] begin notify
[2015-12-15 00:27:15][debug] call back:{"appid":"wx9bd85e016d66c1ea","attach":"\u5fae\u652f\u4ed8","bank_type":"CCB_DEBIT","cash_fee":"990","fee_type":"CNY","is_subscribe":"Y","mch_id":"1279292901","nonce_str":"vkzocl36rvvt9vdrzk71ru01cf5jz0gd","openid":"oPfflwfD0Whsak3cYGLscx7KupT0","out_trade_no":"127929290120151215002547","result_code":"SUCCESS","return_code":"SUCCESS","sign":"702D6B400A6EDB557B4E498DF1BFCDA6","time_end":"20151215002713","total_fee":"990","trade_type":"JSAPI","transaction_id":"1000100707201512152088883211"}
[2015-12-15 00:27:19][debug] query:{"appid":"wx9bd85e016d66c1ea","attach":"\u5fae\u652f\u4ed8","bank_type":"CCB_DEBIT","cash_fee":"990","fee_type":"CNY","is_subscribe":"Y","mch_id":"1279292901","nonce_str":"iwBPp80q2HexnveU","openid":"oPfflwfD0Whsak3cYGLscx7KupT0","out_trade_no":"127929290120151215002547","result_code":"SUCCESS","return_code":"SUCCESS","return_msg":"OK","sign":"4022CC7400DC3A07C6AEC964546FB101","time_end":"20151215002649","total_fee":"990","trade_state":"SUCCESS","trade_type":"JSAPI","transaction_id":"1000100707201512152088883211"}
[2015-12-15 00:27:19][debug] out_trade_no:127929290120151215002547
[2015-12-15 00:27:19][debug] query:{"appid":"wx9bd85e016d66c1ea","err_code":"TRANSACTION_ID_INVALID","err_code_des":"\u8ba2\u5355\u53f7\u975e\u6cd5","mch_id":"1279292901","nonce_str":"XK33I1rSdWq4XV1g","result_code":"FAIL","return_code":"SUCCESS","return_msg":"OK","sign":"7952A016AADCF0CB60155F95404BF4DA"}
[2015-12-15 00:27:35][debug] begin notify
[2015-12-15 00:27:35][debug] call back:{"appid":"wx9bd85e016d66c1ea","attach":"\u5fae\u652f\u4ed8","bank_type":"CCB_DEBIT","cash_fee":"990","fee_type":"CNY","is_subscribe":"Y","mch_id":"1279292901","nonce_str":"vkzocl36rvvt9vdrzk71ru01cf5jz0gd","openid":"oPfflwfD0Whsak3cYGLscx7KupT0","out_trade_no":"127929290120151215002547","result_code":"SUCCESS","return_code":"SUCCESS","sign":"702D6B400A6EDB557B4E498DF1BFCDA6","time_end":"20151215002713","total_fee":"990","trade_type":"JSAPI","transaction_id":"1000100707201512152088883211"}
[2015-12-15 00:27:51][debug] begin notify
[2015-12-15 00:27:51][debug] call back:{"appid":"wx9bd85e016d66c1ea","attach":"\u5fae\u652f\u4ed8","bank_type":"CCB_DEBIT","cash_fee":"990","fee_type":"CNY","is_subscribe":"Y","mch_id":"1279292901","nonce_str":"vkzocl36rvvt9vdrzk71ru01cf5jz0gd","openid":"oPfflwfD0Whsak3cYGLscx7KupT0","out_trade_no":"127929290120151215002547","result_code":"SUCCESS","return_code":"SUCCESS","sign":"702D6B400A6EDB557B4E498DF1BFCDA6","time_end":"20151215002713","total_fee":"990","trade_type":"JSAPI","transaction_id":"1000100707201512152088883211"}
[2015-12-15 00:28:23][debug] begin notify
[2015-12-15 00:28:23][debug] call back:{"appid":"wx9bd85e016d66c1ea","attach":"\u5fae\u652f\u4ed8","bank_type":"CCB_DEBIT","cash_fee":"990","fee_type":"CNY","is_subscribe":"Y","mch_id":"1279292901","nonce_str":"vkzocl36rvvt9vdrzk71ru01cf5jz0gd","openid":"oPfflwfD0Whsak3cYGLscx7KupT0","out_trade_no":"127929290120151215002547","result_code":"SUCCESS","return_code":"SUCCESS","sign":"702D6B400A6EDB557B4E498DF1BFCDA6","time_end":"20151215002713","total_fee":"990","trade_type":"JSAPI","transaction_id":"1000100707201512152088883211"}
[2015-12-15 00:31:26][debug] begin notify
[2015-12-15 00:31:26][debug] call back:{"appid":"wx9bd85e016d66c1ea","attach":"\u5fae\u652f\u4ed8","bank_type":"CCB_DEBIT","cash_fee":"990","fee_type":"CNY","is_subscribe":"Y","mch_id":"1279292901","nonce_str":"vkzocl36rvvt9vdrzk71ru01cf5jz0gd","openid":"oPfflwfD0Whsak3cYGLscx7KupT0","out_trade_no":"127929290120151215002547","result_code":"SUCCESS","return_code":"SUCCESS","sign":"702D6B400A6EDB557B4E498DF1BFCDA6","time_end":"20151215002713","total_fee":"990","trade_type":"JSAPI","transaction_id":"1000100707201512152088883211"}
[2015-12-15 00:41:41][debug] begin notify
[2015-12-15 00:41:41][debug] call back:{"appid":"wx9bd85e016d66c1ea","attach":"\u5fae\u652f\u4ed8","bank_type":"CFT","cash_fee":"990","fee_type":"CNY","is_subscribe":"Y","mch_id":"1279292901","nonce_str":"gb7w37qited8vf1041img4qkx1zzxwp4","openid":"oPfflwVHbRjb2n-c2qw64d3Fm72Q","out_trade_no":"127929290120151215004128","result_code":"SUCCESS","return_code":"SUCCESS","sign":"CDD3D93D962A6ED774F12165CFB93C0F","time_end":"20151215004140","total_fee":"990","trade_type":"JSAPI","transaction_id":"1000490707201512152088972603"}
[2015-12-15 00:41:41][debug] query:{"appid":"wx9bd85e016d66c1ea","attach":"\u5fae\u652f\u4ed8","bank_type":"CFT","cash_fee":"990","fee_type":"CNY","is_subscribe":"Y","mch_id":"1279292901","nonce_str":"LIvhbqEkIiISxxLi","openid":"oPfflwVHbRjb2n-c2qw64d3Fm72Q","out_trade_no":"127929290120151215004128","result_code":"SUCCESS","return_code":"SUCCESS","return_msg":"OK","sign":"7BD76B01F752DD4C7C3F6AC184B50D5B","time_end":"20151215004140","total_fee":"990","trade_state":"SUCCESS","trade_type":"JSAPI","transaction_id":"1000490707201512152088972603"}
[2015-12-15 00:41:41][debug] out_trade_no:127929290120151215004128
[2015-12-15 00:41:42][debug] query:{"appid":"wx9bd85e016d66c1ea","err_code":"TRANSACTION_ID_INVALID","err_code_des":"\u8ba2\u5355\u53f7\u975e\u6cd5","mch_id":"1279292901","nonce_str":"7szVv7J2gC8avXPc","result_code":"FAIL","return_code":"SUCCESS","return_msg":"OK","sign":"98746B338A101988902F9D447100287F"}
[2015-12-15 01:01:28][debug] begin notify
[2015-12-15 01:01:28][debug] call back:{"appid":"wx9bd85e016d66c1ea","attach":"\u5fae\u652f\u4ed8","bank_type":"CCB_DEBIT","cash_fee":"990","fee_type":"CNY","is_subscribe":"Y","mch_id":"1279292901","nonce_str":"vkzocl36rvvt9vdrzk71ru01cf5jz0gd","openid":"oPfflwfD0Whsak3cYGLscx7KupT0","out_trade_no":"127929290120151215002547","result_code":"SUCCESS","return_code":"SUCCESS","sign":"702D6B400A6EDB557B4E498DF1BFCDA6","time_end":"20151215002713","total_fee":"990","trade_type":"JSAPI","transaction_id":"1000100707201512152088883211"}
[2015-12-15 01:31:32][debug] begin notify
[2015-12-15 01:31:32][debug] call back:{"appid":"wx9bd85e016d66c1ea","attach":"\u5fae\u652f\u4ed8","bank_type":"CCB_DEBIT","cash_fee":"990","fee_type":"CNY","is_subscribe":"Y","mch_id":"1279292901","nonce_str":"vkzocl36rvvt9vdrzk71ru01cf5jz0gd","openid":"oPfflwfD0Whsak3cYGLscx7KupT0","out_trade_no":"127929290120151215002547","result_code":"SUCCESS","return_code":"SUCCESS","sign":"702D6B400A6EDB557B4E498DF1BFCDA6","time_end":"20151215002713","total_fee":"990","trade_type":"JSAPI","transaction_id":"1000100707201512152088883211"}
[2015-12-15 02:01:34][debug] begin notify
[2015-12-15 02:01:34][debug] call back:{"appid":"wx9bd85e016d66c1ea","attach":"\u5fae\u652f\u4ed8","bank_type":"CCB_DEBIT","cash_fee":"990","fee_type":"CNY","is_subscribe":"Y","mch_id":"1279292901","nonce_str":"vkzocl36rvvt9vdrzk71ru01cf5jz0gd","openid":"oPfflwfD0Whsak3cYGLscx7KupT0","out_trade_no":"127929290120151215002547","result_code":"SUCCESS","return_code":"SUCCESS","sign":"702D6B400A6EDB557B4E498DF1BFCDA6","time_end":"20151215002713","total_fee":"990","trade_type":"JSAPI","transaction_id":"1000100707201512152088883211"}
[2015-12-15 02:31:36][debug] begin notify
[2015-12-15 02:31:36][debug] call back:{"appid":"wx9bd85e016d66c1ea","attach":"\u5fae\u652f\u4ed8","bank_type":"CCB_DEBIT","cash_fee":"990","fee_type":"CNY","is_subscribe":"Y","mch_id":"1279292901","nonce_str":"vkzocl36rvvt9vdrzk71ru01cf5jz0gd","openid":"oPfflwfD0Whsak3cYGLscx7KupT0","out_trade_no":"127929290120151215002547","result_code":"SUCCESS","return_code":"SUCCESS","sign":"702D6B400A6EDB557B4E498DF1BFCDA6","time_end":"20151215002713","total_fee":"990","trade_type":"JSAPI","transaction_id":"1000100707201512152088883211"}
[2015-12-15 03:31:40][debug] begin notify
[2015-12-15 03:31:40][debug] call back:{"appid":"wx9bd85e016d66c1ea","attach":"\u5fae\u652f\u4ed8","bank_type":"CCB_DEBIT","cash_fee":"990","fee_type":"CNY","is_subscribe":"Y","mch_id":"1279292901","nonce_str":"vkzocl36rvvt9vdrzk71ru01cf5jz0gd","openid":"oPfflwfD0Whsak3cYGLscx7KupT0","out_trade_no":"127929290120151215002547","result_code":"SUCCESS","return_code":"SUCCESS","sign":"702D6B400A6EDB557B4E498DF1BFCDA6","time_end":"20151215002713","total_fee":"990","trade_type":"JSAPI","transaction_id":"1000100707201512152088883211"}
[2015-12-15 08:26:45][debug] begin notify
[2015-12-15 08:26:45][debug] call back:{"appid":"wx9bd85e016d66c1ea","attach":"\u5fae\u652f\u4ed8","bank_type":"CFT","cash_fee":"990","fee_type":"CNY","is_subscribe":"Y","mch_id":"1279292901","nonce_str":"n07ujzlt6x6cmf2b2x686q6xhpdqcig6","openid":"oPfflwfFvlUFfdZNlKkVylYWE1Q0","out_trade_no":"127929290120151215082632","result_code":"SUCCESS","return_code":"SUCCESS","sign":"811210722568F6314E073A329D979220","time_end":"20151215082643","total_fee":"990","trade_type":"JSAPI","transaction_id":"1000480707201512152090149789"}
[2015-12-15 08:26:46][debug] query:{"appid":"wx9bd85e016d66c1ea","attach":"\u5fae\u652f\u4ed8","bank_type":"CFT","cash_fee":"990","fee_type":"CNY","is_subscribe":"Y","mch_id":"1279292901","nonce_str":"qywlS4Rn07FDSkZm","openid":"oPfflwfFvlUFfdZNlKkVylYWE1Q0","out_trade_no":"127929290120151215082632","result_code":"SUCCESS","return_code":"SUCCESS","return_msg":"OK","sign":"9EE8C5FF841AB4A393BE5B7873BD1DCC","time_end":"20151215082643","total_fee":"990","trade_state":"SUCCESS","trade_type":"JSAPI","transaction_id":"1000480707201512152090149789"}
[2015-12-15 08:26:46][debug] out_trade_no:127929290120151215082632
[2015-12-15 08:26:46][debug] query:{"appid":"wx9bd85e016d66c1ea","err_code":"TRANSACTION_ID_INVALID","err_code_des":"\u8ba2\u5355\u53f7\u975e\u6cd5","mch_id":"1279292901","nonce_str":"CV11WBfb6IAegcxl","result_code":"FAIL","return_code":"SUCCESS","return_msg":"OK","sign":"4092AD61DBB2F69294B18CD92E01D415"}
[2015-12-15 08:26:58][debug] begin notify
[2015-12-15 08:26:58][debug] call back:{"appid":"wx9bd85e016d66c1ea","attach":"\u5fae\u652f\u4ed8","bank_type":"CFT","cash_fee":"990","fee_type":"CNY","is_subscribe":"Y","mch_id":"1279292901","nonce_str":"n07ujzlt6x6cmf2b2x686q6xhpdqcig6","openid":"oPfflwfFvlUFfdZNlKkVylYWE1Q0","out_trade_no":"127929290120151215082632","result_code":"SUCCESS","return_code":"SUCCESS","sign":"811210722568F6314E073A329D979220","time_end":"20151215082643","total_fee":"990","trade_type":"JSAPI","transaction_id":"1000480707201512152090149789"}
[2015-12-15 08:27:16][debug] begin notify
[2015-12-15 08:27:16][debug] call back:{"appid":"wx9bd85e016d66c1ea","attach":"\u5fae\u652f\u4ed8","bank_type":"CFT","cash_fee":"990","fee_type":"CNY","is_subscribe":"Y","mch_id":"1279292901","nonce_str":"n07ujzlt6x6cmf2b2x686q6xhpdqcig6","openid":"oPfflwfFvlUFfdZNlKkVylYWE1Q0","out_trade_no":"127929290120151215082632","result_code":"SUCCESS","return_code":"SUCCESS","sign":"811210722568F6314E073A329D979220","time_end":"20151215082643","total_fee":"990","trade_type":"JSAPI","transaction_id":"1000480707201512152090149789"}
[2015-12-15 08:27:49][debug] begin notify
[2015-12-15 08:27:49][debug] call back:{"appid":"wx9bd85e016d66c1ea","attach":"\u5fae\u652f\u4ed8","bank_type":"CFT","cash_fee":"990","fee_type":"CNY","is_subscribe":"Y","mch_id":"1279292901","nonce_str":"n07ujzlt6x6cmf2b2x686q6xhpdqcig6","openid":"oPfflwfFvlUFfdZNlKkVylYWE1Q0","out_trade_no":"127929290120151215082632","result_code":"SUCCESS","return_code":"SUCCESS","sign":"811210722568F6314E073A329D979220","time_end":"20151215082643","total_fee":"990","trade_type":"JSAPI","transaction_id":"1000480707201512152090149789"}
[2015-12-15 08:30:51][debug] begin notify
[2015-12-15 08:30:51][debug] call back:{"appid":"wx9bd85e016d66c1ea","attach":"\u5fae\u652f\u4ed8","bank_type":"CFT","cash_fee":"990","fee_type":"CNY","is_subscribe":"Y","mch_id":"1279292901","nonce_str":"n07ujzlt6x6cmf2b2x686q6xhpdqcig6","openid":"oPfflwfFvlUFfdZNlKkVylYWE1Q0","out_trade_no":"127929290120151215082632","result_code":"SUCCESS","return_code":"SUCCESS","sign":"811210722568F6314E073A329D979220","time_end":"20151215082643","total_fee":"990","trade_type":"JSAPI","transaction_id":"1000480707201512152090149789"}
[2015-12-15 08:36:41][debug] begin notify
[2015-12-15 08:36:41][debug] call back:{"appid":"wx9bd85e016d66c1ea","attach":"\u5fae\u652f\u4ed8","bank_type":"CFT","cash_fee":"990","fee_type":"CNY","is_subscribe":"Y","mch_id":"1279292901","nonce_str":"ao48cghj3zen61w5e5sgdr96vy3mnwwn","openid":"oPfflwU-2FtaqcpwG-sFy0nHg7Yo","out_trade_no":"127929290120151215083637","result_code":"SUCCESS","return_code":"SUCCESS","sign":"34F06935337650469A19D9AA2B51B914","time_end":"20151215083641","total_fee":"990","trade_type":"JSAPI","transaction_id":"1005040707201512152090252039"}
[2015-12-15 08:36:42][debug] query:{"appid":"wx9bd85e016d66c1ea","attach":"\u5fae\u652f\u4ed8","bank_type":"CFT","cash_fee":"990","fee_type":"CNY","is_subscribe":"Y","mch_id":"1279292901","nonce_str":"tYFtijHxhDQZGu7v","openid":"oPfflwU-2FtaqcpwG-sFy0nHg7Yo","out_trade_no":"127929290120151215083637","result_code":"SUCCESS","return_code":"SUCCESS","return_msg":"OK","sign":"FA5DAA6AEA0D7709197DB837CA9246D5","time_end":"20151215083641","total_fee":"990","trade_state":"SUCCESS","trade_type":"JSAPI","transaction_id":"1005040707201512152090252039"}
[2015-12-15 08:36:42][debug] out_trade_no:127929290120151215083637
[2015-12-15 08:36:42][debug] query:{"appid":"wx9bd85e016d66c1ea","err_code":"TRANSACTION_ID_INVALID","err_code_des":"\u8ba2\u5355\u53f7\u975e\u6cd5","mch_id":"1279292901","nonce_str":"C38mewoLYQ2wvSnq","result_code":"FAIL","return_code":"SUCCESS","return_msg":"OK","sign":"0976DF0C2BB138B5D25BCE9F27633AF1"}
[2015-12-15 09:00:53][debug] begin notify
[2015-12-15 09:00:53][debug] call back:{"appid":"wx9bd85e016d66c1ea","attach":"\u5fae\u652f\u4ed8","bank_type":"CFT","cash_fee":"990","fee_type":"CNY","is_subscribe":"Y","mch_id":"1279292901","nonce_str":"n07ujzlt6x6cmf2b2x686q6xhpdqcig6","openid":"oPfflwfFvlUFfdZNlKkVylYWE1Q0","out_trade_no":"127929290120151215082632","result_code":"SUCCESS","return_code":"SUCCESS","sign":"811210722568F6314E073A329D979220","time_end":"20151215082643","total_fee":"990","trade_type":"JSAPI","transaction_id":"1000480707201512152090149789"}
[2015-12-15 09:30:55][debug] begin notify
[2015-12-15 09:30:55][debug] call back:{"appid":"wx9bd85e016d66c1ea","attach":"\u5fae\u652f\u4ed8","bank_type":"CFT","cash_fee":"990","fee_type":"CNY","is_subscribe":"Y","mch_id":"1279292901","nonce_str":"n07ujzlt6x6cmf2b2x686q6xhpdqcig6","openid":"oPfflwfFvlUFfdZNlKkVylYWE1Q0","out_trade_no":"127929290120151215082632","result_code":"SUCCESS","return_code":"SUCCESS","sign":"811210722568F6314E073A329D979220","time_end":"20151215082643","total_fee":"990","trade_type":"JSAPI","transaction_id":"1000480707201512152090149789"}
[2015-12-15 10:00:57][debug] begin notify
[2015-12-15 10:00:57][debug] call back:{"appid":"wx9bd85e016d66c1ea","attach":"\u5fae\u652f\u4ed8","bank_type":"CFT","cash_fee":"990","fee_type":"CNY","is_subscribe":"Y","mch_id":"1279292901","nonce_str":"n07ujzlt6x6cmf2b2x686q6xhpdqcig6","openid":"oPfflwfFvlUFfdZNlKkVylYWE1Q0","out_trade_no":"127929290120151215082632","result_code":"SUCCESS","return_code":"SUCCESS","sign":"811210722568F6314E073A329D979220","time_end":"20151215082643","total_fee":"990","trade_type":"JSAPI","transaction_id":"1000480707201512152090149789"}
[2015-12-15 10:31:01][debug] begin notify
[2015-12-15 10:31:01][debug] call back:{"appid":"wx9bd85e016d66c1ea","attach":"\u5fae\u652f\u4ed8","bank_type":"CFT","cash_fee":"990","fee_type":"CNY","is_subscribe":"Y","mch_id":"1279292901","nonce_str":"n07ujzlt6x6cmf2b2x686q6xhpdqcig6","openid":"oPfflwfFvlUFfdZNlKkVylYWE1Q0","out_trade_no":"127929290120151215082632","result_code":"SUCCESS","return_code":"SUCCESS","sign":"811210722568F6314E073A329D979220","time_end":"20151215082643","total_fee":"990","trade_type":"JSAPI","transaction_id":"1000480707201512152090149789"}
[2015-12-15 10:33:23][debug] begin notify
[2015-12-15 10:33:23][debug] call back:{"appid":"wx9bd85e016d66c1ea","attach":"\u5fae\u652f\u4ed8","bank_type":"CFT","cash_fee":"990","fee_type":"CNY","is_subscribe":"Y","mch_id":"1279292901","nonce_str":"xqzoyjzwgnc8eaq3yn91pgwfa1djz2dc","openid":"oPfflwegUNTfUoFmo8sI3gPfiycA","out_trade_no":"127929290120151215103313","result_code":"SUCCESS","return_code":"SUCCESS","sign":"0BD223BB66C1F67E207030FF67C59295","time_end":"20151215103322","total_fee":"990","trade_type":"JSAPI","transaction_id":"1006050707201512152091852579"}
[2015-12-15 10:33:23][debug] query:{"appid":"wx9bd85e016d66c1ea","attach":"\u5fae\u652f\u4ed8","bank_type":"CFT","cash_fee":"990","fee_type":"CNY","is_subscribe":"Y","mch_id":"1279292901","nonce_str":"L3XPbp3wcRQiTrLr","openid":"oPfflwegUNTfUoFmo8sI3gPfiycA","out_trade_no":"127929290120151215103313","result_code":"SUCCESS","return_code":"SUCCESS","return_msg":"OK","sign":"25265CA4534E842821411A4E94E4DEE4","time_end":"20151215103322","total_fee":"990","trade_state":"SUCCESS","trade_type":"JSAPI","transaction_id":"1006050707201512152091852579"}
[2015-12-15 10:33:23][debug] out_trade_no:127929290120151215103313
[2015-12-15 10:33:24][debug] query:{"appid":"wx9bd85e016d66c1ea","err_code":"TRANSACTION_ID_INVALID","err_code_des":"\u8ba2\u5355\u53f7\u975e\u6cd5","mch_id":"1279292901","nonce_str":"MBWpyAzmyeME64YE","result_code":"FAIL","return_code":"SUCCESS","return_msg":"OK","sign":"D84BBFDEB38A7DFC4CE735561BA7F7C0"}
[2015-12-15 11:31:04][debug] begin notify
[2015-12-15 11:31:04][debug] call back:{"appid":"wx9bd85e016d66c1ea","attach":"\u5fae\u652f\u4ed8","bank_type":"CFT","cash_fee":"990","fee_type":"CNY","is_subscribe":"Y","mch_id":"1279292901","nonce_str":"n07ujzlt6x6cmf2b2x686q6xhpdqcig6","openid":"oPfflwfFvlUFfdZNlKkVylYWE1Q0","out_trade_no":"127929290120151215082632","result_code":"SUCCESS","return_code":"SUCCESS","sign":"811210722568F6314E073A329D979220","time_end":"20151215082643","total_fee":"990","trade_type":"JSAPI","transaction_id":"1000480707201512152090149789"}
[2015-12-15 16:32:46][debug] begin notify
[2015-12-15 16:32:46][debug] call back:{"appid":"wx9bd85e016d66c1ea","attach":"\u5fae\u652f\u4ed8","bank_type":"PSBC_DEBIT","cash_fee":"990","fee_type":"CNY","is_subscribe":"Y","mch_id":"1279292901","nonce_str":"pso2b3m0t4m5kxjy8hj65jcfjqytlxu7","openid":"oPfflwVIvlc5RDwsLwYvvS05SCnQ","out_trade_no":"127929290120151215163206","result_code":"SUCCESS","return_code":"SUCCESS","sign":"B8D8F991E2533CF6B5A3E037561C951C","time_end":"20151215163244","total_fee":"990","trade_type":"JSAPI","transaction_id":"1001700707201512152099665310"}
[2015-12-15 16:32:47][debug] query:{"appid":"wx9bd85e016d66c1ea","attach":"\u5fae\u652f\u4ed8","bank_type":"PSBC_DEBIT","cash_fee":"990","fee_type":"CNY","is_subscribe":"Y","mch_id":"1279292901","nonce_str":"d2aXtuVbE39ioGXn","openid":"oPfflwVIvlc5RDwsLwYvvS05SCnQ","out_trade_no":"127929290120151215163206","result_code":"SUCCESS","return_code":"SUCCESS","return_msg":"OK","sign":"C1E360CF208395D27B3D456170594B25","time_end":"20151215163218","total_fee":"990","trade_state":"SUCCESS","trade_type":"JSAPI","transaction_id":"1001700707201512152099665310"}
[2015-12-15 16:32:47][debug] out_trade_no:127929290120151215163206
[2015-12-15 16:32:47][debug] query:{"appid":"wx9bd85e016d66c1ea","err_code":"TRANSACTION_ID_INVALID","err_code_des":"\u8ba2\u5355\u53f7\u975e\u6cd5","mch_id":"1279292901","nonce_str":"mQoTFlr3mlVBeb9Z","result_code":"FAIL","return_code":"SUCCESS","return_msg":"OK","sign":"4C23652ED34C9ED73A33F1FD9BC34CBF"}
[2015-12-15 16:32:56][debug] begin notify
[2015-12-15 16:32:56][debug] call back:{"appid":"wx9bd85e016d66c1ea","attach":"\u5fae\u652f\u4ed8","bank_type":"PSBC_DEBIT","cash_fee":"990","fee_type":"CNY","is_subscribe":"Y","mch_id":"1279292901","nonce_str":"pso2b3m0t4m5kxjy8hj65jcfjqytlxu7","openid":"oPfflwVIvlc5RDwsLwYvvS05SCnQ","out_trade_no":"127929290120151215163206","result_code":"SUCCESS","return_code":"SUCCESS","sign":"B8D8F991E2533CF6B5A3E037561C951C","time_end":"20151215163244","total_fee":"990","trade_type":"JSAPI","transaction_id":"1001700707201512152099665310"}
[2015-12-15 16:33:12][debug] begin notify
[2015-12-15 16:33:12][debug] call back:{"appid":"wx9bd85e016d66c1ea","attach":"\u5fae\u652f\u4ed8","bank_type":"PSBC_DEBIT","cash_fee":"990","fee_type":"CNY","is_subscribe":"Y","mch_id":"1279292901","nonce_str":"pso2b3m0t4m5kxjy8hj65jcfjqytlxu7","openid":"oPfflwVIvlc5RDwsLwYvvS05SCnQ","out_trade_no":"127929290120151215163206","result_code":"SUCCESS","return_code":"SUCCESS","sign":"B8D8F991E2533CF6B5A3E037561C951C","time_end":"20151215163244","total_fee":"990","trade_type":"JSAPI","transaction_id":"1001700707201512152099665310"}
[2015-12-15 16:33:45][debug] begin notify
[2015-12-15 16:33:45][debug] call back:{"appid":"wx9bd85e016d66c1ea","attach":"\u5fae\u652f\u4ed8","bank_type":"PSBC_DEBIT","cash_fee":"990","fee_type":"CNY","is_subscribe":"Y","mch_id":"1279292901","nonce_str":"pso2b3m0t4m5kxjy8hj65jcfjqytlxu7","openid":"oPfflwVIvlc5RDwsLwYvvS05SCnQ","out_trade_no":"127929290120151215163206","result_code":"SUCCESS","return_code":"SUCCESS","sign":"B8D8F991E2533CF6B5A3E037561C951C","time_end":"20151215163244","total_fee":"990","trade_type":"JSAPI","transaction_id":"1001700707201512152099665310"}
[2015-12-15 16:36:48][debug] begin notify
[2015-12-15 16:36:48][debug] call back:{"appid":"wx9bd85e016d66c1ea","attach":"\u5fae\u652f\u4ed8","bank_type":"PSBC_DEBIT","cash_fee":"990","fee_type":"CNY","is_subscribe":"Y","mch_id":"1279292901","nonce_str":"pso2b3m0t4m5kxjy8hj65jcfjqytlxu7","openid":"oPfflwVIvlc5RDwsLwYvvS05SCnQ","out_trade_no":"127929290120151215163206","result_code":"SUCCESS","return_code":"SUCCESS","sign":"B8D8F991E2533CF6B5A3E037561C951C","time_end":"20151215163244","total_fee":"990","trade_type":"JSAPI","transaction_id":"1001700707201512152099665310"}
[2015-12-15 17:06:51][debug] begin notify
[2015-12-15 17:06:51][debug] call back:{"appid":"wx9bd85e016d66c1ea","attach":"\u5fae\u652f\u4ed8","bank_type":"PSBC_DEBIT","cash_fee":"990","fee_type":"CNY","is_subscribe":"Y","mch_id":"1279292901","nonce_str":"pso2b3m0t4m5kxjy8hj65jcfjqytlxu7","openid":"oPfflwVIvlc5RDwsLwYvvS05SCnQ","out_trade_no":"127929290120151215163206","result_code":"SUCCESS","return_code":"SUCCESS","sign":"B8D8F991E2533CF6B5A3E037561C951C","time_end":"20151215163244","total_fee":"990","trade_type":"JSAPI","transaction_id":"1001700707201512152099665310"}
[2015-12-15 17:36:56][debug] begin notify
[2015-12-15 17:36:56][debug] call back:{"appid":"wx9bd85e016d66c1ea","attach":"\u5fae\u652f\u4ed8","bank_type":"PSBC_DEBIT","cash_fee":"990","fee_type":"CNY","is_subscribe":"Y","mch_id":"1279292901","nonce_str":"pso2b3m0t4m5kxjy8hj65jcfjqytlxu7","openid":"oPfflwVIvlc5RDwsLwYvvS05SCnQ","out_trade_no":"127929290120151215163206","result_code":"SUCCESS","return_code":"SUCCESS","sign":"B8D8F991E2533CF6B5A3E037561C951C","time_end":"20151215163244","total_fee":"990","trade_type":"JSAPI","transaction_id":"1001700707201512152099665310"}
[2015-12-15 17:42:11][debug] begin notify
[2015-12-15 17:42:11][debug] call back:{"appid":"wx9bd85e016d66c1ea","attach":"\u5fae\u652f\u4ed8","bank_type":"CFT","cash_fee":"990","fee_type":"CNY","is_subscribe":"Y","mch_id":"1279292901","nonce_str":"5kis024vkwjuexlucsbfpwme2o94ozgx","openid":"oPfflwUgK4vPx9fVzV_OyUSrb_mI","out_trade_no":"127929290120151215174206","result_code":"SUCCESS","return_code":"SUCCESS","sign":"589FC02509F196BEB82BF8B2CF90226C","time_end":"20151215174210","total_fee":"990","trade_type":"JSAPI","transaction_id":"1004380707201512152101155650"}
[2015-12-15 17:42:12][debug] query:{"appid":"wx9bd85e016d66c1ea","attach":"\u5fae\u652f\u4ed8","bank_type":"CFT","cash_fee":"990","fee_type":"CNY","is_subscribe":"Y","mch_id":"1279292901","nonce_str":"xLgmpgT5EebcPA8p","openid":"oPfflwUgK4vPx9fVzV_OyUSrb_mI","out_trade_no":"127929290120151215174206","result_code":"SUCCESS","return_code":"SUCCESS","return_msg":"OK","sign":"AAD6342481065890CCFF345F2F8DBEF1","time_end":"20151215174210","total_fee":"990","trade_state":"SUCCESS","trade_type":"JSAPI","transaction_id":"1004380707201512152101155650"}
[2015-12-15 17:42:12][debug] out_trade_no:127929290120151215174206
[2015-12-15 17:42:12][debug] query:{"appid":"wx9bd85e016d66c1ea","err_code":"TRANSACTION_ID_INVALID","err_code_des":"\u8ba2\u5355\u53f7\u975e\u6cd5","mch_id":"1279292901","nonce_str":"GrfT4vEPoI04g7ij","result_code":"FAIL","return_code":"SUCCESS","return_msg":"OK","sign":"0AD200478EB28C8F1F0D449F963C00DE"}
[2015-12-15 18:06:58][debug] begin notify
[2015-12-15 18:06:58][debug] call back:{"appid":"wx9bd85e016d66c1ea","attach":"\u5fae\u652f\u4ed8","bank_type":"PSBC_DEBIT","cash_fee":"990","fee_type":"CNY","is_subscribe":"Y","mch_id":"1279292901","nonce_str":"pso2b3m0t4m5kxjy8hj65jcfjqytlxu7","openid":"oPfflwVIvlc5RDwsLwYvvS05SCnQ","out_trade_no":"127929290120151215163206","result_code":"SUCCESS","return_code":"SUCCESS","sign":"B8D8F991E2533CF6B5A3E037561C951C","time_end":"20151215163244","total_fee":"990","trade_type":"JSAPI","transaction_id":"1001700707201512152099665310"}
[2015-12-15 18:15:02][debug] begin notify
[2015-12-15 18:15:02][debug] call back:{"appid":"wx9bd85e016d66c1ea","attach":"\u5fae\u652f\u4ed8","bank_type":"BOC_DEBIT","cash_fee":"990","fee_type":"CNY","is_subscribe":"Y","mch_id":"1279292901","nonce_str":"c66oaihxds9ums440d94qz3s6ehu14me","openid":"oPfflwcOKoexTlyuyQIj5VvFwrr4","out_trade_no":"127929290120151215181451","result_code":"SUCCESS","return_code":"SUCCESS","sign":"361094A4ADC10BEEDF43BC65F1BDFCB8","time_end":"20151215181502","total_fee":"990","trade_type":"JSAPI","transaction_id":"1003930707201512152101948246"}
[2015-12-15 18:15:03][debug] query:{"appid":"wx9bd85e016d66c1ea","attach":"\u5fae\u652f\u4ed8","bank_type":"BOC_DEBIT","cash_fee":"990","fee_type":"CNY","is_subscribe":"Y","mch_id":"1279292901","nonce_str":"01j6mgasXKA7SPJm","openid":"oPfflwcOKoexTlyuyQIj5VvFwrr4","out_trade_no":"127929290120151215181451","result_code":"SUCCESS","return_code":"SUCCESS","return_msg":"OK","sign":"632C211AB6F6AC7694A062F3EAA96AB9","time_end":"20151215181501","total_fee":"990","trade_state":"SUCCESS","trade_type":"JSAPI","transaction_id":"1003930707201512152101948246"}
[2015-12-15 18:15:03][debug] out_trade_no:127929290120151215181451
[2015-12-15 18:15:03][debug] query:{"appid":"wx9bd85e016d66c1ea","err_code":"TRANSACTION_ID_INVALID","err_code_des":"\u8ba2\u5355\u53f7\u975e\u6cd5","mch_id":"1279292901","nonce_str":"CcfGC07fKVRi2MfP","result_code":"FAIL","return_code":"SUCCESS","return_msg":"OK","sign":"84E907091AFA062105D0E43B9C6EA7EC"}
[2015-12-15 18:37:00][debug] begin notify
[2015-12-15 18:37:00][debug] call back:{"appid":"wx9bd85e016d66c1ea","attach":"\u5fae\u652f\u4ed8","bank_type":"PSBC_DEBIT","cash_fee":"990","fee_type":"CNY","is_subscribe":"Y","mch_id":"1279292901","nonce_str":"pso2b3m0t4m5kxjy8hj65jcfjqytlxu7","openid":"oPfflwVIvlc5RDwsLwYvvS05SCnQ","out_trade_no":"127929290120151215163206","result_code":"SUCCESS","return_code":"SUCCESS","sign":"B8D8F991E2533CF6B5A3E037561C951C","time_end":"20151215163244","total_fee":"990","trade_type":"JSAPI","transaction_id":"1001700707201512152099665310"}
[2015-12-15 19:37:02][debug] begin notify
[2015-12-15 19:37:02][debug] call back:{"appid":"wx9bd85e016d66c1ea","attach":"\u5fae\u652f\u4ed8","bank_type":"PSBC_DEBIT","cash_fee":"990","fee_type":"CNY","is_subscribe":"Y","mch_id":"1279292901","nonce_str":"pso2b3m0t4m5kxjy8hj65jcfjqytlxu7","openid":"oPfflwVIvlc5RDwsLwYvvS05SCnQ","out_trade_no":"127929290120151215163206","result_code":"SUCCESS","return_code":"SUCCESS","sign":"B8D8F991E2533CF6B5A3E037561C951C","time_end":"20151215163244","total_fee":"990","trade_type":"JSAPI","transaction_id":"1001700707201512152099665310"}
