[2015-12-18 09:17:08][debug] begin notify
[2015-12-18 09:17:08][debug] call back:{"appid":"wx9bd85e016d66c1ea","attach":"\u5fae\u652f\u4ed8","bank_type":"CCB_DEBIT","cash_fee":"990","fee_type":"CNY","is_subscribe":"Y","mch_id":"1279292901","nonce_str":"tc4kj6yhkeqjeddcn6qnasc6ud1m96sh","openid":"oPfflwSmYmAFW2k55EvEX28UQQ8M","out_trade_no":"127929290120151218091653","result_code":"SUCCESS","return_code":"SUCCESS","sign":"C7081F1674CCFA169B8040DB2350B036","time_end":"20151218091706","total_fee":"990","trade_type":"JSAPI","transaction_id":"1010010707201512182151983171"}
[2015-12-18 09:17:10][debug] query:{"appid":"wx9bd85e016d66c1ea","attach":"\u5fae\u652f\u4ed8","bank_type":"CCB_DEBIT","cash_fee":"990","fee_type":"CNY","is_subscribe":"Y","mch_id":"1279292901","nonce_str":"6MO4CB89p32ajSbY","openid":"oPfflwSmYmAFW2k55EvEX28UQQ8M","out_trade_no":"127929290120151218091653","result_code":"SUCCESS","return_code":"SUCCESS","return_msg":"OK","sign":"117E36E85EB40F4504D99BEFD49D0B58","time_end":"20151218091706","total_fee":"990","trade_state":"SUCCESS","trade_type":"JSAPI","transaction_id":"1010010707201512182151983171"}
[2015-12-18 09:17:10][debug] out_trade_no:127929290120151218091653
[2015-12-18 09:17:10][debug] query:{"appid":"wx9bd85e016d66c1ea","err_code":"TRANSACTION_ID_INVALID","err_code_des":"\u8ba2\u5355\u53f7\u975e\u6cd5","mch_id":"1279292901","nonce_str":"3UpP0QCgRbdzB7bm","result_code":"FAIL","return_code":"SUCCESS","return_msg":"OK","sign":"0B78821A51B65E428D2784CEF819819C"}
[2015-12-18 09:17:20][debug] begin notify
[2015-12-18 09:17:20][debug] call back:{"appid":"wx9bd85e016d66c1ea","attach":"\u5fae\u652f\u4ed8","bank_type":"CCB_DEBIT","cash_fee":"990","fee_type":"CNY","is_subscribe":"Y","mch_id":"1279292901","nonce_str":"tc4kj6yhkeqjeddcn6qnasc6ud1m96sh","openid":"oPfflwSmYmAFW2k55EvEX28UQQ8M","out_trade_no":"127929290120151218091653","result_code":"SUCCESS","return_code":"SUCCESS","sign":"C7081F1674CCFA169B8040DB2350B036","time_end":"20151218091706","total_fee":"990","trade_type":"JSAPI","transaction_id":"1010010707201512182151983171"}
[2015-12-18 09:17:38][debug] begin notify
[2015-12-18 09:17:38][debug] call back:{"appid":"wx9bd85e016d66c1ea","attach":"\u5fae\u652f\u4ed8","bank_type":"CCB_DEBIT","cash_fee":"990","fee_type":"CNY","is_subscribe":"Y","mch_id":"1279292901","nonce_str":"tc4kj6yhkeqjeddcn6qnasc6ud1m96sh","openid":"oPfflwSmYmAFW2k55EvEX28UQQ8M","out_trade_no":"127929290120151218091653","result_code":"SUCCESS","return_code":"SUCCESS","sign":"C7081F1674CCFA169B8040DB2350B036","time_end":"20151218091706","total_fee":"990","trade_type":"JSAPI","transaction_id":"1010010707201512182151983171"}
[2015-12-18 09:18:09][debug] begin notify
[2015-12-18 09:18:09][debug] call back:{"appid":"wx9bd85e016d66c1ea","attach":"\u5fae\u652f\u4ed8","bank_type":"CCB_DEBIT","cash_fee":"990","fee_type":"CNY","is_subscribe":"Y","mch_id":"1279292901","nonce_str":"tc4kj6yhkeqjeddcn6qnasc6ud1m96sh","openid":"oPfflwSmYmAFW2k55EvEX28UQQ8M","out_trade_no":"127929290120151218091653","result_code":"SUCCESS","return_code":"SUCCESS","sign":"C7081F1674CCFA169B8040DB2350B036","time_end":"20151218091706","total_fee":"990","trade_type":"JSAPI","transaction_id":"1010010707201512182151983171"}
[2015-12-18 09:21:12][debug] begin notify
[2015-12-18 09:21:12][debug] call back:{"appid":"wx9bd85e016d66c1ea","attach":"\u5fae\u652f\u4ed8","bank_type":"CCB_DEBIT","cash_fee":"990","fee_type":"CNY","is_subscribe":"Y","mch_id":"1279292901","nonce_str":"tc4kj6yhkeqjeddcn6qnasc6ud1m96sh","openid":"oPfflwSmYmAFW2k55EvEX28UQQ8M","out_trade_no":"127929290120151218091653","result_code":"SUCCESS","return_code":"SUCCESS","sign":"C7081F1674CCFA169B8040DB2350B036","time_end":"20151218091706","total_fee":"990","trade_type":"JSAPI","transaction_id":"1010010707201512182151983171"}
[2015-12-18 09:51:15][debug] begin notify
[2015-12-18 09:51:15][debug] call back:{"appid":"wx9bd85e016d66c1ea","attach":"\u5fae\u652f\u4ed8","bank_type":"CCB_DEBIT","cash_fee":"990","fee_type":"CNY","is_subscribe":"Y","mch_id":"1279292901","nonce_str":"tc4kj6yhkeqjeddcn6qnasc6ud1m96sh","openid":"oPfflwSmYmAFW2k55EvEX28UQQ8M","out_trade_no":"127929290120151218091653","result_code":"SUCCESS","return_code":"SUCCESS","sign":"C7081F1674CCFA169B8040DB2350B036","time_end":"20151218091706","total_fee":"990","trade_type":"JSAPI","transaction_id":"1010010707201512182151983171"}
[2015-12-18 10:21:16][debug] begin notify
[2015-12-18 10:21:16][debug] call back:{"appid":"wx9bd85e016d66c1ea","attach":"\u5fae\u652f\u4ed8","bank_type":"CCB_DEBIT","cash_fee":"990","fee_type":"CNY","is_subscribe":"Y","mch_id":"1279292901","nonce_str":"tc4kj6yhkeqjeddcn6qnasc6ud1m96sh","openid":"oPfflwSmYmAFW2k55EvEX28UQQ8M","out_trade_no":"127929290120151218091653","result_code":"SUCCESS","return_code":"SUCCESS","sign":"C7081F1674CCFA169B8040DB2350B036","time_end":"20151218091706","total_fee":"990","trade_type":"JSAPI","transaction_id":"1010010707201512182151983171"}
[2015-12-18 10:51:19][debug] begin notify
[2015-12-18 10:51:19][debug] call back:{"appid":"wx9bd85e016d66c1ea","attach":"\u5fae\u652f\u4ed8","bank_type":"CCB_DEBIT","cash_fee":"990","fee_type":"CNY","is_subscribe":"Y","mch_id":"1279292901","nonce_str":"tc4kj6yhkeqjeddcn6qnasc6ud1m96sh","openid":"oPfflwSmYmAFW2k55EvEX28UQQ8M","out_trade_no":"127929290120151218091653","result_code":"SUCCESS","return_code":"SUCCESS","sign":"C7081F1674CCFA169B8040DB2350B036","time_end":"20151218091706","total_fee":"990","trade_type":"JSAPI","transaction_id":"1010010707201512182151983171"}
[2015-12-18 11:21:21][debug] begin notify
[2015-12-18 11:21:21][debug] call back:{"appid":"wx9bd85e016d66c1ea","attach":"\u5fae\u652f\u4ed8","bank_type":"CCB_DEBIT","cash_fee":"990","fee_type":"CNY","is_subscribe":"Y","mch_id":"1279292901","nonce_str":"tc4kj6yhkeqjeddcn6qnasc6ud1m96sh","openid":"oPfflwSmYmAFW2k55EvEX28UQQ8M","out_trade_no":"127929290120151218091653","result_code":"SUCCESS","return_code":"SUCCESS","sign":"C7081F1674CCFA169B8040DB2350B036","time_end":"20151218091706","total_fee":"990","trade_type":"JSAPI","transaction_id":"1010010707201512182151983171"}
[2015-12-18 12:21:23][debug] begin notify
[2015-12-18 12:21:23][debug] call back:{"appid":"wx9bd85e016d66c1ea","attach":"\u5fae\u652f\u4ed8","bank_type":"CCB_DEBIT","cash_fee":"990","fee_type":"CNY","is_subscribe":"Y","mch_id":"1279292901","nonce_str":"tc4kj6yhkeqjeddcn6qnasc6ud1m96sh","openid":"oPfflwSmYmAFW2k55EvEX28UQQ8M","out_trade_no":"127929290120151218091653","result_code":"SUCCESS","return_code":"SUCCESS","sign":"C7081F1674CCFA169B8040DB2350B036","time_end":"20151218091706","total_fee":"990","trade_type":"JSAPI","transaction_id":"1010010707201512182151983171"}
