[2015-12-20 12:23:11][debug] begin notify
[2015-12-20 12:23:11][debug] call back:{"appid":"wx9bd85e016d66c1ea","attach":"\u5fae\u652f\u4ed8","bank_type":"ABC_DEBIT","cash_fee":"300","fee_type":"CNY","is_subscribe":"Y","mch_id":"1279292901","nonce_str":"krln5hr1qjkrvky6fflmxfc9ydfmg3o7","openid":"oPfflwWptu7tPsLN3aMq-GK_jY9A","out_trade_no":"127929290120151220122302","result_code":"SUCCESS","return_code":"SUCCESS","sign":"54D516FBC928467D9C0088F45FB4D190","time_end":"20151220122310","total_fee":"300","trade_type":"JSAPI","transaction_id":"1009440707201512202196477276"}
[2015-12-20 12:23:12][debug] query:{"appid":"wx9bd85e016d66c1ea","attach":"\u5fae\u652f\u4ed8","bank_type":"ABC_DEBIT","cash_fee":"300","fee_type":"CNY","is_subscribe":"Y","mch_id":"1279292901","nonce_str":"RuUabMdur3mz6Mwe","openid":"oPfflwWptu7tPsLN3aMq-GK_jY9A","out_trade_no":"127929290120151220122302","result_code":"SUCCESS","return_code":"SUCCESS","return_msg":"OK","sign":"1073CD28865666BB1522FED8B19E2EF7","time_end":"20151220122310","total_fee":"300","trade_state":"SUCCESS","trade_type":"JSAPI","transaction_id":"1009440707201512202196477276"}
[2015-12-20 12:23:12][debug] out_trade_no:127929290120151220122302
[2015-12-20 12:23:13][debug] query:{"appid":"wx9bd85e016d66c1ea","err_code":"TRANSACTION_ID_INVALID","err_code_des":"\u8ba2\u5355\u53f7\u975e\u6cd5","mch_id":"1279292901","nonce_str":"JLlytGWYhHj12wlo","result_code":"FAIL","return_code":"SUCCESS","return_msg":"OK","sign":"D6482929FB72CC1410B9A1A106BFB7BD"}
[2015-12-20 12:23:29][debug] begin notify
[2015-12-20 12:23:29][debug] call back:{"appid":"wx9bd85e016d66c1ea","attach":"\u5fae\u652f\u4ed8","bank_type":"ABC_DEBIT","cash_fee":"300","fee_type":"CNY","is_subscribe":"Y","mch_id":"1279292901","nonce_str":"krln5hr1qjkrvky6fflmxfc9ydfmg3o7","openid":"oPfflwWptu7tPsLN3aMq-GK_jY9A","out_trade_no":"127929290120151220122302","result_code":"SUCCESS","return_code":"SUCCESS","sign":"54D516FBC928467D9C0088F45FB4D190","time_end":"20151220122310","total_fee":"300","trade_type":"JSAPI","transaction_id":"1009440707201512202196477276"}
[2015-12-20 12:23:47][debug] begin notify
[2015-12-20 12:23:47][debug] call back:{"appid":"wx9bd85e016d66c1ea","attach":"\u5fae\u652f\u4ed8","bank_type":"ABC_DEBIT","cash_fee":"300","fee_type":"CNY","is_subscribe":"Y","mch_id":"1279292901","nonce_str":"krln5hr1qjkrvky6fflmxfc9ydfmg3o7","openid":"oPfflwWptu7tPsLN3aMq-GK_jY9A","out_trade_no":"127929290120151220122302","result_code":"SUCCESS","return_code":"SUCCESS","sign":"54D516FBC928467D9C0088F45FB4D190","time_end":"20151220122310","total_fee":"300","trade_type":"JSAPI","transaction_id":"1009440707201512202196477276"}
[2015-12-20 12:24:18][debug] begin notify
[2015-12-20 12:24:18][debug] call back:{"appid":"wx9bd85e016d66c1ea","attach":"\u5fae\u652f\u4ed8","bank_type":"ABC_DEBIT","cash_fee":"300","fee_type":"CNY","is_subscribe":"Y","mch_id":"1279292901","nonce_str":"krln5hr1qjkrvky6fflmxfc9ydfmg3o7","openid":"oPfflwWptu7tPsLN3aMq-GK_jY9A","out_trade_no":"127929290120151220122302","result_code":"SUCCESS","return_code":"SUCCESS","sign":"54D516FBC928467D9C0088F45FB4D190","time_end":"20151220122310","total_fee":"300","trade_type":"JSAPI","transaction_id":"1009440707201512202196477276"}
[2015-12-20 12:27:20][debug] begin notify
[2015-12-20 12:27:20][debug] call back:{"appid":"wx9bd85e016d66c1ea","attach":"\u5fae\u652f\u4ed8","bank_type":"ABC_DEBIT","cash_fee":"300","fee_type":"CNY","is_subscribe":"Y","mch_id":"1279292901","nonce_str":"krln5hr1qjkrvky6fflmxfc9ydfmg3o7","openid":"oPfflwWptu7tPsLN3aMq-GK_jY9A","out_trade_no":"127929290120151220122302","result_code":"SUCCESS","return_code":"SUCCESS","sign":"54D516FBC928467D9C0088F45FB4D190","time_end":"20151220122310","total_fee":"300","trade_type":"JSAPI","transaction_id":"1009440707201512202196477276"}
[2015-12-20 12:57:23][debug] begin notify
[2015-12-20 12:57:23][debug] call back:{"appid":"wx9bd85e016d66c1ea","attach":"\u5fae\u652f\u4ed8","bank_type":"ABC_DEBIT","cash_fee":"300","fee_type":"CNY","is_subscribe":"Y","mch_id":"1279292901","nonce_str":"krln5hr1qjkrvky6fflmxfc9ydfmg3o7","openid":"oPfflwWptu7tPsLN3aMq-GK_jY9A","out_trade_no":"127929290120151220122302","result_code":"SUCCESS","return_code":"SUCCESS","sign":"54D516FBC928467D9C0088F45FB4D190","time_end":"20151220122310","total_fee":"300","trade_type":"JSAPI","transaction_id":"1009440707201512202196477276"}
[2015-12-20 13:27:26][debug] begin notify
[2015-12-20 13:27:26][debug] call back:{"appid":"wx9bd85e016d66c1ea","attach":"\u5fae\u652f\u4ed8","bank_type":"ABC_DEBIT","cash_fee":"300","fee_type":"CNY","is_subscribe":"Y","mch_id":"1279292901","nonce_str":"krln5hr1qjkrvky6fflmxfc9ydfmg3o7","openid":"oPfflwWptu7tPsLN3aMq-GK_jY9A","out_trade_no":"127929290120151220122302","result_code":"SUCCESS","return_code":"SUCCESS","sign":"54D516FBC928467D9C0088F45FB4D190","time_end":"20151220122310","total_fee":"300","trade_type":"JSAPI","transaction_id":"1009440707201512202196477276"}
[2015-12-20 13:57:29][debug] begin notify
[2015-12-20 13:57:29][debug] call back:{"appid":"wx9bd85e016d66c1ea","attach":"\u5fae\u652f\u4ed8","bank_type":"ABC_DEBIT","cash_fee":"300","fee_type":"CNY","is_subscribe":"Y","mch_id":"1279292901","nonce_str":"krln5hr1qjkrvky6fflmxfc9ydfmg3o7","openid":"oPfflwWptu7tPsLN3aMq-GK_jY9A","out_trade_no":"127929290120151220122302","result_code":"SUCCESS","return_code":"SUCCESS","sign":"54D516FBC928467D9C0088F45FB4D190","time_end":"20151220122310","total_fee":"300","trade_type":"JSAPI","transaction_id":"1009440707201512202196477276"}
[2015-12-20 14:27:30][debug] begin notify
[2015-12-20 14:27:30][debug] call back:{"appid":"wx9bd85e016d66c1ea","attach":"\u5fae\u652f\u4ed8","bank_type":"ABC_DEBIT","cash_fee":"300","fee_type":"CNY","is_subscribe":"Y","mch_id":"1279292901","nonce_str":"krln5hr1qjkrvky6fflmxfc9ydfmg3o7","openid":"oPfflwWptu7tPsLN3aMq-GK_jY9A","out_trade_no":"127929290120151220122302","result_code":"SUCCESS","return_code":"SUCCESS","sign":"54D516FBC928467D9C0088F45FB4D190","time_end":"20151220122310","total_fee":"300","trade_type":"JSAPI","transaction_id":"1009440707201512202196477276"}
[2015-12-20 15:27:33][debug] begin notify
[2015-12-20 15:27:33][debug] call back:{"appid":"wx9bd85e016d66c1ea","attach":"\u5fae\u652f\u4ed8","bank_type":"ABC_DEBIT","cash_fee":"300","fee_type":"CNY","is_subscribe":"Y","mch_id":"1279292901","nonce_str":"krln5hr1qjkrvky6fflmxfc9ydfmg3o7","openid":"oPfflwWptu7tPsLN3aMq-GK_jY9A","out_trade_no":"127929290120151220122302","result_code":"SUCCESS","return_code":"SUCCESS","sign":"54D516FBC928467D9C0088F45FB4D190","time_end":"20151220122310","total_fee":"300","trade_type":"JSAPI","transaction_id":"1009440707201512202196477276"}
[2015-12-20 15:42:59][debug] begin notify
[2015-12-20 15:42:59][debug] call back:{"appid":"wx9bd85e016d66c1ea","attach":"\u5fae\u652f\u4ed8","bank_type":"CFT","cash_fee":"300","fee_type":"CNY","is_subscribe":"Y","mch_id":"1279292901","nonce_str":"x2i6umud2v91ch7ooxebby2wjbk91hy9","openid":"oPfflwUy_JRj-8QFWbDP8rERYhBQ","out_trade_no":"127929290120151220154250","result_code":"SUCCESS","return_code":"SUCCESS","sign":"448B9E342F99A2C6DB560B5D1F0DAE12","time_end":"20151220154257","total_fee":"300","trade_type":"JSAPI","transaction_id":"1007280707201512202200952451"}
[2015-12-20 15:43:00][debug] query:{"appid":"wx9bd85e016d66c1ea","attach":"\u5fae\u652f\u4ed8","bank_type":"CFT","cash_fee":"300","fee_type":"CNY","is_subscribe":"Y","mch_id":"1279292901","nonce_str":"dMRC3fisvtt4vR5Y","openid":"oPfflwUy_JRj-8QFWbDP8rERYhBQ","out_trade_no":"127929290120151220154250","result_code":"SUCCESS","return_code":"SUCCESS","return_msg":"OK","sign":"719A4E80676D4FEF9466B2E5E7CA06B8","time_end":"20151220154257","total_fee":"300","trade_state":"SUCCESS","trade_type":"JSAPI","transaction_id":"1007280707201512202200952451"}
[2015-12-20 15:43:00][debug] out_trade_no:127929290120151220154250
[2015-12-20 15:43:01][debug] query:{"appid":"wx9bd85e016d66c1ea","err_code":"TRANSACTION_ID_INVALID","err_code_des":"\u8ba2\u5355\u53f7\u975e\u6cd5","mch_id":"1279292901","nonce_str":"GLBHciA1PHEKBxM3","result_code":"FAIL","return_code":"SUCCESS","return_msg":"OK","sign":"EA61E4B967E7CE65CD5C1128B91078A8"}
[2015-12-20 15:43:13][debug] begin notify
[2015-12-20 15:43:13][debug] call back:{"appid":"wx9bd85e016d66c1ea","attach":"\u5fae\u652f\u4ed8","bank_type":"CFT","cash_fee":"300","fee_type":"CNY","is_subscribe":"Y","mch_id":"1279292901","nonce_str":"x2i6umud2v91ch7ooxebby2wjbk91hy9","openid":"oPfflwUy_JRj-8QFWbDP8rERYhBQ","out_trade_no":"127929290120151220154250","result_code":"SUCCESS","return_code":"SUCCESS","sign":"448B9E342F99A2C6DB560B5D1F0DAE12","time_end":"20151220154257","total_fee":"300","trade_type":"JSAPI","transaction_id":"1007280707201512202200952451"}
[2015-12-20 15:43:30][debug] begin notify
[2015-12-20 15:43:30][debug] call back:{"appid":"wx9bd85e016d66c1ea","attach":"\u5fae\u652f\u4ed8","bank_type":"CFT","cash_fee":"300","fee_type":"CNY","is_subscribe":"Y","mch_id":"1279292901","nonce_str":"x2i6umud2v91ch7ooxebby2wjbk91hy9","openid":"oPfflwUy_JRj-8QFWbDP8rERYhBQ","out_trade_no":"127929290120151220154250","result_code":"SUCCESS","return_code":"SUCCESS","sign":"448B9E342F99A2C6DB560B5D1F0DAE12","time_end":"20151220154257","total_fee":"300","trade_type":"JSAPI","transaction_id":"1007280707201512202200952451"}
[2015-12-20 15:44:02][debug] begin notify
[2015-12-20 15:44:02][debug] call back:{"appid":"wx9bd85e016d66c1ea","attach":"\u5fae\u652f\u4ed8","bank_type":"CFT","cash_fee":"300","fee_type":"CNY","is_subscribe":"Y","mch_id":"1279292901","nonce_str":"x2i6umud2v91ch7ooxebby2wjbk91hy9","openid":"oPfflwUy_JRj-8QFWbDP8rERYhBQ","out_trade_no":"127929290120151220154250","result_code":"SUCCESS","return_code":"SUCCESS","sign":"448B9E342F99A2C6DB560B5D1F0DAE12","time_end":"20151220154257","total_fee":"300","trade_type":"JSAPI","transaction_id":"1007280707201512202200952451"}
[2015-12-20 15:47:04][debug] begin notify
[2015-12-20 15:47:04][debug] call back:{"appid":"wx9bd85e016d66c1ea","attach":"\u5fae\u652f\u4ed8","bank_type":"CFT","cash_fee":"300","fee_type":"CNY","is_subscribe":"Y","mch_id":"1279292901","nonce_str":"x2i6umud2v91ch7ooxebby2wjbk91hy9","openid":"oPfflwUy_JRj-8QFWbDP8rERYhBQ","out_trade_no":"127929290120151220154250","result_code":"SUCCESS","return_code":"SUCCESS","sign":"448B9E342F99A2C6DB560B5D1F0DAE12","time_end":"20151220154257","total_fee":"300","trade_type":"JSAPI","transaction_id":"1007280707201512202200952451"}
[2015-12-20 16:17:06][debug] begin notify
[2015-12-20 16:17:06][debug] call back:{"appid":"wx9bd85e016d66c1ea","attach":"\u5fae\u652f\u4ed8","bank_type":"CFT","cash_fee":"300","fee_type":"CNY","is_subscribe":"Y","mch_id":"1279292901","nonce_str":"x2i6umud2v91ch7ooxebby2wjbk91hy9","openid":"oPfflwUy_JRj-8QFWbDP8rERYhBQ","out_trade_no":"127929290120151220154250","result_code":"SUCCESS","return_code":"SUCCESS","sign":"448B9E342F99A2C6DB560B5D1F0DAE12","time_end":"20151220154257","total_fee":"300","trade_type":"JSAPI","transaction_id":"1007280707201512202200952451"}
[2015-12-20 16:47:09][debug] begin notify
[2015-12-20 16:47:09][debug] call back:{"appid":"wx9bd85e016d66c1ea","attach":"\u5fae\u652f\u4ed8","bank_type":"CFT","cash_fee":"300","fee_type":"CNY","is_subscribe":"Y","mch_id":"1279292901","nonce_str":"x2i6umud2v91ch7ooxebby2wjbk91hy9","openid":"oPfflwUy_JRj-8QFWbDP8rERYhBQ","out_trade_no":"127929290120151220154250","result_code":"SUCCESS","return_code":"SUCCESS","sign":"448B9E342F99A2C6DB560B5D1F0DAE12","time_end":"20151220154257","total_fee":"300","trade_type":"JSAPI","transaction_id":"1007280707201512202200952451"}
[2015-12-20 17:17:12][debug] begin notify
[2015-12-20 17:17:12][debug] call back:{"appid":"wx9bd85e016d66c1ea","attach":"\u5fae\u652f\u4ed8","bank_type":"CFT","cash_fee":"300","fee_type":"CNY","is_subscribe":"Y","mch_id":"1279292901","nonce_str":"x2i6umud2v91ch7ooxebby2wjbk91hy9","openid":"oPfflwUy_JRj-8QFWbDP8rERYhBQ","out_trade_no":"127929290120151220154250","result_code":"SUCCESS","return_code":"SUCCESS","sign":"448B9E342F99A2C6DB560B5D1F0DAE12","time_end":"20151220154257","total_fee":"300","trade_type":"JSAPI","transaction_id":"1007280707201512202200952451"}
[2015-12-20 17:47:13][debug] begin notify
[2015-12-20 17:47:13][debug] call back:{"appid":"wx9bd85e016d66c1ea","attach":"\u5fae\u652f\u4ed8","bank_type":"CFT","cash_fee":"300","fee_type":"CNY","is_subscribe":"Y","mch_id":"1279292901","nonce_str":"x2i6umud2v91ch7ooxebby2wjbk91hy9","openid":"oPfflwUy_JRj-8QFWbDP8rERYhBQ","out_trade_no":"127929290120151220154250","result_code":"SUCCESS","return_code":"SUCCESS","sign":"448B9E342F99A2C6DB560B5D1F0DAE12","time_end":"20151220154257","total_fee":"300","trade_type":"JSAPI","transaction_id":"1007280707201512202200952451"}
[2015-12-20 18:47:16][debug] begin notify
[2015-12-20 18:47:16][debug] call back:{"appid":"wx9bd85e016d66c1ea","attach":"\u5fae\u652f\u4ed8","bank_type":"CFT","cash_fee":"300","fee_type":"CNY","is_subscribe":"Y","mch_id":"1279292901","nonce_str":"x2i6umud2v91ch7ooxebby2wjbk91hy9","openid":"oPfflwUy_JRj-8QFWbDP8rERYhBQ","out_trade_no":"127929290120151220154250","result_code":"SUCCESS","return_code":"SUCCESS","sign":"448B9E342F99A2C6DB560B5D1F0DAE12","time_end":"20151220154257","total_fee":"300","trade_type":"JSAPI","transaction_id":"1007280707201512202200952451"}
[2015-12-20 19:04:26][debug] begin notify
[2015-12-20 19:04:26][debug] call back:{"appid":"wx9bd85e016d66c1ea","attach":"\u5fae\u652f\u4ed8","bank_type":"CFT","cash_fee":"300","fee_type":"CNY","is_subscribe":"Y","mch_id":"1279292901","nonce_str":"75tjcqlidbf8idf32ylk6edlz6x56ro9","openid":"oPfflwaoEVQV9pr4tJQ2PTKLg2nQ","out_trade_no":"127929290120151220190309","result_code":"SUCCESS","return_code":"SUCCESS","sign":"426112F814F9E12B02970EC63BD1942D","time_end":"20151220190425","total_fee":"300","trade_type":"JSAPI","transaction_id":"1008970707201512202205698356"}
[2015-12-20 19:04:27][debug] query:{"appid":"wx9bd85e016d66c1ea","attach":"\u5fae\u652f\u4ed8","bank_type":"CFT","cash_fee":"300","fee_type":"CNY","is_subscribe":"Y","mch_id":"1279292901","nonce_str":"OHw9o1Y2y4KIaEcG","openid":"oPfflwaoEVQV9pr4tJQ2PTKLg2nQ","out_trade_no":"127929290120151220190309","result_code":"SUCCESS","return_code":"SUCCESS","return_msg":"OK","sign":"EC9E02F22945591C29D280F21F952BF7","time_end":"20151220190425","total_fee":"300","trade_state":"SUCCESS","trade_type":"JSAPI","transaction_id":"1008970707201512202205698356"}
[2015-12-20 19:04:27][debug] out_trade_no:127929290120151220190309
[2015-12-20 19:04:27][debug] query:{"appid":"wx9bd85e016d66c1ea","err_code":"TRANSACTION_ID_INVALID","err_code_des":"\u8ba2\u5355\u53f7\u975e\u6cd5","mch_id":"1279292901","nonce_str":"NvPB23rh8yUtGumx","result_code":"FAIL","return_code":"SUCCESS","return_msg":"OK","sign":"2A6E459D384146D2D9214FD05339773A"}
[2015-12-20 21:09:38][debug] begin notify
[2015-12-20 21:09:38][debug] call back:{"appid":"wx9bd85e016d66c1ea","attach":"\u5fae\u652f\u4ed8","bank_type":"CFT","cash_fee":"300","fee_type":"CNY","is_subscribe":"Y","mch_id":"1279292901","nonce_str":"iqaozpm7lk7o9u53fame6bed4sxc2d63","openid":"oPfflwVASsCAFhwkIq1lHsDF4iZY","out_trade_no":"127929290120151220210930","result_code":"SUCCESS","return_code":"SUCCESS","sign":"4909C984410E96475FB6CE8731162D9F","time_end":"20151220210937","total_fee":"300","trade_type":"JSAPI","transaction_id":"1007120707201512202208284004"}
[2015-12-20 21:09:39][debug] query:{"appid":"wx9bd85e016d66c1ea","attach":"\u5fae\u652f\u4ed8","bank_type":"CFT","cash_fee":"300","fee_type":"CNY","is_subscribe":"Y","mch_id":"1279292901","nonce_str":"8PPbS1Gd8cHPFYfl","openid":"oPfflwVASsCAFhwkIq1lHsDF4iZY","out_trade_no":"127929290120151220210930","result_code":"SUCCESS","return_code":"SUCCESS","return_msg":"OK","sign":"6C7A44294ECE9AD9E8C62075D7DF1B7E","time_end":"20151220210937","total_fee":"300","trade_state":"SUCCESS","trade_type":"JSAPI","transaction_id":"1007120707201512202208284004"}
[2015-12-20 21:09:39][debug] out_trade_no:127929290120151220210930
[2015-12-20 21:09:39][debug] query:{"appid":"wx9bd85e016d66c1ea","err_code":"TRANSACTION_ID_INVALID","err_code_des":"\u8ba2\u5355\u53f7\u975e\u6cd5","mch_id":"1279292901","nonce_str":"wgAfJhQ6tqc4LQpI","result_code":"FAIL","return_code":"SUCCESS","return_msg":"OK","sign":"79879B793B476E6560A60D93D4A0311E"}
