[2016-01-26 20:38:05][debug] begin notify
[2016-01-26 20:38:05][debug] call back:{"appid":"wx9bd85e016d66c1ea","attach":"\u5fae\u652f\u4ed8","bank_type":"CFT","cash_fee":"2880","fee_type":"CNY","is_subscribe":"Y","mch_id":"1279292901","nonce_str":"yk7f75jovt7udf7izk0uzayzqq01viy3","openid":"oPfflwZTtUVO-FUbnP_sOKn4M02M","out_trade_no":"127929290120160126203801","result_code":"SUCCESS","return_code":"SUCCESS","sign":"C25B65916570855AA2F08CCE3D22EF34","time_end":"20160126203804","total_fee":"2880","trade_type":"JSAPI","transaction_id":"1003080707201601262917726659"}
[2016-01-26 20:38:05][debug] query:{"appid":"wx9bd85e016d66c1ea","attach":"\u5fae\u652f\u4ed8","bank_type":"CFT","cash_fee":"2880","fee_type":"CNY","is_subscribe":"Y","mch_id":"1279292901","nonce_str":"SKVfaUR7BLyF5e3z","openid":"oPfflwZTtUVO-FUbnP_sOKn4M02M","out_trade_no":"127929290120160126203801","result_code":"SUCCESS","return_code":"SUCCESS","return_msg":"OK","sign":"EC39EF6C6CC9202B7BE2A1F9EEBBFBB4","time_end":"20160126203804","total_fee":"2880","trade_state":"SUCCESS","trade_type":"JSAPI","transaction_id":"1003080707201601262917726659"}
[2016-01-26 20:38:05][debug] out_trade_no:127929290120160126203801
[2016-01-26 20:38:06][debug] query:{"appid":"wx9bd85e016d66c1ea","err_code":"TRANSACTION_ID_INVALID","err_code_des":"\u8ba2\u5355\u53f7\u975e\u6cd5","mch_id":"1279292901","nonce_str":"neZeIPWEGaPq479j","result_code":"FAIL","return_code":"SUCCESS","return_msg":"OK","sign":"FFF223F1090F4FFEF5E57C7E9C3108FB"}
[2016-01-26 21:13:38][debug] begin notify
[2016-01-26 21:13:38][debug] call back:{"appid":"wx9bd85e016d66c1ea","attach":"\u5fae\u652f\u4ed8","bank_type":"CFT","cash_fee":"2880","fee_type":"CNY","is_subscribe":"Y","mch_id":"1279292901","nonce_str":"h5bzsyp9yz76514r0tidr4ddyaig0b2h","openid":"oPfflwQoE9fr_XN4OyvgDZ2sHTEc","out_trade_no":"127929290120160126211331","result_code":"SUCCESS","return_code":"SUCCESS","sign":"88A3F50EEBA14D44086BC189A0311C9C","time_end":"20160126211337","total_fee":"2880","trade_type":"JSAPI","transaction_id":"1010200707201601262918542211"}
[2016-01-26 21:13:39][debug] query:{"appid":"wx9bd85e016d66c1ea","attach":"\u5fae\u652f\u4ed8","bank_type":"CFT","cash_fee":"2880","fee_type":"CNY","is_subscribe":"Y","mch_id":"1279292901","nonce_str":"FJXrbvhKZttuMVWX","openid":"oPfflwQoE9fr_XN4OyvgDZ2sHTEc","out_trade_no":"127929290120160126211331","result_code":"SUCCESS","return_code":"SUCCESS","return_msg":"OK","sign":"D32ECBA9473C0E83516EFEE1D4D647E9","time_end":"20160126211336","total_fee":"2880","trade_state":"SUCCESS","trade_type":"JSAPI","transaction_id":"1010200707201601262918542211"}
[2016-01-26 21:13:39][debug] out_trade_no:127929290120160126211331
[2016-01-26 21:13:39][debug] query:{"appid":"wx9bd85e016d66c1ea","err_code":"TRANSACTION_ID_INVALID","err_code_des":"\u8ba2\u5355\u53f7\u975e\u6cd5","mch_id":"1279292901","nonce_str":"21gAv3itVZIRUQQB","result_code":"FAIL","return_code":"SUCCESS","return_msg":"OK","sign":"0AAC88CFCB6A0811661F1A38B584F358"}
[2016-01-26 21:13:49][debug] begin notify
[2016-01-26 21:13:49][debug] call back:{"appid":"wx9bd85e016d66c1ea","attach":"\u5fae\u652f\u4ed8","bank_type":"CFT","cash_fee":"2880","fee_type":"CNY","is_subscribe":"Y","mch_id":"1279292901","nonce_str":"h5bzsyp9yz76514r0tidr4ddyaig0b2h","openid":"oPfflwQoE9fr_XN4OyvgDZ2sHTEc","out_trade_no":"127929290120160126211331","result_code":"SUCCESS","return_code":"SUCCESS","sign":"88A3F50EEBA14D44086BC189A0311C9C","time_end":"20160126211337","total_fee":"2880","trade_type":"JSAPI","transaction_id":"1010200707201601262918542211"}
[2016-01-26 21:14:08][debug] begin notify
[2016-01-26 21:14:08][debug] call back:{"appid":"wx9bd85e016d66c1ea","attach":"\u5fae\u652f\u4ed8","bank_type":"CFT","cash_fee":"2880","fee_type":"CNY","is_subscribe":"Y","mch_id":"1279292901","nonce_str":"h5bzsyp9yz76514r0tidr4ddyaig0b2h","openid":"oPfflwQoE9fr_XN4OyvgDZ2sHTEc","out_trade_no":"127929290120160126211331","result_code":"SUCCESS","return_code":"SUCCESS","sign":"88A3F50EEBA14D44086BC189A0311C9C","time_end":"20160126211337","total_fee":"2880","trade_type":"JSAPI","transaction_id":"1010200707201601262918542211"}
[2016-01-26 21:14:39][debug] begin notify
[2016-01-26 21:14:39][debug] call back:{"appid":"wx9bd85e016d66c1ea","attach":"\u5fae\u652f\u4ed8","bank_type":"CFT","cash_fee":"2880","fee_type":"CNY","is_subscribe":"Y","mch_id":"1279292901","nonce_str":"h5bzsyp9yz76514r0tidr4ddyaig0b2h","openid":"oPfflwQoE9fr_XN4OyvgDZ2sHTEc","out_trade_no":"127929290120160126211331","result_code":"SUCCESS","return_code":"SUCCESS","sign":"88A3F50EEBA14D44086BC189A0311C9C","time_end":"20160126211337","total_fee":"2880","trade_type":"JSAPI","transaction_id":"1010200707201601262918542211"}
[2016-01-26 21:17:41][debug] begin notify
[2016-01-26 21:17:41][debug] call back:{"appid":"wx9bd85e016d66c1ea","attach":"\u5fae\u652f\u4ed8","bank_type":"CFT","cash_fee":"2880","fee_type":"CNY","is_subscribe":"Y","mch_id":"1279292901","nonce_str":"h5bzsyp9yz76514r0tidr4ddyaig0b2h","openid":"oPfflwQoE9fr_XN4OyvgDZ2sHTEc","out_trade_no":"127929290120160126211331","result_code":"SUCCESS","return_code":"SUCCESS","sign":"88A3F50EEBA14D44086BC189A0311C9C","time_end":"20160126211337","total_fee":"2880","trade_type":"JSAPI","transaction_id":"1010200707201601262918542211"}
[2016-01-26 21:47:43][debug] begin notify
[2016-01-26 21:47:43][debug] call back:{"appid":"wx9bd85e016d66c1ea","attach":"\u5fae\u652f\u4ed8","bank_type":"CFT","cash_fee":"2880","fee_type":"CNY","is_subscribe":"Y","mch_id":"1279292901","nonce_str":"h5bzsyp9yz76514r0tidr4ddyaig0b2h","openid":"oPfflwQoE9fr_XN4OyvgDZ2sHTEc","out_trade_no":"127929290120160126211331","result_code":"SUCCESS","return_code":"SUCCESS","sign":"88A3F50EEBA14D44086BC189A0311C9C","time_end":"20160126211337","total_fee":"2880","trade_type":"JSAPI","transaction_id":"1010200707201601262918542211"}
[2016-01-26 22:17:45][debug] begin notify
[2016-01-26 22:17:45][debug] call back:{"appid":"wx9bd85e016d66c1ea","attach":"\u5fae\u652f\u4ed8","bank_type":"CFT","cash_fee":"2880","fee_type":"CNY","is_subscribe":"Y","mch_id":"1279292901","nonce_str":"h5bzsyp9yz76514r0tidr4ddyaig0b2h","openid":"oPfflwQoE9fr_XN4OyvgDZ2sHTEc","out_trade_no":"127929290120160126211331","result_code":"SUCCESS","return_code":"SUCCESS","sign":"88A3F50EEBA14D44086BC189A0311C9C","time_end":"20160126211337","total_fee":"2880","trade_type":"JSAPI","transaction_id":"1010200707201601262918542211"}
[2016-01-26 22:47:48][debug] begin notify
[2016-01-26 22:47:48][debug] call back:{"appid":"wx9bd85e016d66c1ea","attach":"\u5fae\u652f\u4ed8","bank_type":"CFT","cash_fee":"2880","fee_type":"CNY","is_subscribe":"Y","mch_id":"1279292901","nonce_str":"h5bzsyp9yz76514r0tidr4ddyaig0b2h","openid":"oPfflwQoE9fr_XN4OyvgDZ2sHTEc","out_trade_no":"127929290120160126211331","result_code":"SUCCESS","return_code":"SUCCESS","sign":"88A3F50EEBA14D44086BC189A0311C9C","time_end":"20160126211337","total_fee":"2880","trade_type":"JSAPI","transaction_id":"1010200707201601262918542211"}
[2016-01-26 23:17:49][debug] begin notify
[2016-01-26 23:17:49][debug] call back:{"appid":"wx9bd85e016d66c1ea","attach":"\u5fae\u652f\u4ed8","bank_type":"CFT","cash_fee":"2880","fee_type":"CNY","is_subscribe":"Y","mch_id":"1279292901","nonce_str":"h5bzsyp9yz76514r0tidr4ddyaig0b2h","openid":"oPfflwQoE9fr_XN4OyvgDZ2sHTEc","out_trade_no":"127929290120160126211331","result_code":"SUCCESS","return_code":"SUCCESS","sign":"88A3F50EEBA14D44086BC189A0311C9C","time_end":"20160126211337","total_fee":"2880","trade_type":"JSAPI","transaction_id":"1010200707201601262918542211"}
