[2016-01-13 20:31:03][debug] begin notify
[2016-01-13 20:31:03][debug] call back:{"appid":"wx9bd85e016d66c1ea","attach":"\u5fae\u652f\u4ed8","bank_type":"COMM_DEBIT","cash_fee":"2970","fee_type":"CNY","is_subscribe":"Y","mch_id":"1279292901","nonce_str":"1qjdkykmgs59fim4ulufzpai24ehcl9i","openid":"oPfflwdRTmouz2CoPYtXz9ExqQ8A","out_trade_no":"127929290120160113203054","result_code":"SUCCESS","return_code":"SUCCESS","sign":"3B5839772BB6121563BBDBC658DB7FB4","time_end":"20160113203101","total_fee":"2970","trade_type":"JSAPI","transaction_id":"1003120707201601132681954862"}
[2016-01-13 20:31:04][debug] query:{"appid":"wx9bd85e016d66c1ea","attach":"\u5fae\u652f\u4ed8","bank_type":"COMM_DEBIT","cash_fee":"2970","fee_type":"CNY","is_subscribe":"Y","mch_id":"1279292901","nonce_str":"FKwX5JmrBHaXnzHH","openid":"oPfflwdRTmouz2CoPYtXz9ExqQ8A","out_trade_no":"127929290120160113203054","result_code":"SUCCESS","return_code":"SUCCESS","return_msg":"OK","sign":"6166E38935B0F918CFC87EB380625BB4","time_end":"20160113203101","total_fee":"2970","trade_state":"SUCCESS","trade_type":"JSAPI","transaction_id":"1003120707201601132681954862"}
[2016-01-13 20:31:04][debug] out_trade_no:127929290120160113203054
[2016-01-13 20:31:04][debug] query:{"appid":"wx9bd85e016d66c1ea","err_code":"TRANSACTION_ID_INVALID","err_code_des":"\u8ba2\u5355\u53f7\u975e\u6cd5","mch_id":"1279292901","nonce_str":"dzrjT2C3FCEXHvKJ","result_code":"FAIL","return_code":"SUCCESS","return_msg":"OK","sign":"0613282BB398C9ABD70B9A816C0E7EAD"}
[2016-01-13 20:31:16][debug] begin notify
[2016-01-13 20:31:16][debug] call back:{"appid":"wx9bd85e016d66c1ea","attach":"\u5fae\u652f\u4ed8","bank_type":"COMM_DEBIT","cash_fee":"2970","fee_type":"CNY","is_subscribe":"Y","mch_id":"1279292901","nonce_str":"1qjdkykmgs59fim4ulufzpai24ehcl9i","openid":"oPfflwdRTmouz2CoPYtXz9ExqQ8A","out_trade_no":"127929290120160113203054","result_code":"SUCCESS","return_code":"SUCCESS","sign":"3B5839772BB6121563BBDBC658DB7FB4","time_end":"20160113203101","total_fee":"2970","trade_type":"JSAPI","transaction_id":"1003120707201601132681954862"}
[2016-01-13 20:31:32][debug] begin notify
[2016-01-13 20:31:32][debug] call back:{"appid":"wx9bd85e016d66c1ea","attach":"\u5fae\u652f\u4ed8","bank_type":"COMM_DEBIT","cash_fee":"2970","fee_type":"CNY","is_subscribe":"Y","mch_id":"1279292901","nonce_str":"1qjdkykmgs59fim4ulufzpai24ehcl9i","openid":"oPfflwdRTmouz2CoPYtXz9ExqQ8A","out_trade_no":"127929290120160113203054","result_code":"SUCCESS","return_code":"SUCCESS","sign":"3B5839772BB6121563BBDBC658DB7FB4","time_end":"20160113203101","total_fee":"2970","trade_type":"JSAPI","transaction_id":"1003120707201601132681954862"}
[2016-01-13 20:32:04][debug] begin notify
[2016-01-13 20:32:04][debug] call back:{"appid":"wx9bd85e016d66c1ea","attach":"\u5fae\u652f\u4ed8","bank_type":"COMM_DEBIT","cash_fee":"2970","fee_type":"CNY","is_subscribe":"Y","mch_id":"1279292901","nonce_str":"1qjdkykmgs59fim4ulufzpai24ehcl9i","openid":"oPfflwdRTmouz2CoPYtXz9ExqQ8A","out_trade_no":"127929290120160113203054","result_code":"SUCCESS","return_code":"SUCCESS","sign":"3B5839772BB6121563BBDBC658DB7FB4","time_end":"20160113203101","total_fee":"2970","trade_type":"JSAPI","transaction_id":"1003120707201601132681954862"}
[2016-01-13 20:35:08][debug] begin notify
[2016-01-13 20:35:08][debug] call back:{"appid":"wx9bd85e016d66c1ea","attach":"\u5fae\u652f\u4ed8","bank_type":"COMM_DEBIT","cash_fee":"2970","fee_type":"CNY","is_subscribe":"Y","mch_id":"1279292901","nonce_str":"1qjdkykmgs59fim4ulufzpai24ehcl9i","openid":"oPfflwdRTmouz2CoPYtXz9ExqQ8A","out_trade_no":"127929290120160113203054","result_code":"SUCCESS","return_code":"SUCCESS","sign":"3B5839772BB6121563BBDBC658DB7FB4","time_end":"20160113203101","total_fee":"2970","trade_type":"JSAPI","transaction_id":"1003120707201601132681954862"}
[2016-01-13 21:05:11][debug] begin notify
[2016-01-13 21:05:11][debug] call back:{"appid":"wx9bd85e016d66c1ea","attach":"\u5fae\u652f\u4ed8","bank_type":"COMM_DEBIT","cash_fee":"2970","fee_type":"CNY","is_subscribe":"Y","mch_id":"1279292901","nonce_str":"1qjdkykmgs59fim4ulufzpai24ehcl9i","openid":"oPfflwdRTmouz2CoPYtXz9ExqQ8A","out_trade_no":"127929290120160113203054","result_code":"SUCCESS","return_code":"SUCCESS","sign":"3B5839772BB6121563BBDBC658DB7FB4","time_end":"20160113203101","total_fee":"2970","trade_type":"JSAPI","transaction_id":"1003120707201601132681954862"}
[2016-01-13 21:35:14][debug] begin notify
[2016-01-13 21:35:14][debug] call back:{"appid":"wx9bd85e016d66c1ea","attach":"\u5fae\u652f\u4ed8","bank_type":"COMM_DEBIT","cash_fee":"2970","fee_type":"CNY","is_subscribe":"Y","mch_id":"1279292901","nonce_str":"1qjdkykmgs59fim4ulufzpai24ehcl9i","openid":"oPfflwdRTmouz2CoPYtXz9ExqQ8A","out_trade_no":"127929290120160113203054","result_code":"SUCCESS","return_code":"SUCCESS","sign":"3B5839772BB6121563BBDBC658DB7FB4","time_end":"20160113203101","total_fee":"2970","trade_type":"JSAPI","transaction_id":"1003120707201601132681954862"}
[2016-01-13 22:05:18][debug] begin notify
[2016-01-13 22:05:18][debug] call back:{"appid":"wx9bd85e016d66c1ea","attach":"\u5fae\u652f\u4ed8","bank_type":"COMM_DEBIT","cash_fee":"2970","fee_type":"CNY","is_subscribe":"Y","mch_id":"1279292901","nonce_str":"1qjdkykmgs59fim4ulufzpai24ehcl9i","openid":"oPfflwdRTmouz2CoPYtXz9ExqQ8A","out_trade_no":"127929290120160113203054","result_code":"SUCCESS","return_code":"SUCCESS","sign":"3B5839772BB6121563BBDBC658DB7FB4","time_end":"20160113203101","total_fee":"2970","trade_type":"JSAPI","transaction_id":"1003120707201601132681954862"}
[2016-01-13 22:35:20][debug] begin notify
[2016-01-13 22:35:20][debug] call back:{"appid":"wx9bd85e016d66c1ea","attach":"\u5fae\u652f\u4ed8","bank_type":"COMM_DEBIT","cash_fee":"2970","fee_type":"CNY","is_subscribe":"Y","mch_id":"1279292901","nonce_str":"1qjdkykmgs59fim4ulufzpai24ehcl9i","openid":"oPfflwdRTmouz2CoPYtXz9ExqQ8A","out_trade_no":"127929290120160113203054","result_code":"SUCCESS","return_code":"SUCCESS","sign":"3B5839772BB6121563BBDBC658DB7FB4","time_end":"20160113203101","total_fee":"2970","trade_type":"JSAPI","transaction_id":"1003120707201601132681954862"}
[2016-01-13 23:35:23][debug] begin notify
[2016-01-13 23:35:23][debug] call back:{"appid":"wx9bd85e016d66c1ea","attach":"\u5fae\u652f\u4ed8","bank_type":"COMM_DEBIT","cash_fee":"2970","fee_type":"CNY","is_subscribe":"Y","mch_id":"1279292901","nonce_str":"1qjdkykmgs59fim4ulufzpai24ehcl9i","openid":"oPfflwdRTmouz2CoPYtXz9ExqQ8A","out_trade_no":"127929290120160113203054","result_code":"SUCCESS","return_code":"SUCCESS","sign":"3B5839772BB6121563BBDBC658DB7FB4","time_end":"20160113203101","total_fee":"2970","trade_type":"JSAPI","transaction_id":"1003120707201601132681954862"}
